{"total": {"lines":{"total":9020,"covered":52,"skipped":0,"pct":0.57},"statements":{"total":9430,"covered":52,"skipped":0,"pct":0.55},"functions":{"total":2050,"covered":6,"skipped":0,"pct":0.29},"branches":{"total":4282,"covered":13,"skipped":0,"pct":0.3},"branchesTrue":{"total":0,"covered":0,"skipped":0,"pct":100}}
,"D:\\venera\\cardano\\X150-Valkyrie\\src\\components\\AnimatedSplashScreen.tsx": {"lines":{"total":28,"covered":0,"skipped":0,"pct":0},"functions":{"total":10,"covered":0,"skipped":0,"pct":0},"statements":{"total":29,"covered":0,"skipped":0,"pct":0},"branches":{"total":2,"covered":0,"skipped":0,"pct":0}}
,"D:\\venera\\cardano\\X150-Valkyrie\\src\\components\\CyberpunkButton.tsx": {"lines":{"total":29,"covered":0,"skipped":0,"pct":0},"functions":{"total":5,"covered":0,"skipped":0,"pct":0},"statements":{"total":30,"covered":0,"skipped":0,"pct":0},"branches":{"total":42,"covered":0,"skipped":0,"pct":0}}
,"D:\\venera\\cardano\\X150-Valkyrie\\src\\components\\CyberpunkCard.tsx": {"lines":{"total":24,"covered":0,"skipped":0,"pct":0},"functions":{"total":4,"covered":0,"skipped":0,"pct":0},"statements":{"total":24,"covered":0,"skipped":0,"pct":0},"branches":{"total":16,"covered":0,"skipped":0,"pct":0}}
,"D:\\venera\\cardano\\X150-Valkyrie\\src\\components\\CyberpunkInput.tsx": {"lines":{"total":26,"covered":0,"skipped":0,"pct":0},"functions":{"total":6,"covered":0,"skipped":0,"pct":0},"statements":{"total":26,"covered":0,"skipped":0,"pct":0},"branches":{"total":47,"covered":0,"skipped":0,"pct":0}}
,"D:\\venera\\cardano\\X150-Valkyrie\\src\\components\\CyberpunkModal.tsx": {"lines":{"total":30,"covered":0,"skipped":0,"pct":0},"functions":{"total":5,"covered":0,"skipped":0,"pct":0},"statements":{"total":30,"covered":0,"skipped":0,"pct":0},"branches":{"total":29,"covered":0,"skipped":0,"pct":0}}
,"D:\\venera\\cardano\\X150-Valkyrie\\src\\components\\FeatureItem.tsx": {"lines":{"total":29,"covered":0,"skipped":0,"pct":0},"functions":{"total":7,"covered":0,"skipped":0,"pct":0},"statements":{"total":30,"covered":0,"skipped":0,"pct":0},"branches":{"total":28,"covered":0,"skipped":0,"pct":0}}
,"D:\\venera\\cardano\\X150-Valkyrie\\src\\components\\LoadingOverlay.tsx": {"lines":{"total":21,"covered":0,"skipped":0,"pct":0},"functions":{"total":6,"covered":0,"skipped":0,"pct":0},"statements":{"total":24,"covered":0,"skipped":0,"pct":0},"branches":{"total":28,"covered":0,"skipped":0,"pct":0}}
,"D:\\venera\\cardano\\X150-Valkyrie\\src\\components\\LoadingSpinner.tsx": {"lines":{"total":45,"covered":0,"skipped":0,"pct":0},"functions":{"total":14,"covered":0,"skipped":0,"pct":0},"statements":{"total":48,"covered":0,"skipped":0,"pct":0},"branches":{"total":24,"covered":0,"skipped":0,"pct":0}}
,"D:\\venera\\cardano\\X150-Valkyrie\\src\\components\\QRCodeScanner.tsx": {"lines":{"total":14,"covered":0,"skipped":0,"pct":0},"functions":{"total":4,"covered":0,"skipped":0,"pct":0},"statements":{"total":15,"covered":0,"skipped":0,"pct":0},"branches":{"total":6,"covered":0,"skipped":0,"pct":0}}
,"D:\\venera\\cardano\\X150-Valkyrie\\src\\components\\SkeletonLoader.tsx": {"lines":{"total":40,"covered":0,"skipped":0,"pct":0},"functions":{"total":14,"covered":0,"skipped":0,"pct":0},"statements":{"total":41,"covered":0,"skipped":0,"pct":0},"branches":{"total":27,"covered":0,"skipped":0,"pct":0}}
,"D:\\venera\\cardano\\X150-Valkyrie\\src\\components\\ToastNotification.tsx": {"lines":{"total":30,"covered":0,"skipped":0,"pct":0},"functions":{"total":8,"covered":0,"skipped":0,"pct":0},"statements":{"total":32,"covered":0,"skipped":0,"pct":0},"branches":{"total":14,"covered":0,"skipped":0,"pct":0}}
,"D:\\venera\\cardano\\X150-Valkyrie\\src\\components\\index.ts": {"lines":{"total":0,"covered":0,"skipped":0,"pct":0},"functions":{"total":0,"covered":0,"skipped":0,"pct":0},"statements":{"total":0,"covered":0,"skipped":0,"pct":0},"branches":{"total":0,"covered":0,"skipped":0,"pct":0}}
,"D:\\venera\\cardano\\X150-Valkyrie\\src\\components\\ui\\AppButton.tsx": {"lines":{"total":5,"covered":0,"skipped":0,"pct":0},"functions":{"total":1,"covered":0,"skipped":0,"pct":0},"statements":{"total":5,"covered":0,"skipped":0,"pct":0},"branches":{"total":13,"covered":0,"skipped":0,"pct":0}}
,"D:\\venera\\cardano\\X150-Valkyrie\\src\\components\\ui\\AppText.tsx": {"lines":{"total":3,"covered":0,"skipped":0,"pct":0},"functions":{"total":1,"covered":0,"skipped":0,"pct":0},"statements":{"total":3,"covered":0,"skipped":0,"pct":0},"branches":{"total":4,"covered":0,"skipped":0,"pct":0}}
,"D:\\venera\\cardano\\X150-Valkyrie\\src\\components\\ui\\Card.tsx": {"lines":{"total":3,"covered":0,"skipped":0,"pct":0},"functions":{"total":1,"covered":0,"skipped":0,"pct":0},"statements":{"total":3,"covered":0,"skipped":0,"pct":0},"branches":{"total":6,"covered":0,"skipped":0,"pct":0}}
,"D:\\venera\\cardano\\X150-Valkyrie\\src\\components\\ui\\Container.tsx": {"lines":{"total":2,"covered":0,"skipped":0,"pct":0},"functions":{"total":1,"covered":0,"skipped":0,"pct":0},"statements":{"total":2,"covered":0,"skipped":0,"pct":0},"branches":{"total":11,"covered":0,"skipped":0,"pct":0}}
,"D:\\venera\\cardano\\X150-Valkyrie\\src\\components\\ui\\GradientButton.tsx": {"lines":{"total":4,"covered":0,"skipped":0,"pct":0},"functions":{"total":1,"covered":0,"skipped":0,"pct":0},"statements":{"total":4,"covered":0,"skipped":0,"pct":0},"branches":{"total":4,"covered":0,"skipped":0,"pct":0}}
,"D:\\venera\\cardano\\X150-Valkyrie\\src\\components\\ui\\ResponsiveGrid.tsx": {"lines":{"total":5,"covered":0,"skipped":0,"pct":0},"functions":{"total":2,"covered":0,"skipped":0,"pct":0},"statements":{"total":5,"covered":0,"skipped":0,"pct":0},"branches":{"total":2,"covered":0,"skipped":0,"pct":0}}
,"D:\\venera\\cardano\\X150-Valkyrie\\src\\config\\Environment.ts": {"lines":{"total":33,"covered":0,"skipped":0,"pct":0},"functions":{"total":11,"covered":0,"skipped":0,"pct":0},"statements":{"total":33,"covered":0,"skipped":0,"pct":0},"branches":{"total":62,"covered":0,"skipped":0,"pct":0}}
,"D:\\venera\\cardano\\X150-Valkyrie\\src\\constants\\ConfigConstants.ts": {"lines":{"total":36,"covered":15,"skipped":0,"pct":41.66},"functions":{"total":4,"covered":0,"skipped":0,"pct":0},"statements":{"total":39,"covered":15,"skipped":0,"pct":38.46},"branches":{"total":18,"covered":0,"skipped":0,"pct":0}}
,"D:\\venera\\cardano\\X150-Valkyrie\\src\\constants\\CryptoConstants.ts": {"lines":{"total":26,"covered":11,"skipped":0,"pct":42.3},"functions":{"total":3,"covered":0,"skipped":0,"pct":0},"statements":{"total":29,"covered":11,"skipped":0,"pct":37.93},"branches":{"total":21,"covered":0,"skipped":0,"pct":0}}
,"D:\\venera\\cardano\\X150-Valkyrie\\src\\contexts\\ToastContext.tsx": {"lines":{"total":24,"covered":0,"skipped":0,"pct":0},"functions":{"total":8,"covered":0,"skipped":0,"pct":0},"statements":{"total":25,"covered":0,"skipped":0,"pct":0},"branches":{"total":9,"covered":0,"skipped":0,"pct":0}}
,"D:\\venera\\cardano\\X150-Valkyrie\\src\\core\\di\\DIInitializer.ts": {"lines":{"total":98,"covered":0,"skipped":0,"pct":0},"functions":{"total":15,"covered":0,"skipped":0,"pct":0},"statements":{"total":102,"covered":0,"skipped":0,"pct":0},"branches":{"total":47,"covered":0,"skipped":0,"pct":0}}
,"D:\\venera\\cardano\\X150-Valkyrie\\src\\core\\di\\ServiceConfiguration.ts": {"lines":{"total":120,"covered":0,"skipped":0,"pct":0},"functions":{"total":54,"covered":0,"skipped":0,"pct":0},"statements":{"total":125,"covered":0,"skipped":0,"pct":0},"branches":{"total":4,"covered":0,"skipped":0,"pct":0}}
,"D:\\venera\\cardano\\X150-Valkyrie\\src\\core\\di\\ServiceContainer.ts": {"lines":{"total":142,"covered":0,"skipped":0,"pct":0},"functions":{"total":25,"covered":0,"skipped":0,"pct":0},"statements":{"total":142,"covered":0,"skipped":0,"pct":0},"branches":{"total":66,"covered":0,"skipped":0,"pct":0}}
,"D:\\venera\\cardano\\X150-Valkyrie\\src\\core\\di\\ServiceTokens.ts": {"lines":{"total":34,"covered":0,"skipped":0,"pct":0},"functions":{"total":12,"covered":0,"skipped":0,"pct":0},"statements":{"total":34,"covered":0,"skipped":0,"pct":0},"branches":{"total":4,"covered":0,"skipped":0,"pct":0}}
,"D:\\venera\\cardano\\X150-Valkyrie\\src\\core\\di\\index.ts": {"lines":{"total":98,"covered":0,"skipped":0,"pct":0},"functions":{"total":53,"covered":0,"skipped":0,"pct":0},"statements":{"total":99,"covered":0,"skipped":0,"pct":0},"branches":{"total":24,"covered":0,"skipped":0,"pct":0}}
,"D:\\venera\\cardano\\X150-Valkyrie\\src\\core\\errors\\AppError.ts": {"lines":{"total":104,"covered":0,"skipped":0,"pct":0},"functions":{"total":27,"covered":0,"skipped":0,"pct":0},"statements":{"total":104,"covered":0,"skipped":0,"pct":0},"branches":{"total":49,"covered":0,"skipped":0,"pct":0}}
,"D:\\venera\\cardano\\X150-Valkyrie\\src\\core\\errors\\EnhancedErrorHandler.ts": {"lines":{"total":144,"covered":0,"skipped":0,"pct":0},"functions":{"total":37,"covered":0,"skipped":0,"pct":0},"statements":{"total":149,"covered":0,"skipped":0,"pct":0},"branches":{"total":82,"covered":0,"skipped":0,"pct":0}}
,"D:\\venera\\cardano\\X150-Valkyrie\\src\\core\\errors\\ErrorHandlers.ts": {"lines":{"total":149,"covered":0,"skipped":0,"pct":0},"functions":{"total":43,"covered":0,"skipped":0,"pct":0},"statements":{"total":155,"covered":0,"skipped":0,"pct":0},"branches":{"total":91,"covered":0,"skipped":0,"pct":0}}
,"D:\\venera\\cardano\\X150-Valkyrie\\src\\core\\errors\\ErrorTypes.ts": {"lines":{"total":34,"covered":0,"skipped":0,"pct":0},"functions":{"total":14,"covered":0,"skipped":0,"pct":0},"statements":{"total":36,"covered":0,"skipped":0,"pct":0},"branches":{"total":16,"covered":0,"skipped":0,"pct":0}}
,"D:\\venera\\cardano\\X150-Valkyrie\\src\\core\\errors\\index.ts": {"lines":{"total":52,"covered":0,"skipped":0,"pct":0},"functions":{"total":42,"covered":0,"skipped":0,"pct":0},"statements":{"total":52,"covered":0,"skipped":0,"pct":0},"branches":{"total":15,"covered":0,"skipped":0,"pct":0}}
,"D:\\venera\\cardano\\X150-Valkyrie\\src\\navigation\\MainTabs.tsx": {"lines":{"total":7,"covered":0,"skipped":0,"pct":0},"functions":{"total":4,"covered":0,"skipped":0,"pct":0},"statements":{"total":7,"covered":0,"skipped":0,"pct":0},"branches":{"total":2,"covered":0,"skipped":0,"pct":0}}
,"D:\\venera\\cardano\\X150-Valkyrie\\src\\screens\\BackupWalletScreen.tsx": {"lines":{"total":55,"covered":0,"skipped":0,"pct":0},"functions":{"total":10,"covered":0,"skipped":0,"pct":0},"statements":{"total":55,"covered":0,"skipped":0,"pct":0},"branches":{"total":6,"covered":0,"skipped":0,"pct":0}}
,"D:\\venera\\cardano\\X150-Valkyrie\\src\\screens\\DeFiStakingScreen.tsx": {"lines":{"total":116,"covered":0,"skipped":0,"pct":0},"functions":{"total":29,"covered":0,"skipped":0,"pct":0},"statements":{"total":119,"covered":0,"skipped":0,"pct":0},"branches":{"total":78,"covered":0,"skipped":0,"pct":0}}
,"D:\\venera\\cardano\\X150-Valkyrie\\src\\screens\\GuardianRecoveryScreen.tsx": {"lines":{"total":66,"covered":0,"skipped":0,"pct":0},"functions":{"total":15,"covered":0,"skipped":0,"pct":0},"statements":{"total":79,"covered":0,"skipped":0,"pct":0},"branches":{"total":44,"covered":0,"skipped":0,"pct":0}}
,"D:\\venera\\cardano\\X150-Valkyrie\\src\\screens\\MultiSignatureScreen.tsx": {"lines":{"total":91,"covered":0,"skipped":0,"pct":0},"functions":{"total":23,"covered":0,"skipped":0,"pct":0},"statements":{"total":92,"covered":0,"skipped":0,"pct":0},"branches":{"total":33,"covered":0,"skipped":0,"pct":0}}
,"D:\\venera\\cardano\\X150-Valkyrie\\src\\screens\\NFTGalleryScreen.tsx": {"lines":{"total":79,"covered":0,"skipped":0,"pct":0},"functions":{"total":21,"covered":0,"skipped":0,"pct":0},"statements":{"total":81,"covered":0,"skipped":0,"pct":0},"branches":{"total":42,"covered":0,"skipped":0,"pct":0}}
,"D:\\venera\\cardano\\X150-Valkyrie\\src\\screens\\NameServiceManagerScreen.tsx": {"lines":{"total":42,"covered":0,"skipped":0,"pct":0},"functions":{"total":17,"covered":0,"skipped":0,"pct":0},"statements":{"total":57,"covered":0,"skipped":0,"pct":0},"branches":{"total":20,"covered":0,"skipped":0,"pct":0}}
,"D:\\venera\\cardano\\X150-Valkyrie\\src\\screens\\OfflineTransactionScreen.tsx": {"lines":{"total":126,"covered":0,"skipped":0,"pct":0},"functions":{"total":25,"covered":0,"skipped":0,"pct":0},"statements":{"total":134,"covered":0,"skipped":0,"pct":0},"branches":{"total":50,"covered":0,"skipped":0,"pct":0}}
,"D:\\venera\\cardano\\X150-Valkyrie\\src\\screens\\PortfolioAnalyticsScreen.tsx": {"lines":{"total":71,"covered":0,"skipped":0,"pct":0},"functions":{"total":21,"covered":0,"skipped":0,"pct":0},"statements":{"total":71,"covered":0,"skipped":0,"pct":0},"branches":{"total":64,"covered":0,"skipped":0,"pct":0}}
,"D:\\venera\\cardano\\X150-Valkyrie\\src\\screens\\ReceiveScreen.tsx": {"lines":{"total":49,"covered":0,"skipped":0,"pct":0},"functions":{"total":8,"covered":0,"skipped":0,"pct":0},"statements":{"total":49,"covered":0,"skipped":0,"pct":0},"branches":{"total":29,"covered":0,"skipped":0,"pct":0}}
,"D:\\venera\\cardano\\X150-Valkyrie\\src\\screens\\RestoreWalletScreen.tsx": {"lines":{"total":79,"covered":0,"skipped":0,"pct":0},"functions":{"total":13,"covered":0,"skipped":0,"pct":0},"statements":{"total":82,"covered":0,"skipped":0,"pct":0},"branches":{"total":42,"covered":0,"skipped":0,"pct":0}}
,"D:\\venera\\cardano\\X150-Valkyrie\\src\\screens\\SendTransactionScreen.tsx": {"lines":{"total":228,"covered":0,"skipped":0,"pct":0},"functions":{"total":36,"covered":0,"skipped":0,"pct":0},"statements":{"total":251,"covered":0,"skipped":0,"pct":0},"branches":{"total":123,"covered":0,"skipped":0,"pct":0}}
,"D:\\venera\\cardano\\X150-Valkyrie\\src\\screens\\SettingsScreen.tsx": {"lines":{"total":174,"covered":0,"skipped":0,"pct":0},"functions":{"total":45,"covered":0,"skipped":0,"pct":0},"statements":{"total":181,"covered":0,"skipped":0,"pct":0},"branches":{"total":87,"covered":0,"skipped":0,"pct":0}}
,"D:\\venera\\cardano\\X150-Valkyrie\\src\\screens\\SetupWalletScreen.tsx": {"lines":{"total":135,"covered":0,"skipped":0,"pct":0},"functions":{"total":17,"covered":0,"skipped":0,"pct":0},"statements":{"total":139,"covered":0,"skipped":0,"pct":0},"branches":{"total":46,"covered":0,"skipped":0,"pct":0}}
,"D:\\venera\\cardano\\X150-Valkyrie\\src\\screens\\SubmitResultScreen.tsx": {"lines":{"total":12,"covered":0,"skipped":0,"pct":0},"functions":{"total":4,"covered":0,"skipped":0,"pct":0},"statements":{"total":12,"covered":0,"skipped":0,"pct":0},"branches":{"total":6,"covered":0,"skipped":0,"pct":0}}
,"D:\\venera\\cardano\\X150-Valkyrie\\src\\screens\\TransactionHistoryScreen.tsx": {"lines":{"total":106,"covered":0,"skipped":0,"pct":0},"functions":{"total":27,"covered":0,"skipped":0,"pct":0},"statements":{"total":110,"covered":0,"skipped":0,"pct":0},"branches":{"total":74,"covered":0,"skipped":0,"pct":0}}
,"D:\\venera\\cardano\\X150-Valkyrie\\src\\screens\\TransactionPreviewModal.tsx": {"lines":{"total":13,"covered":0,"skipped":0,"pct":0},"functions":{"total":3,"covered":0,"skipped":0,"pct":0},"statements":{"total":14,"covered":0,"skipped":0,"pct":0},"branches":{"total":24,"covered":0,"skipped":0,"pct":0}}
,"D:\\venera\\cardano\\X150-Valkyrie\\src\\screens\\TransformedMnemonicScreen.tsx": {"lines":{"total":82,"covered":0,"skipped":0,"pct":0},"functions":{"total":14,"covered":0,"skipped":0,"pct":0},"statements":{"total":82,"covered":0,"skipped":0,"pct":0},"branches":{"total":20,"covered":0,"skipped":0,"pct":0}}
,"D:\\venera\\cardano\\X150-Valkyrie\\src\\screens\\WalletHomeScreen.tsx": {"lines":{"total":76,"covered":0,"skipped":0,"pct":0},"functions":{"total":22,"covered":0,"skipped":0,"pct":0},"statements":{"total":81,"covered":0,"skipped":0,"pct":0},"branches":{"total":35,"covered":0,"skipped":0,"pct":0}}
,"D:\\venera\\cardano\\X150-Valkyrie\\src\\screens\\WelcomeScreen.tsx": {"lines":{"total":96,"covered":0,"skipped":0,"pct":0},"functions":{"total":9,"covered":0,"skipped":0,"pct":0},"statements":{"total":96,"covered":0,"skipped":0,"pct":0},"branches":{"total":29,"covered":0,"skipped":0,"pct":0}}
,"D:\\venera\\cardano\\X150-Valkyrie\\src\\services\\AddressResolverService.ts": {"lines":{"total":62,"covered":0,"skipped":0,"pct":0},"functions":{"total":9,"covered":0,"skipped":0,"pct":0},"statements":{"total":65,"covered":0,"skipped":0,"pct":0},"branches":{"total":50,"covered":0,"skipped":0,"pct":0}}
,"D:\\venera\\cardano\\X150-Valkyrie\\src\\services\\BiometricService.ts": {"lines":{"total":145,"covered":0,"skipped":0,"pct":0},"functions":{"total":19,"covered":0,"skipped":0,"pct":0},"statements":{"total":150,"covered":0,"skipped":0,"pct":0},"branches":{"total":109,"covered":0,"skipped":0,"pct":0}}
,"D:\\venera\\cardano\\X150-Valkyrie\\src\\services\\BluetoothTransferService.ts": {"lines":{"total":29,"covered":0,"skipped":0,"pct":0},"functions":{"total":21,"covered":0,"skipped":0,"pct":0},"statements":{"total":30,"covered":0,"skipped":0,"pct":0},"branches":{"total":2,"covered":0,"skipped":0,"pct":0}}
,"D:\\venera\\cardano\\X150-Valkyrie\\src\\services\\CardanoAPIService.ts": {"lines":{"total":170,"covered":0,"skipped":0,"pct":0},"functions":{"total":46,"covered":0,"skipped":0,"pct":0},"statements":{"total":174,"covered":0,"skipped":0,"pct":0},"branches":{"total":68,"covered":0,"skipped":0,"pct":0}}
,"D:\\venera\\cardano\\X150-Valkyrie\\src\\services\\CardanoWalletService.ts": {"lines":{"total":68,"covered":0,"skipped":0,"pct":0},"functions":{"total":22,"covered":0,"skipped":0,"pct":0},"statements":{"total":72,"covered":0,"skipped":0,"pct":0},"branches":{"total":31,"covered":0,"skipped":0,"pct":0}}
,"D:\\venera\\cardano\\X150-Valkyrie\\src\\services\\CertificatePinningService.ts": {"lines":{"total":231,"covered":0,"skipped":0,"pct":0},"functions":{"total":41,"covered":0,"skipped":0,"pct":0},"statements":{"total":237,"covered":0,"skipped":0,"pct":0},"branches":{"total":109,"covered":0,"skipped":0,"pct":0}}
,"D:\\venera\\cardano\\X150-Valkyrie\\src\\services\\ConfigurationService.ts": {"lines":{"total":162,"covered":0,"skipped":0,"pct":0},"functions":{"total":25,"covered":0,"skipped":0,"pct":0},"statements":{"total":172,"covered":0,"skipped":0,"pct":0},"branches":{"total":121,"covered":0,"skipped":0,"pct":0}}
,"D:\\venera\\cardano\\X150-Valkyrie\\src\\services\\DeFiStakingService.ts": {"lines":{"total":200,"covered":0,"skipped":0,"pct":0},"functions":{"total":39,"covered":0,"skipped":0,"pct":0},"statements":{"total":203,"covered":0,"skipped":0,"pct":0},"branches":{"total":71,"covered":0,"skipped":0,"pct":0}}
,"D:\\venera\\cardano\\X150-Valkyrie\\src\\services\\ErrorHandler.ts": {"lines":{"total":107,"covered":0,"skipped":0,"pct":0},"functions":{"total":28,"covered":0,"skipped":0,"pct":0},"statements":{"total":109,"covered":0,"skipped":0,"pct":0},"branches":{"total":61,"covered":0,"skipped":0,"pct":0}}
,"D:\\venera\\cardano\\X150-Valkyrie\\src\\services\\EventBus.ts": {"lines":{"total":29,"covered":6,"skipped":0,"pct":20.68},"functions":{"total":10,"covered":2,"skipped":0,"pct":20},"statements":{"total":29,"covered":6,"skipped":0,"pct":20.68},"branches":{"total":14,"covered":1,"skipped":0,"pct":7.14}}
,"D:\\venera\\cardano\\X150-Valkyrie\\src\\services\\GuardianKeyService.ts": {"lines":{"total":33,"covered":0,"skipped":0,"pct":0},"functions":{"total":4,"covered":0,"skipped":0,"pct":0},"statements":{"total":38,"covered":0,"skipped":0,"pct":0},"branches":{"total":32,"covered":0,"skipped":0,"pct":0}}
,"D:\\venera\\cardano\\X150-Valkyrie\\src\\services\\GuardianRecoveryService.ts": {"lines":{"total":52,"covered":0,"skipped":0,"pct":0},"functions":{"total":12,"covered":0,"skipped":0,"pct":0},"statements":{"total":59,"covered":0,"skipped":0,"pct":0},"branches":{"total":36,"covered":0,"skipped":0,"pct":0}}
,"D:\\venera\\cardano\\X150-Valkyrie\\src\\services\\MerchantIdentityService.ts": {"lines":{"total":31,"covered":0,"skipped":0,"pct":0},"functions":{"total":5,"covered":0,"skipped":0,"pct":0},"statements":{"total":38,"covered":0,"skipped":0,"pct":0},"branches":{"total":26,"covered":0,"skipped":0,"pct":0}}
,"D:\\venera\\cardano\\X150-Valkyrie\\src\\services\\MnemonicEncryptionService.ts": {"lines":{"total":64,"covered":0,"skipped":0,"pct":0},"functions":{"total":7,"covered":0,"skipped":0,"pct":0},"statements":{"total":66,"covered":0,"skipped":0,"pct":0},"branches":{"total":19,"covered":0,"skipped":0,"pct":0}}
,"D:\\venera\\cardano\\X150-Valkyrie\\src\\services\\MnemonicTransformService.ts": {"lines":{"total":74,"covered":0,"skipped":0,"pct":0},"functions":{"total":7,"covered":0,"skipped":0,"pct":0},"statements":{"total":79,"covered":0,"skipped":0,"pct":0},"branches":{"total":18,"covered":0,"skipped":0,"pct":0}}
,"D:\\venera\\cardano\\X150-Valkyrie\\src\\services\\MultiSignatureService.ts": {"lines":{"total":161,"covered":0,"skipped":0,"pct":0},"functions":{"total":32,"covered":0,"skipped":0,"pct":0},"statements":{"total":172,"covered":0,"skipped":0,"pct":0},"branches":{"total":57,"covered":0,"skipped":0,"pct":0}}
,"D:\\venera\\cardano\\X150-Valkyrie\\src\\services\\NFCService.ts": {"lines":{"total":91,"covered":0,"skipped":0,"pct":0},"functions":{"total":16,"covered":0,"skipped":0,"pct":0},"statements":{"total":105,"covered":0,"skipped":0,"pct":0},"branches":{"total":52,"covered":0,"skipped":0,"pct":0}}
,"D:\\venera\\cardano\\X150-Valkyrie\\src\\services\\NFTManagementService.ts": {"lines":{"total":144,"covered":0,"skipped":0,"pct":0},"functions":{"total":31,"covered":0,"skipped":0,"pct":0},"statements":{"total":153,"covered":0,"skipped":0,"pct":0},"branches":{"total":62,"covered":0,"skipped":0,"pct":0}}
,"D:\\venera\\cardano\\X150-Valkyrie\\src\\services\\NetworkService.ts": {"lines":{"total":135,"covered":0,"skipped":0,"pct":0},"functions":{"total":35,"covered":0,"skipped":0,"pct":0},"statements":{"total":141,"covered":0,"skipped":0,"pct":0},"branches":{"total":89,"covered":0,"skipped":0,"pct":0}}
,"D:\\venera\\cardano\\X150-Valkyrie\\src\\services\\OfflineTransactionService.ts": {"lines":{"total":184,"covered":0,"skipped":0,"pct":0},"functions":{"total":30,"covered":0,"skipped":0,"pct":0},"statements":{"total":193,"covered":0,"skipped":0,"pct":0},"branches":{"total":63,"covered":0,"skipped":0,"pct":0}}
,"D:\\venera\\cardano\\X150-Valkyrie\\src\\services\\PerformanceMonitor.ts": {"lines":{"total":49,"covered":0,"skipped":0,"pct":0},"functions":{"total":18,"covered":0,"skipped":0,"pct":0},"statements":{"total":58,"covered":0,"skipped":0,"pct":0},"branches":{"total":34,"covered":0,"skipped":0,"pct":0}}
,"D:\\venera\\cardano\\X150-Valkyrie\\src\\services\\PortfolioAnalyticsService.ts": {"lines":{"total":28,"covered":0,"skipped":0,"pct":0},"functions":{"total":18,"covered":0,"skipped":0,"pct":0},"statements":{"total":28,"covered":0,"skipped":0,"pct":0},"branches":{"total":44,"covered":0,"skipped":0,"pct":0}}
,"D:\\venera\\cardano\\X150-Valkyrie\\src\\services\\SecureIdentityService.ts": {"lines":{"total":56,"covered":0,"skipped":0,"pct":0},"functions":{"total":11,"covered":0,"skipped":0,"pct":0},"statements":{"total":59,"covered":0,"skipped":0,"pct":0},"branches":{"total":34,"covered":0,"skipped":0,"pct":0}}
,"D:\\venera\\cardano\\X150-Valkyrie\\src\\services\\SecureTransferService.ts": {"lines":{"total":98,"covered":0,"skipped":0,"pct":0},"functions":{"total":23,"covered":0,"skipped":0,"pct":0},"statements":{"total":114,"covered":0,"skipped":0,"pct":0},"branches":{"total":55,"covered":0,"skipped":0,"pct":0}}
,"D:\\venera\\cardano\\X150-Valkyrie\\src\\services\\WalletDataService.ts": {"lines":{"total":161,"covered":0,"skipped":0,"pct":0},"functions":{"total":25,"covered":0,"skipped":0,"pct":0},"statements":{"total":169,"covered":0,"skipped":0,"pct":0},"branches":{"total":107,"covered":0,"skipped":0,"pct":0}}
,"D:\\venera\\cardano\\X150-Valkyrie\\src\\services\\WalletStateService.ts": {"lines":{"total":18,"covered":0,"skipped":0,"pct":0},"functions":{"total":10,"covered":0,"skipped":0,"pct":0},"statements":{"total":22,"covered":0,"skipped":0,"pct":0},"branches":{"total":8,"covered":0,"skipped":0,"pct":0}}
,"D:\\venera\\cardano\\X150-Valkyrie\\src\\services\\index.ts": {"lines":{"total":0,"covered":0,"skipped":0,"pct":0},"functions":{"total":0,"covered":0,"skipped":0,"pct":0},"statements":{"total":0,"covered":0,"skipped":0,"pct":0},"branches":{"total":0,"covered":0,"skipped":0,"pct":0}}
,"D:\\venera\\cardano\\X150-Valkyrie\\src\\services\\bluetooth\\BLEConnectionManager.ts": {"lines":{"total":124,"covered":0,"skipped":0,"pct":0},"functions":{"total":22,"covered":0,"skipped":0,"pct":0},"statements":{"total":127,"covered":0,"skipped":0,"pct":0},"branches":{"total":31,"covered":0,"skipped":0,"pct":0}}
,"D:\\venera\\cardano\\X150-Valkyrie\\src\\services\\bluetooth\\BLEDataTransfer.ts": {"lines":{"total":147,"covered":0,"skipped":0,"pct":0},"functions":{"total":20,"covered":0,"skipped":0,"pct":0},"statements":{"total":151,"covered":0,"skipped":0,"pct":0},"branches":{"total":36,"covered":0,"skipped":0,"pct":0}}
,"D:\\venera\\cardano\\X150-Valkyrie\\src\\services\\bluetooth\\BLEDeviceManager.ts": {"lines":{"total":134,"covered":0,"skipped":0,"pct":0},"functions":{"total":33,"covered":0,"skipped":0,"pct":0},"statements":{"total":134,"covered":0,"skipped":0,"pct":0},"branches":{"total":43,"covered":0,"skipped":0,"pct":0}}
,"D:\\venera\\cardano\\X150-Valkyrie\\src\\services\\bluetooth\\BluetoothTransactionService.ts": {"lines":{"total":249,"covered":0,"skipped":0,"pct":0},"functions":{"total":31,"covered":0,"skipped":0,"pct":0},"statements":{"total":250,"covered":0,"skipped":0,"pct":0},"branches":{"total":93,"covered":0,"skipped":0,"pct":0}}
,"D:\\venera\\cardano\\X150-Valkyrie\\src\\services\\cache\\ApiResponseCache.ts": {"lines":{"total":122,"covered":0,"skipped":0,"pct":0},"functions":{"total":28,"covered":0,"skipped":0,"pct":0},"statements":{"total":124,"covered":0,"skipped":0,"pct":0},"branches":{"total":56,"covered":0,"skipped":0,"pct":0}}
,"D:\\venera\\cardano\\X150-Valkyrie\\src\\services\\cache\\PortfolioDataCache.ts": {"lines":{"total":169,"covered":0,"skipped":0,"pct":0},"functions":{"total":40,"covered":0,"skipped":0,"pct":0},"statements":{"total":174,"covered":0,"skipped":0,"pct":0},"branches":{"total":44,"covered":0,"skipped":0,"pct":0}}
,"D:\\venera\\cardano\\X150-Valkyrie\\src\\services\\cache\\WalletDataCache.ts": {"lines":{"total":164,"covered":0,"skipped":0,"pct":0},"functions":{"total":36,"covered":0,"skipped":0,"pct":0},"statements":{"total":167,"covered":0,"skipped":0,"pct":0},"branches":{"total":42,"covered":0,"skipped":0,"pct":0}}
,"D:\\venera\\cardano\\X150-Valkyrie\\src\\services\\cache\\index.ts": {"lines":{"total":68,"covered":0,"skipped":0,"pct":0},"functions":{"total":30,"covered":0,"skipped":0,"pct":0},"statements":{"total":70,"covered":0,"skipped":0,"pct":0},"branches":{"total":20,"covered":0,"skipped":0,"pct":0}}
,"D:\\venera\\cardano\\X150-Valkyrie\\src\\services\\portfolio\\AnalyticsEngineService.ts": {"lines":{"total":296,"covered":0,"skipped":0,"pct":0},"functions":{"total":88,"covered":0,"skipped":0,"pct":0},"statements":{"total":325,"covered":0,"skipped":0,"pct":0},"branches":{"total":106,"covered":0,"skipped":0,"pct":0}}
,"D:\\venera\\cardano\\X150-Valkyrie\\src\\services\\portfolio\\AssetPriceService.ts": {"lines":{"total":162,"covered":0,"skipped":0,"pct":0},"functions":{"total":24,"covered":0,"skipped":0,"pct":0},"statements":{"total":168,"covered":0,"skipped":0,"pct":0},"branches":{"total":67,"covered":0,"skipped":0,"pct":0}}
,"D:\\venera\\cardano\\X150-Valkyrie\\src\\services\\portfolio\\PortfolioCalculationService.ts": {"lines":{"total":185,"covered":0,"skipped":0,"pct":0},"functions":{"total":26,"covered":0,"skipped":0,"pct":0},"statements":{"total":196,"covered":0,"skipped":0,"pct":0},"branches":{"total":51,"covered":0,"skipped":0,"pct":0}}
,"D:\\venera\\cardano\\X150-Valkyrie\\src\\services\\portfolio\\PortfolioService.ts": {"lines":{"total":171,"covered":0,"skipped":0,"pct":0},"functions":{"total":38,"covered":0,"skipped":0,"pct":0},"statements":{"total":183,"covered":0,"skipped":0,"pct":0},"branches":{"total":75,"covered":0,"skipped":0,"pct":0}}
,"D:\\venera\\cardano\\X150-Valkyrie\\src\\services\\wallet\\AccountManager.ts": {"lines":{"total":142,"covered":0,"skipped":0,"pct":0},"functions":{"total":25,"covered":0,"skipped":0,"pct":0},"statements":{"total":147,"covered":0,"skipped":0,"pct":0},"branches":{"total":61,"covered":0,"skipped":0,"pct":0}}
,"D:\\venera\\cardano\\X150-Valkyrie\\src\\services\\wallet\\TransactionBuilder.ts": {"lines":{"total":208,"covered":0,"skipped":0,"pct":0},"functions":{"total":23,"covered":0,"skipped":0,"pct":0},"statements":{"total":215,"covered":0,"skipped":0,"pct":0},"branches":{"total":84,"covered":0,"skipped":0,"pct":0}}
,"D:\\venera\\cardano\\X150-Valkyrie\\src\\services\\wallet\\WalletKeyManager.ts": {"lines":{"total":94,"covered":0,"skipped":0,"pct":0},"functions":{"total":15,"covered":0,"skipped":0,"pct":0},"statements":{"total":94,"covered":0,"skipped":0,"pct":0},"branches":{"total":36,"covered":0,"skipped":0,"pct":0}}
,"D:\\venera\\cardano\\X150-Valkyrie\\src\\services\\wallet\\WalletService.ts": {"lines":{"total":47,"covered":0,"skipped":0,"pct":0},"functions":{"total":28,"covered":0,"skipped":0,"pct":0},"statements":{"total":47,"covered":0,"skipped":0,"pct":0},"branches":{"total":21,"covered":0,"skipped":0,"pct":0}}
,"D:\\venera\\cardano\\X150-Valkyrie\\src\\theme\\tokens.ts": {"lines":{"total":6,"covered":0,"skipped":0,"pct":0},"functions":{"total":0,"covered":0,"skipped":0,"pct":100},"statements":{"total":6,"covered":0,"skipped":0,"pct":0},"branches":{"total":0,"covered":0,"skipped":0,"pct":100}}
,"D:\\venera\\cardano\\X150-Valkyrie\\src\\utils\\CSLProvider.ts": {"lines":{"total":14,"covered":0,"skipped":0,"pct":0},"functions":{"total":4,"covered":0,"skipped":0,"pct":0},"statements":{"total":14,"covered":0,"skipped":0,"pct":0},"branches":{"total":2,"covered":0,"skipped":0,"pct":0}}
,"D:\\venera\\cardano\\X150-Valkyrie\\src\\utils\\CryptoUtils.ts": {"lines":{"total":78,"covered":20,"skipped":0,"pct":25.64},"functions":{"total":14,"covered":4,"skipped":0,"pct":28.57},"statements":{"total":80,"covered":20,"skipped":0,"pct":25},"branches":{"total":40,"covered":12,"skipped":0,"pct":30}}
,"D:\\venera\\cardano\\X150-Valkyrie\\src\\utils\\DynamicImports.ts": {"lines":{"total":80,"covered":0,"skipped":0,"pct":0},"functions":{"total":30,"covered":0,"skipped":0,"pct":0},"statements":{"total":87,"covered":0,"skipped":0,"pct":0},"branches":{"total":42,"covered":0,"skipped":0,"pct":0}}
,"D:\\venera\\cardano\\X150-Valkyrie\\src\\utils\\IntelligentCache.ts": {"lines":{"total":238,"covered":0,"skipped":0,"pct":0},"functions":{"total":42,"covered":0,"skipped":0,"pct":0},"statements":{"total":250,"covered":0,"skipped":0,"pct":0},"branches":{"total":128,"covered":0,"skipped":0,"pct":0}}
,"D:\\venera\\cardano\\X150-Valkyrie\\src\\utils\\LazyLoader.ts": {"lines":{"total":119,"covered":0,"skipped":0,"pct":0},"functions":{"total":28,"covered":0,"skipped":0,"pct":0},"statements":{"total":122,"covered":0,"skipped":0,"pct":0},"branches":{"total":14,"covered":0,"skipped":0,"pct":0}}
,"D:\\venera\\cardano\\X150-Valkyrie\\src\\utils\\Logger.ts": {"lines":{"total":30,"covered":0,"skipped":0,"pct":0},"functions":{"total":9,"covered":0,"skipped":0,"pct":0},"statements":{"total":31,"covered":0,"skipped":0,"pct":0},"branches":{"total":16,"covered":0,"skipped":0,"pct":0}}
,"D:\\venera\\cardano\\X150-Valkyrie\\src\\utils\\MemoryOptimizer.ts": {"lines":{"total":165,"covered":0,"skipped":0,"pct":0},"functions":{"total":44,"covered":0,"skipped":0,"pct":0},"statements":{"total":169,"covered":0,"skipped":0,"pct":0},"branches":{"total":65,"covered":0,"skipped":0,"pct":0}}
,"D:\\venera\\cardano\\X150-Valkyrie\\src\\utils\\MemoryUtils.ts": {"lines":{"total":51,"covered":0,"skipped":0,"pct":0},"functions":{"total":13,"covered":0,"skipped":0,"pct":0},"statements":{"total":57,"covered":0,"skipped":0,"pct":0},"branches":{"total":44,"covered":0,"skipped":0,"pct":0}}
,"D:\\venera\\cardano\\X150-Valkyrie\\src\\utils\\withMemoryOptimization.tsx": {"lines":{"total":40,"covered":0,"skipped":0,"pct":0},"functions":{"total":14,"covered":0,"skipped":0,"pct":0},"statements":{"total":40,"covered":0,"skipped":0,"pct":0},"branches":{"total":28,"covered":0,"skipped":0,"pct":0}}
}
