{"D:\\venera\\cardano\\X150-Valkyrie\\src\\components\\AnimatedSplashScreen.tsx": {"path":"D:\\venera\\cardano\\X150-Valkyrie\\src\\components\\AnimatedSplashScreen.tsx","statementMap":{"0":{"start":{"line":17,"column":26},"end":{"line":17,"column":50}},"1":{"start":{"line":19,"column":66},"end":{"line":232,"column":1}},"2":{"start":{"line":22,"column":20},"end":{"line":22,"column":59}},"3":{"start":{"line":23,"column":22},"end":{"line":23,"column":59}},"4":{"start":{"line":24,"column":23},"end":{"line":24,"column":60}},"5":{"start":{"line":25,"column":26},"end":{"line":25,"column":64}},"6":{"start":{"line":26,"column":26},"end":{"line":26,"column":63}},"7":{"start":{"line":27,"column":22},"end":{"line":27,"column":59}},"8":{"start":{"line":28,"column":27},"end":{"line":28,"column":70}},"9":{"start":{"line":29,"column":26},"end":{"line":29,"column":63}},"10":{"start":{"line":31,"column":2},"end":{"line":33,"column":9}},"11":{"start":{"line":32,"column":4},"end":{"line":32,"column":27}},"12":{"start":{"line":35,"column":31},"end":{"line":112,"column":3}},"13":{"start":{"line":37,"column":4},"end":{"line":50,"column":14}},"14":{"start":{"line":53,"column":4},"end":{"line":111,"column":7}},"15":{"start":{"line":108,"column":6},"end":{"line":110,"column":7}},"16":{"start":{"line":109,"column":8},"end":{"line":109,"column":30}},"17":{"start":{"line":114,"column":2},"end":{"line":231,"column":4}},"18":{"start":{"line":132,"column":10},"end":{"line":132,"column":118}},"19":{"start":{"line":135,"column":10},"end":{"line":135,"column":115}},"20":{"start":{"line":234,"column":62},"end":{"line":254,"column":1}},"21":{"start":{"line":235,"column":18},"end":{"line":235,"column":55}},"22":{"start":{"line":237,"column":2},"end":{"line":247,"column":14}},"23":{"start":{"line":238,"column":18},"end":{"line":244,"column":13}},"24":{"start":{"line":239,"column":6},"end":{"line":243,"column":17}},"25":{"start":{"line":246,"column":4},"end":{"line":246,"column":37}},"26":{"start":{"line":246,"column":17},"end":{"line":246,"column":36}},"27":{"start":{"line":249,"column":2},"end":{"line":253,"column":4}},"28":{"start":{"line":256,"column":15},"end":{"line":429,"column":2}}},"fnMap":{"0":{"name":"(anonymous_0)","decl":{"start":{"line":19,"column":66},"end":{"line":19,"column":67}},"loc":{"start":{"line":21,"column":6},"end":{"line":232,"column":1}},"line":21},"1":{"name":"(anonymous_1)","decl":{"start":{"line":31,"column":12},"end":{"line":31,"column":13}},"loc":{"start":{"line":31,"column":18},"end":{"line":33,"column":3}},"line":31},"2":{"name":"(anonymous_2)","decl":{"start":{"line":35,"column":31},"end":{"line":35,"column":32}},"loc":{"start":{"line":35,"column":37},"end":{"line":112,"column":3}},"line":35},"3":{"name":"(anonymous_3)","decl":{"start":{"line":107,"column":13},"end":{"line":107,"column":14}},"loc":{"start":{"line":107,"column":19},"end":{"line":111,"column":5}},"line":107},"4":{"name":"(anonymous_4)","decl":{"start":{"line":131,"column":40},"end":{"line":131,"column":41}},"loc":{"start":{"line":132,"column":10},"end":{"line":132,"column":118}},"line":132},"5":{"name":"(anonymous_5)","decl":{"start":{"line":134,"column":39},"end":{"line":134,"column":40}},"loc":{"start":{"line":135,"column":10},"end":{"line":135,"column":115}},"line":135},"6":{"name":"(anonymous_6)","decl":{"start":{"line":234,"column":62},"end":{"line":234,"column":63}},"loc":{"start":{"line":234,"column":83},"end":{"line":254,"column":1}},"line":234},"7":{"name":"(anonymous_7)","decl":{"start":{"line":237,"column":12},"end":{"line":237,"column":13}},"loc":{"start":{"line":237,"column":18},"end":{"line":247,"column":3}},"line":237},"8":{"name":"(anonymous_8)","decl":{"start":{"line":238,"column":29},"end":{"line":238,"column":30}},"loc":{"start":{"line":238,"column":35},"end":{"line":244,"column":5}},"line":238},"9":{"name":"(anonymous_9)","decl":{"start":{"line":246,"column":11},"end":{"line":246,"column":12}},"loc":{"start":{"line":246,"column":17},"end":{"line":246,"column":36}},"line":246}},"branchMap":{"0":{"loc":{"start":{"line":108,"column":6},"end":{"line":110,"column":7}},"type":"if","locations":[{"start":{"line":108,"column":6},"end":{"line":110,"column":7}},{"start":{},"end":{}}],"line":108}},"s":{"0":0,"1":0,"2":0,"3":0,"4":0,"5":0,"6":0,"7":0,"8":0,"9":0,"10":0,"11":0,"12":0,"13":0,"14":0,"15":0,"16":0,"17":0,"18":0,"19":0,"20":0,"21":0,"22":0,"23":0,"24":0,"25":0,"26":0,"27":0,"28":0},"f":{"0":0,"1":0,"2":0,"3":0,"4":0,"5":0,"6":0,"7":0,"8":0,"9":0},"b":{"0":[0,0]}}
,"D:\\venera\\cardano\\X150-Valkyrie\\src\\components\\CyberpunkButton.tsx": {"path":"D:\\venera\\cardano\\X150-Valkyrie\\src\\components\\CyberpunkButton.tsx","statementMap":{"0":{"start":{"line":19,"column":56},"end":{"line":151,"column":1}},"1":{"start":{"line":30,"column":22},"end":{"line":40,"column":3}},"2":{"start":{"line":31,"column":4},"end":{"line":31,"column":36}},"3":{"start":{"line":31,"column":29},"end":{"line":31,"column":36}},"4":{"start":{"line":33,"column":4},"end":{"line":37,"column":6}},"5":{"start":{"line":39,"column":4},"end":{"line":39,"column":14}},"6":{"start":{"line":42,"column":28},"end":{"line":59,"column":3}},"7":{"start":{"line":43,"column":4},"end":{"line":45,"column":5}},"8":{"start":{"line":44,"column":6},"end":{"line":44,"column":64}},"9":{"start":{"line":47,"column":4},"end":{"line":58,"column":5}},"10":{"start":{"line":49,"column":8},"end":{"line":49,"column":67}},"11":{"start":{"line":51,"column":8},"end":{"line":51,"column":67}},"12":{"start":{"line":53,"column":8},"end":{"line":53,"column":74}},"13":{"start":{"line":55,"column":8},"end":{"line":55,"column":51}},"14":{"start":{"line":57,"column":8},"end":{"line":57,"column":67}},"15":{"start":{"line":61,"column":23},"end":{"line":72,"column":3}},"16":{"start":{"line":62,"column":4},"end":{"line":71,"column":5}},"17":{"start":{"line":65,"column":8},"end":{"line":65,"column":43}},"18":{"start":{"line":68,"column":8},"end":{"line":68,"column":37}},"19":{"start":{"line":70,"column":8},"end":{"line":70,"column":43}},"20":{"start":{"line":74,"column":24},"end":{"line":101,"column":3}},"21":{"start":{"line":75,"column":4},"end":{"line":100,"column":5}},"22":{"start":{"line":77,"column":8},"end":{"line":81,"column":10}},"23":{"start":{"line":83,"column":8},"end":{"line":87,"column":10}},"24":{"start":{"line":89,"column":8},"end":{"line":93,"column":10}},"25":{"start":{"line":95,"column":8},"end":{"line":99,"column":10}},"26":{"start":{"line":103,"column":21},"end":{"line":103,"column":36}},"27":{"start":{"line":104,"column":20},"end":{"line":104,"column":41}},"28":{"start":{"line":106,"column":2},"end":{"line":150,"column":4}},"29":{"start":{"line":153,"column":15},"end":{"line":193,"column":2}}},"fnMap":{"0":{"name":"(anonymous_0)","decl":{"start":{"line":19,"column":56},"end":{"line":19,"column":57}},"loc":{"start":{"line":29,"column":6},"end":{"line":151,"column":1}},"line":29},"1":{"name":"(anonymous_1)","decl":{"start":{"line":30,"column":22},"end":{"line":30,"column":23}},"loc":{"start":{"line":30,"column":34},"end":{"line":40,"column":3}},"line":30},"2":{"name":"(anonymous_2)","decl":{"start":{"line":42,"column":28},"end":{"line":42,"column":29}},"loc":{"start":{"line":42,"column":44},"end":{"line":59,"column":3}},"line":42},"3":{"name":"(anonymous_3)","decl":{"start":{"line":61,"column":23},"end":{"line":61,"column":24}},"loc":{"start":{"line":61,"column":29},"end":{"line":72,"column":3}},"line":61},"4":{"name":"(anonymous_4)","decl":{"start":{"line":74,"column":24},"end":{"line":74,"column":25}},"loc":{"start":{"line":74,"column":30},"end":{"line":101,"column":3}},"line":74}},"branchMap":{"0":{"loc":{"start":{"line":22,"column":2},"end":{"line":22,"column":21}},"type":"default-arg","locations":[{"start":{"line":22,"column":12},"end":{"line":22,"column":21}}],"line":22},"1":{"loc":{"start":{"line":23,"column":2},"end":{"line":23,"column":17}},"type":"default-arg","locations":[{"start":{"line":23,"column":9},"end":{"line":23,"column":17}}],"line":23},"2":{"loc":{"start":{"line":25,"column":2},"end":{"line":25,"column":18}},"type":"default-arg","locations":[{"start":{"line":25,"column":13},"end":{"line":25,"column":18}}],"line":25},"3":{"loc":{"start":{"line":26,"column":2},"end":{"line":26,"column":17}},"type":"default-arg","locations":[{"start":{"line":26,"column":12},"end":{"line":26,"column":17}}],"line":26},"4":{"loc":{"start":{"line":31,"column":4},"end":{"line":31,"column":36}},"type":"if","locations":[{"start":{"line":31,"column":4},"end":{"line":31,"column":36}},{"start":{},"end":{}}],"line":31},"5":{"loc":{"start":{"line":31,"column":8},"end":{"line":31,"column":27}},"type":"binary-expr","locations":[{"start":{"line":31,"column":8},"end":{"line":31,"column":16}},{"start":{"line":31,"column":20},"end":{"line":31,"column":27}}],"line":31},"6":{"loc":{"start":{"line":34,"column":6},"end":{"line":36,"column":43}},"type":"cond-expr","locations":[{"start":{"line":35,"column":10},"end":{"line":35,"column":44}},{"start":{"line":36,"column":10},"end":{"line":36,"column":43}}],"line":34},"7":{"loc":{"start":{"line":43,"column":4},"end":{"line":45,"column":5}},"type":"if","locations":[{"start":{"line":43,"column":4},"end":{"line":45,"column":5}},{"start":{},"end":{}}],"line":43},"8":{"loc":{"start":{"line":47,"column":4},"end":{"line":58,"column":5}},"type":"switch","locations":[{"start":{"line":48,"column":6},"end":{"line":49,"column":67}},{"start":{"line":50,"column":6},"end":{"line":51,"column":67}},{"start":{"line":52,"column":6},"end":{"line":53,"column":74}},{"start":{"line":54,"column":6},"end":{"line":55,"column":51}},{"start":{"line":56,"column":6},"end":{"line":57,"column":67}}],"line":47},"9":{"loc":{"start":{"line":62,"column":4},"end":{"line":71,"column":5}},"type":"switch","locations":[{"start":{"line":63,"column":6},"end":{"line":63,"column":21}},{"start":{"line":64,"column":6},"end":{"line":65,"column":43}},{"start":{"line":66,"column":6},"end":{"line":66,"column":23}},{"start":{"line":67,"column":6},"end":{"line":68,"column":37}},{"start":{"line":69,"column":6},"end":{"line":70,"column":43}}],"line":62},"10":{"loc":{"start":{"line":75,"column":4},"end":{"line":100,"column":5}},"type":"switch","locations":[{"start":{"line":76,"column":6},"end":{"line":81,"column":10}},{"start":{"line":82,"column":6},"end":{"line":87,"column":10}},{"start":{"line":88,"column":6},"end":{"line":93,"column":10}},{"start":{"line":94,"column":6},"end":{"line":99,"column":10}}],"line":75},"11":{"loc":{"start":{"line":110,"column":8},"end":{"line":110,"column":41}},"type":"binary-expr","locations":[{"start":{"line":110,"column":8},"end":{"line":110,"column":17}},{"start":{"line":110,"column":21},"end":{"line":110,"column":41}}],"line":110},"12":{"loc":{"start":{"line":111,"column":8},"end":{"line":111,"column":53}},"type":"binary-expr","locations":[{"start":{"line":111,"column":8},"end":{"line":111,"column":29}},{"start":{"line":111,"column":33},"end":{"line":111,"column":53}}],"line":111},"13":{"loc":{"start":{"line":112,"column":8},"end":{"line":112,"column":41}},"type":"binary-expr","locations":[{"start":{"line":112,"column":8},"end":{"line":112,"column":16}},{"start":{"line":112,"column":20},"end":{"line":112,"column":41}}],"line":112},"14":{"loc":{"start":{"line":116,"column":16},"end":{"line":116,"column":35}},"type":"binary-expr","locations":[{"start":{"line":116,"column":16},"end":{"line":116,"column":24}},{"start":{"line":116,"column":28},"end":{"line":116,"column":35}}],"line":116},"15":{"loc":{"start":{"line":127,"column":10},"end":{"line":127,"column":45}},"type":"binary-expr","locations":[{"start":{"line":127,"column":10},"end":{"line":127,"column":19}},{"start":{"line":127,"column":23},"end":{"line":127,"column":45}}],"line":127},"16":{"loc":{"start":{"line":130,"column":9},"end":{"line":134,"column":9}},"type":"binary-expr","locations":[{"start":{"line":130,"column":9},"end":{"line":130,"column":13}},{"start":{"line":131,"column":10},"end":{"line":133,"column":17}}],"line":130},"17":{"loc":{"start":{"line":142,"column":12},"end":{"line":142,"column":43}},"type":"binary-expr","locations":[{"start":{"line":142,"column":12},"end":{"line":142,"column":20}},{"start":{"line":142,"column":24},"end":{"line":142,"column":43}}],"line":142},"18":{"loc":{"start":{"line":146,"column":11},"end":{"line":146,"column":41}},"type":"cond-expr","locations":[{"start":{"line":146,"column":21},"end":{"line":146,"column":33}},{"start":{"line":146,"column":36},"end":{"line":146,"column":41}}],"line":146}},"s":{"0":0,"1":0,"2":0,"3":0,"4":0,"5":0,"6":0,"7":0,"8":0,"9":0,"10":0,"11":0,"12":0,"13":0,"14":0,"15":0,"16":0,"17":0,"18":0,"19":0,"20":0,"21":0,"22":0,"23":0,"24":0,"25":0,"26":0,"27":0,"28":0,"29":0},"f":{"0":0,"1":0,"2":0,"3":0,"4":0},"b":{"0":[0],"1":[0],"2":[0],"3":[0],"4":[0,0],"5":[0,0],"6":[0,0],"7":[0,0],"8":[0,0,0,0,0],"9":[0,0,0,0,0],"10":[0,0,0,0],"11":[0,0],"12":[0,0],"13":[0,0],"14":[0,0],"15":[0,0],"16":[0,0],"17":[0,0],"18":[0,0]}}
,"D:\\venera\\cardano\\X150-Valkyrie\\src\\components\\CyberpunkCard.tsx": {"path":"D:\\venera\\cardano\\X150-Valkyrie\\src\\components\\CyberpunkCard.tsx","statementMap":{"0":{"start":{"line":15,"column":52},"end":{"line":112,"column":1}},"1":{"start":{"line":26,"column":27},"end":{"line":39,"column":3}},"2":{"start":{"line":27,"column":4},"end":{"line":38,"column":5}},"3":{"start":{"line":29,"column":8},"end":{"line":29,"column":30}},"4":{"start":{"line":31,"column":8},"end":{"line":31,"column":31}},"5":{"start":{"line":33,"column":8},"end":{"line":33,"column":31}},"6":{"start":{"line":35,"column":8},"end":{"line":35,"column":31}},"7":{"start":{"line":37,"column":8},"end":{"line":37,"column":31}},"8":{"start":{"line":41,"column":27},"end":{"line":72,"column":3}},"9":{"start":{"line":42,"column":22},"end":{"line":46,"column":5}},"10":{"start":{"line":48,"column":4},"end":{"line":71,"column":5}},"11":{"start":{"line":50,"column":8},"end":{"line":55,"column":10}},"12":{"start":{"line":57,"column":8},"end":{"line":65,"column":10}},"13":{"start":{"line":67,"column":8},"end":{"line":70,"column":10}},"14":{"start":{"line":74,"column":28},"end":{"line":79,"column":3}},"15":{"start":{"line":75,"column":4},"end":{"line":77,"column":5}},"16":{"start":{"line":76,"column":6},"end":{"line":76,"column":79}},"17":{"start":{"line":78,"column":4},"end":{"line":78,"column":64}},"18":{"start":{"line":81,"column":24},"end":{"line":81,"column":42}},"19":{"start":{"line":82,"column":24},"end":{"line":82,"column":42}},"20":{"start":{"line":84,"column":2},"end":{"line":98,"column":3}},"21":{"start":{"line":85,"column":4},"end":{"line":97,"column":6}},"22":{"start":{"line":100,"column":2},"end":{"line":111,"column":4}},"23":{"start":{"line":114,"column":15},"end":{"line":118,"column":2}}},"fnMap":{"0":{"name":"(anonymous_0)","decl":{"start":{"line":15,"column":52},"end":{"line":15,"column":53}},"loc":{"start":{"line":25,"column":6},"end":{"line":112,"column":1}},"line":25},"1":{"name":"(anonymous_1)","decl":{"start":{"line":26,"column":27},"end":{"line":26,"column":28}},"loc":{"start":{"line":26,"column":33},"end":{"line":39,"column":3}},"line":26},"2":{"name":"(anonymous_2)","decl":{"start":{"line":41,"column":27},"end":{"line":41,"column":28}},"loc":{"start":{"line":41,"column":33},"end":{"line":72,"column":3}},"line":41},"3":{"name":"(anonymous_3)","decl":{"start":{"line":74,"column":28},"end":{"line":74,"column":29}},"loc":{"start":{"line":74,"column":44},"end":{"line":79,"column":3}},"line":74}},"branchMap":{"0":{"loc":{"start":{"line":17,"column":2},"end":{"line":17,"column":21}},"type":"default-arg","locations":[{"start":{"line":17,"column":12},"end":{"line":17,"column":21}}],"line":17},"1":{"loc":{"start":{"line":18,"column":2},"end":{"line":18,"column":20}},"type":"default-arg","locations":[{"start":{"line":18,"column":12},"end":{"line":18,"column":20}}],"line":18},"2":{"loc":{"start":{"line":20,"column":2},"end":{"line":20,"column":38}},"type":"default-arg","locations":[{"start":{"line":20,"column":14},"end":{"line":20,"column":38}}],"line":20},"3":{"loc":{"start":{"line":21,"column":2},"end":{"line":24,"column":3}},"type":"default-arg","locations":[{"start":{"line":21,"column":19},"end":{"line":24,"column":3}}],"line":21},"4":{"loc":{"start":{"line":27,"column":4},"end":{"line":38,"column":5}},"type":"switch","locations":[{"start":{"line":28,"column":6},"end":{"line":29,"column":30}},{"start":{"line":30,"column":6},"end":{"line":31,"column":31}},{"start":{"line":32,"column":6},"end":{"line":33,"column":31}},{"start":{"line":34,"column":6},"end":{"line":35,"column":31}},{"start":{"line":36,"column":6},"end":{"line":37,"column":31}}],"line":27},"5":{"loc":{"start":{"line":48,"column":4},"end":{"line":71,"column":5}},"type":"switch","locations":[{"start":{"line":49,"column":6},"end":{"line":55,"column":10}},{"start":{"line":56,"column":6},"end":{"line":65,"column":10}},{"start":{"line":66,"column":6},"end":{"line":70,"column":10}}],"line":48},"6":{"loc":{"start":{"line":75,"column":4},"end":{"line":77,"column":5}},"type":"if","locations":[{"start":{"line":75,"column":4},"end":{"line":77,"column":5}},{"start":{},"end":{}}],"line":75},"7":{"loc":{"start":{"line":84,"column":2},"end":{"line":98,"column":3}},"type":"if","locations":[{"start":{"line":84,"column":2},"end":{"line":98,"column":3}},{"start":{},"end":{}}],"line":84}},"s":{"0":0,"1":0,"2":0,"3":0,"4":0,"5":0,"6":0,"7":0,"8":0,"9":0,"10":0,"11":0,"12":0,"13":0,"14":0,"15":0,"16":0,"17":0,"18":0,"19":0,"20":0,"21":0,"22":0,"23":0},"f":{"0":0,"1":0,"2":0,"3":0},"b":{"0":[0],"1":[0],"2":[0],"3":[0],"4":[0,0,0,0,0],"5":[0,0,0],"6":[0,0],"7":[0,0]}}
,"D:\\venera\\cardano\\X150-Valkyrie\\src\\components\\CyberpunkInput.tsx": {"path":"D:\\venera\\cardano\\X150-Valkyrie\\src\\components\\CyberpunkInput.tsx","statementMap":{"0":{"start":{"line":26,"column":54},"end":{"line":189,"column":1}},"1":{"start":{"line":40,"column":52},"end":{"line":40,"column":67}},"2":{"start":{"line":41,"column":36},"end":{"line":41,"column":51}},"3":{"start":{"line":43,"column":24},"end":{"line":74,"column":3}},"4":{"start":{"line":44,"column":4},"end":{"line":73,"column":5}},"5":{"start":{"line":46,"column":8},"end":{"line":51,"column":10}},"6":{"start":{"line":53,"column":8},"end":{"line":58,"column":10}},"7":{"start":{"line":60,"column":8},"end":{"line":65,"column":10}},"8":{"start":{"line":67,"column":8},"end":{"line":72,"column":10}},"9":{"start":{"line":76,"column":27},"end":{"line":115,"column":3}},"10":{"start":{"line":77,"column":22},"end":{"line":80,"column":5}},"11":{"start":{"line":82,"column":4},"end":{"line":114,"column":5}},"12":{"start":{"line":84,"column":8},"end":{"line":93,"column":10}},"13":{"start":{"line":95,"column":8},"end":{"line":103,"column":10}},"14":{"start":{"line":105,"column":8},"end":{"line":113,"column":10}},"15":{"start":{"line":117,"column":21},"end":{"line":117,"column":36}},"16":{"start":{"line":118,"column":24},"end":{"line":118,"column":42}},"17":{"start":{"line":120,"column":31},"end":{"line":122,"column":3}},"18":{"start":{"line":121,"column":4},"end":{"line":121,"column":45}},"19":{"start":{"line":124,"column":32},"end":{"line":126,"column":21}},"20":{"start":{"line":128,"column":26},"end":{"line":130,"column":15}},"21":{"start":{"line":132,"column":33},"end":{"line":134,"column":22}},"22":{"start":{"line":136,"column":2},"end":{"line":188,"column":4}},"23":{"start":{"line":164,"column":25},"end":{"line":164,"column":43}},"24":{"start":{"line":165,"column":24},"end":{"line":165,"column":43}},"25":{"start":{"line":191,"column":15},"end":{"line":243,"column":2}}},"fnMap":{"0":{"name":"(anonymous_0)","decl":{"start":{"line":26,"column":54},"end":{"line":26,"column":55}},"loc":{"start":{"line":39,"column":6},"end":{"line":189,"column":1}},"line":39},"1":{"name":"(anonymous_1)","decl":{"start":{"line":43,"column":24},"end":{"line":43,"column":25}},"loc":{"start":{"line":43,"column":30},"end":{"line":74,"column":3}},"line":43},"2":{"name":"(anonymous_2)","decl":{"start":{"line":76,"column":27},"end":{"line":76,"column":28}},"loc":{"start":{"line":76,"column":33},"end":{"line":115,"column":3}},"line":76},"3":{"name":"(anonymous_3)","decl":{"start":{"line":120,"column":31},"end":{"line":120,"column":32}},"loc":{"start":{"line":120,"column":37},"end":{"line":122,"column":3}},"line":120},"4":{"name":"(anonymous_4)","decl":{"start":{"line":164,"column":19},"end":{"line":164,"column":20}},"loc":{"start":{"line":164,"column":25},"end":{"line":164,"column":43}},"line":164},"5":{"name":"(anonymous_5)","decl":{"start":{"line":165,"column":18},"end":{"line":165,"column":19}},"loc":{"start":{"line":165,"column":24},"end":{"line":165,"column":43}},"line":165}},"branchMap":{"0":{"loc":{"start":{"line":33,"column":2},"end":{"line":33,"column":21}},"type":"default-arg","locations":[{"start":{"line":33,"column":12},"end":{"line":33,"column":21}}],"line":33},"1":{"loc":{"start":{"line":34,"column":2},"end":{"line":34,"column":17}},"type":"default-arg","locations":[{"start":{"line":34,"column":9},"end":{"line":34,"column":17}}],"line":34},"2":{"loc":{"start":{"line":36,"column":2},"end":{"line":36,"column":28}},"type":"default-arg","locations":[{"start":{"line":36,"column":23},"end":{"line":36,"column":28}}],"line":36},"3":{"loc":{"start":{"line":44,"column":4},"end":{"line":73,"column":5}},"type":"switch","locations":[{"start":{"line":45,"column":6},"end":{"line":51,"column":10}},{"start":{"line":52,"column":6},"end":{"line":58,"column":10}},{"start":{"line":59,"column":6},"end":{"line":65,"column":10}},{"start":{"line":66,"column":6},"end":{"line":72,"column":10}}],"line":44},"4":{"loc":{"start":{"line":82,"column":4},"end":{"line":114,"column":5}},"type":"switch","locations":[{"start":{"line":83,"column":6},"end":{"line":93,"column":10}},{"start":{"line":94,"column":6},"end":{"line":103,"column":10}},{"start":{"line":104,"column":6},"end":{"line":113,"column":10}}],"line":82},"5":{"loc":{"start":{"line":87,"column":23},"end":{"line":91,"column":37}},"type":"cond-expr","locations":[{"start":{"line":88,"column":14},"end":{"line":88,"column":38}},{"start":{"line":89,"column":14},"end":{"line":91,"column":37}}],"line":87},"6":{"loc":{"start":{"line":89,"column":14},"end":{"line":91,"column":37}},"type":"cond-expr","locations":[{"start":{"line":90,"column":14},"end":{"line":90,"column":36}},{"start":{"line":91,"column":14},"end":{"line":91,"column":37}}],"line":89},"7":{"loc":{"start":{"line":98,"column":23},"end":{"line":102,"column":38}},"type":"cond-expr","locations":[{"start":{"line":99,"column":14},"end":{"line":99,"column":38}},{"start":{"line":100,"column":14},"end":{"line":102,"column":38}}],"line":98},"8":{"loc":{"start":{"line":100,"column":14},"end":{"line":102,"column":38}},"type":"cond-expr","locations":[{"start":{"line":101,"column":14},"end":{"line":101,"column":36}},{"start":{"line":102,"column":14},"end":{"line":102,"column":38}}],"line":100},"9":{"loc":{"start":{"line":108,"column":23},"end":{"line":112,"column":37}},"type":"cond-expr","locations":[{"start":{"line":109,"column":14},"end":{"line":109,"column":38}},{"start":{"line":110,"column":14},"end":{"line":112,"column":37}}],"line":108},"10":{"loc":{"start":{"line":110,"column":14},"end":{"line":112,"column":37}},"type":"cond-expr","locations":[{"start":{"line":111,"column":14},"end":{"line":111,"column":36}},{"start":{"line":112,"column":14},"end":{"line":112,"column":37}}],"line":110},"11":{"loc":{"start":{"line":124,"column":32},"end":{"line":126,"column":21}},"type":"cond-expr","locations":[{"start":{"line":125,"column":6},"end":{"line":125,"column":24}},{"start":{"line":126,"column":6},"end":{"line":126,"column":21}}],"line":124},"12":{"loc":{"start":{"line":128,"column":26},"end":{"line":130,"column":15}},"type":"cond-expr","locations":[{"start":{"line":129,"column":7},"end":{"line":129,"column":44}},{"start":{"line":130,"column":6},"end":{"line":130,"column":15}}],"line":128},"13":{"loc":{"start":{"line":129,"column":7},"end":{"line":129,"column":44}},"type":"cond-expr","locations":[{"start":{"line":129,"column":27},"end":{"line":129,"column":32}},{"start":{"line":129,"column":35},"end":{"line":129,"column":44}}],"line":129},"14":{"loc":{"start":{"line":132,"column":33},"end":{"line":134,"column":22}},"type":"cond-expr","locations":[{"start":{"line":133,"column":6},"end":{"line":133,"column":26}},{"start":{"line":134,"column":6},"end":{"line":134,"column":22}}],"line":132},"15":{"loc":{"start":{"line":138,"column":7},"end":{"line":142,"column":7}},"type":"binary-expr","locations":[{"start":{"line":138,"column":7},"end":{"line":138,"column":12}},{"start":{"line":139,"column":8},"end":{"line":141,"column":15}}],"line":138},"16":{"loc":{"start":{"line":139,"column":36},"end":{"line":139,"column":73}},"type":"cond-expr","locations":[{"start":{"line":139,"column":44},"end":{"line":139,"column":61}},{"start":{"line":139,"column":64},"end":{"line":139,"column":73}}],"line":139},"17":{"loc":{"start":{"line":145,"column":9},"end":{"line":149,"column":9}},"type":"binary-expr","locations":[{"start":{"line":145,"column":9},"end":{"line":145,"column":17}},{"start":{"line":146,"column":10},"end":{"line":148,"column":17}}],"line":145},"18":{"loc":{"start":{"line":157,"column":33},"end":{"line":157,"column":76}},"type":"cond-expr","locations":[{"start":{"line":157,"column":44},"end":{"line":157,"column":45}},{"start":{"line":157,"column":48},"end":{"line":157,"column":76}}],"line":157},"19":{"loc":{"start":{"line":158,"column":28},"end":{"line":158,"column":78}},"type":"cond-expr","locations":[{"start":{"line":158,"column":46},"end":{"line":158,"column":47}},{"start":{"line":158,"column":50},"end":{"line":158,"column":78}}],"line":158},"20":{"loc":{"start":{"line":169,"column":9},"end":{"line":177,"column":9}},"type":"binary-expr","locations":[{"start":{"line":169,"column":9},"end":{"line":169,"column":24}},{"start":{"line":170,"column":10},"end":{"line":176,"column":29}}],"line":169},"21":{"loc":{"start":{"line":180,"column":7},"end":{"line":182,"column":7}},"type":"binary-expr","locations":[{"start":{"line":180,"column":7},"end":{"line":180,"column":12}},{"start":{"line":181,"column":8},"end":{"line":181,"column":53}}],"line":180},"22":{"loc":{"start":{"line":184,"column":7},"end":{"line":186,"column":7}},"type":"binary-expr","locations":[{"start":{"line":184,"column":7},"end":{"line":184,"column":11}},{"start":{"line":184,"column":15},"end":{"line":184,"column":21}},{"start":{"line":185,"column":8},"end":{"line":185,"column":51}}],"line":184}},"s":{"0":0,"1":0,"2":0,"3":0,"4":0,"5":0,"6":0,"7":0,"8":0,"9":0,"10":0,"11":0,"12":0,"13":0,"14":0,"15":0,"16":0,"17":0,"18":0,"19":0,"20":0,"21":0,"22":0,"23":0,"24":0,"25":0},"f":{"0":0,"1":0,"2":0,"3":0,"4":0,"5":0},"b":{"0":[0],"1":[0],"2":[0],"3":[0,0,0,0],"4":[0,0,0],"5":[0,0],"6":[0,0],"7":[0,0],"8":[0,0],"9":[0,0],"10":[0,0],"11":[0,0],"12":[0,0],"13":[0,0],"14":[0,0],"15":[0,0],"16":[0,0],"17":[0,0],"18":[0,0],"19":[0,0],"20":[0,0],"21":[0,0],"22":[0,0,0]}}
,"D:\\venera\\cardano\\X150-Valkyrie\\src\\components\\CyberpunkModal.tsx": {"path":"D:\\venera\\cardano\\X150-Valkyrie\\src\\components\\CyberpunkModal.tsx","statementMap":{"0":{"start":{"line":28,"column":53},"end":{"line":28,"column":77}},"1":{"start":{"line":30,"column":54},"end":{"line":200,"column":1}},"2":{"start":{"line":40,"column":19},"end":{"line":40,"column":56}},"3":{"start":{"line":41,"column":20},"end":{"line":41,"column":68}},"4":{"start":{"line":42,"column":20},"end":{"line":42,"column":59}},"5":{"start":{"line":44,"column":2},"end":{"line":104,"column":31}},"6":{"start":{"line":45,"column":4},"end":{"line":103,"column":5}},"7":{"start":{"line":46,"column":6},"end":{"line":74,"column":7}},"8":{"start":{"line":47,"column":8},"end":{"line":59,"column":19}},"9":{"start":{"line":60,"column":13},"end":{"line":74,"column":7}},"10":{"start":{"line":61,"column":8},"end":{"line":73,"column":19}},"11":{"start":{"line":76,"column":6},"end":{"line":102,"column":7}},"12":{"start":{"line":77,"column":8},"end":{"line":88,"column":19}},"13":{"start":{"line":89,"column":13},"end":{"line":102,"column":7}},"14":{"start":{"line":90,"column":8},"end":{"line":101,"column":19}},"15":{"start":{"line":106,"column":30},"end":{"line":110,"column":3}},"16":{"start":{"line":107,"column":4},"end":{"line":109,"column":5}},"17":{"start":{"line":108,"column":6},"end":{"line":108,"column":16}},"18":{"start":{"line":112,"column":24},"end":{"line":122,"column":3}},"19":{"start":{"line":113,"column":4},"end":{"line":121,"column":5}},"20":{"start":{"line":115,"column":8},"end":{"line":115,"column":38}},"21":{"start":{"line":117,"column":8},"end":{"line":117,"column":34}},"22":{"start":{"line":120,"column":8},"end":{"line":120,"column":34}},"23":{"start":{"line":124,"column":26},"end":{"line":142,"column":3}},"24":{"start":{"line":125,"column":22},"end":{"line":125,"column":41}},"25":{"start":{"line":127,"column":4},"end":{"line":134,"column":5}},"26":{"start":{"line":128,"column":6},"end":{"line":133,"column":8}},"27":{"start":{"line":136,"column":4},"end":{"line":141,"column":6}},"28":{"start":{"line":144,"column":2},"end":{"line":199,"column":4}},"29":{"start":{"line":202,"column":15},"end":{"line":283,"column":2}}},"fnMap":{"0":{"name":"(anonymous_0)","decl":{"start":{"line":30,"column":54},"end":{"line":30,"column":55}},"loc":{"start":{"line":39,"column":6},"end":{"line":200,"column":1}},"line":39},"1":{"name":"(anonymous_1)","decl":{"start":{"line":44,"column":12},"end":{"line":44,"column":13}},"loc":{"start":{"line":44,"column":18},"end":{"line":104,"column":3}},"line":44},"2":{"name":"(anonymous_2)","decl":{"start":{"line":106,"column":30},"end":{"line":106,"column":31}},"loc":{"start":{"line":106,"column":36},"end":{"line":110,"column":3}},"line":106},"3":{"name":"(anonymous_3)","decl":{"start":{"line":112,"column":24},"end":{"line":112,"column":25}},"loc":{"start":{"line":112,"column":30},"end":{"line":122,"column":3}},"line":112},"4":{"name":"(anonymous_4)","decl":{"start":{"line":124,"column":26},"end":{"line":124,"column":27}},"loc":{"start":{"line":124,"column":32},"end":{"line":142,"column":3}},"line":124}},"branchMap":{"0":{"loc":{"start":{"line":35,"column":2},"end":{"line":35,"column":20}},"type":"default-arg","locations":[{"start":{"line":35,"column":12},"end":{"line":35,"column":20}}],"line":35},"1":{"loc":{"start":{"line":36,"column":2},"end":{"line":36,"column":24}},"type":"default-arg","locations":[{"start":{"line":36,"column":20},"end":{"line":36,"column":24}}],"line":36},"2":{"loc":{"start":{"line":37,"column":2},"end":{"line":37,"column":24}},"type":"default-arg","locations":[{"start":{"line":37,"column":20},"end":{"line":37,"column":24}}],"line":37},"3":{"loc":{"start":{"line":38,"column":2},"end":{"line":38,"column":24}},"type":"default-arg","locations":[{"start":{"line":38,"column":18},"end":{"line":38,"column":24}}],"line":38},"4":{"loc":{"start":{"line":45,"column":4},"end":{"line":103,"column":5}},"type":"if","locations":[{"start":{"line":45,"column":4},"end":{"line":103,"column":5}},{"start":{"line":75,"column":11},"end":{"line":103,"column":5}}],"line":45},"5":{"loc":{"start":{"line":46,"column":6},"end":{"line":74,"column":7}},"type":"if","locations":[{"start":{"line":46,"column":6},"end":{"line":74,"column":7}},{"start":{"line":60,"column":13},"end":{"line":74,"column":7}}],"line":46},"6":{"loc":{"start":{"line":60,"column":13},"end":{"line":74,"column":7}},"type":"if","locations":[{"start":{"line":60,"column":13},"end":{"line":74,"column":7}},{"start":{},"end":{}}],"line":60},"7":{"loc":{"start":{"line":76,"column":6},"end":{"line":102,"column":7}},"type":"if","locations":[{"start":{"line":76,"column":6},"end":{"line":102,"column":7}},{"start":{"line":89,"column":13},"end":{"line":102,"column":7}}],"line":76},"8":{"loc":{"start":{"line":89,"column":13},"end":{"line":102,"column":7}},"type":"if","locations":[{"start":{"line":89,"column":13},"end":{"line":102,"column":7}},{"start":{},"end":{}}],"line":89},"9":{"loc":{"start":{"line":107,"column":4},"end":{"line":109,"column":5}},"type":"if","locations":[{"start":{"line":107,"column":4},"end":{"line":109,"column":5}},{"start":{},"end":{}}],"line":107},"10":{"loc":{"start":{"line":113,"column":4},"end":{"line":121,"column":5}},"type":"switch","locations":[{"start":{"line":114,"column":6},"end":{"line":115,"column":38}},{"start":{"line":116,"column":6},"end":{"line":117,"column":34}},{"start":{"line":118,"column":6},"end":{"line":118,"column":20}},{"start":{"line":119,"column":6},"end":{"line":120,"column":34}}],"line":113},"11":{"loc":{"start":{"line":127,"column":4},"end":{"line":134,"column":5}},"type":"if","locations":[{"start":{"line":127,"column":4},"end":{"line":134,"column":5}},{"start":{},"end":{}}],"line":127},"12":{"loc":{"start":{"line":172,"column":13},"end":{"line":189,"column":13}},"type":"binary-expr","locations":[{"start":{"line":172,"column":14},"end":{"line":172,"column":19}},{"start":{"line":172,"column":23},"end":{"line":172,"column":38}},{"start":{"line":173,"column":14},"end":{"line":188,"column":21}}],"line":172},"13":{"loc":{"start":{"line":175,"column":19},"end":{"line":177,"column":19}},"type":"binary-expr","locations":[{"start":{"line":175,"column":19},"end":{"line":175,"column":24}},{"start":{"line":176,"column":20},"end":{"line":176,"column":61}}],"line":175},"14":{"loc":{"start":{"line":180,"column":17},"end":{"line":187,"column":17}},"type":"binary-expr","locations":[{"start":{"line":180,"column":17},"end":{"line":180,"column":32}},{"start":{"line":181,"column":18},"end":{"line":186,"column":37}}],"line":180}},"s":{"0":0,"1":0,"2":0,"3":0,"4":0,"5":0,"6":0,"7":0,"8":0,"9":0,"10":0,"11":0,"12":0,"13":0,"14":0,"15":0,"16":0,"17":0,"18":0,"19":0,"20":0,"21":0,"22":0,"23":0,"24":0,"25":0,"26":0,"27":0,"28":0,"29":0},"f":{"0":0,"1":0,"2":0,"3":0,"4":0},"b":{"0":[0],"1":[0],"2":[0],"3":[0],"4":[0,0],"5":[0,0],"6":[0,0],"7":[0,0],"8":[0,0],"9":[0,0],"10":[0,0,0,0],"11":[0,0],"12":[0,0,0],"13":[0,0],"14":[0,0]}}
,"D:\\venera\\cardano\\X150-Valkyrie\\src\\components\\FeatureItem.tsx": {"path":"D:\\venera\\cardano\\X150-Valkyrie\\src\\components\\FeatureItem.tsx","statementMap":{"0":{"start":{"line":25,"column":48},"end":{"line":210,"column":1}},"1":{"start":{"line":37,"column":24},"end":{"line":72,"column":3}},"2":{"start":{"line":38,"column":4},"end":{"line":71,"column":5}},"3":{"start":{"line":40,"column":8},"end":{"line":46,"column":10}},"4":{"start":{"line":48,"column":8},"end":{"line":54,"column":10}},"5":{"start":{"line":56,"column":8},"end":{"line":62,"column":10}},"6":{"start":{"line":64,"column":8},"end":{"line":70,"column":10}},"7":{"start":{"line":74,"column":27},"end":{"line":93,"column":3}},"8":{"start":{"line":75,"column":4},"end":{"line":92,"column":5}},"9":{"start":{"line":77,"column":8},"end":{"line":82,"column":10}},"10":{"start":{"line":84,"column":8},"end":{"line":86,"column":10}},"11":{"start":{"line":88,"column":8},"end":{"line":91,"column":10}},"12":{"start":{"line":95,"column":26},"end":{"line":108,"column":3}},"13":{"start":{"line":96,"column":4},"end":{"line":107,"column":5}},"14":{"start":{"line":98,"column":8},"end":{"line":100,"column":10}},"15":{"start":{"line":102,"column":8},"end":{"line":104,"column":10}},"16":{"start":{"line":106,"column":8},"end":{"line":106,"column":18}},"17":{"start":{"line":110,"column":21},"end":{"line":110,"column":36}},"18":{"start":{"line":111,"column":24},"end":{"line":111,"column":42}},"19":{"start":{"line":112,"column":23},"end":{"line":112,"column":40}},"20":{"start":{"line":114,"column":21},"end":{"line":148,"column":3}},"21":{"start":{"line":115,"column":4},"end":{"line":147,"column":11}},"22":{"start":{"line":150,"column":24},"end":{"line":186,"column":3}},"23":{"start":{"line":151,"column":4},"end":{"line":185,"column":11}},"24":{"start":{"line":188,"column":24},"end":{"line":196,"column":3}},"25":{"start":{"line":189,"column":4},"end":{"line":189,"column":46}},"26":{"start":{"line":189,"column":34},"end":{"line":189,"column":46}},"27":{"start":{"line":191,"column":4},"end":{"line":195,"column":6}},"28":{"start":{"line":198,"column":2},"end":{"line":209,"column":4}},"29":{"start":{"line":212,"column":15},"end":{"line":278,"column":2}}},"fnMap":{"0":{"name":"(anonymous_0)","decl":{"start":{"line":25,"column":48},"end":{"line":25,"column":49}},"loc":{"start":{"line":36,"column":6},"end":{"line":210,"column":1}},"line":36},"1":{"name":"(anonymous_1)","decl":{"start":{"line":37,"column":24},"end":{"line":37,"column":25}},"loc":{"start":{"line":37,"column":30},"end":{"line":72,"column":3}},"line":37},"2":{"name":"(anonymous_2)","decl":{"start":{"line":74,"column":27},"end":{"line":74,"column":28}},"loc":{"start":{"line":74,"column":33},"end":{"line":93,"column":3}},"line":74},"3":{"name":"(anonymous_3)","decl":{"start":{"line":95,"column":26},"end":{"line":95,"column":27}},"loc":{"start":{"line":95,"column":32},"end":{"line":108,"column":3}},"line":95},"4":{"name":"(anonymous_4)","decl":{"start":{"line":114,"column":21},"end":{"line":114,"column":22}},"loc":{"start":{"line":115,"column":4},"end":{"line":147,"column":11}},"line":115},"5":{"name":"(anonymous_5)","decl":{"start":{"line":150,"column":24},"end":{"line":150,"column":25}},"loc":{"start":{"line":151,"column":4},"end":{"line":185,"column":11}},"line":151},"6":{"name":"(anonymous_6)","decl":{"start":{"line":188,"column":24},"end":{"line":188,"column":25}},"loc":{"start":{"line":188,"column":30},"end":{"line":196,"column":3}},"line":188}},"branchMap":{"0":{"loc":{"start":{"line":30,"column":2},"end":{"line":30,"column":21}},"type":"default-arg","locations":[{"start":{"line":30,"column":12},"end":{"line":30,"column":21}}],"line":30},"1":{"loc":{"start":{"line":31,"column":2},"end":{"line":31,"column":17}},"type":"default-arg","locations":[{"start":{"line":31,"column":9},"end":{"line":31,"column":17}}],"line":31},"2":{"loc":{"start":{"line":33,"column":2},"end":{"line":33,"column":21}},"type":"default-arg","locations":[{"start":{"line":33,"column":16},"end":{"line":33,"column":21}}],"line":33},"3":{"loc":{"start":{"line":34,"column":2},"end":{"line":34,"column":19}},"type":"default-arg","locations":[{"start":{"line":34,"column":11},"end":{"line":34,"column":19}}],"line":34},"4":{"loc":{"start":{"line":38,"column":4},"end":{"line":71,"column":5}},"type":"switch","locations":[{"start":{"line":39,"column":6},"end":{"line":46,"column":10}},{"start":{"line":47,"column":6},"end":{"line":54,"column":10}},{"start":{"line":55,"column":6},"end":{"line":62,"column":10}},{"start":{"line":63,"column":6},"end":{"line":70,"column":10}}],"line":38},"5":{"loc":{"start":{"line":75,"column":4},"end":{"line":92,"column":5}},"type":"switch","locations":[{"start":{"line":76,"column":6},"end":{"line":82,"column":10}},{"start":{"line":83,"column":6},"end":{"line":86,"column":10}},{"start":{"line":87,"column":6},"end":{"line":91,"column":10}}],"line":75},"6":{"loc":{"start":{"line":96,"column":4},"end":{"line":107,"column":5}},"type":"switch","locations":[{"start":{"line":97,"column":6},"end":{"line":100,"column":10}},{"start":{"line":101,"column":6},"end":{"line":104,"column":10}},{"start":{"line":105,"column":6},"end":{"line":106,"column":18}}],"line":96},"7":{"loc":{"start":{"line":123,"column":8},"end":{"line":123,"column":57}},"type":"binary-expr","locations":[{"start":{"line":123,"column":8},"end":{"line":123,"column":27}},{"start":{"line":123,"column":31},"end":{"line":123,"column":57}}],"line":123},"8":{"loc":{"start":{"line":126,"column":7},"end":{"line":146,"column":7}},"type":"cond-expr","locations":[{"start":{"line":127,"column":8},"end":{"line":141,"column":25}},{"start":{"line":143,"column":8},"end":{"line":145,"column":15}}],"line":126},"9":{"loc":{"start":{"line":163,"column":9},"end":{"line":167,"column":9}},"type":"binary-expr","locations":[{"start":{"line":163,"column":9},"end":{"line":163,"column":14}},{"start":{"line":164,"column":10},"end":{"line":166,"column":17}}],"line":163},"10":{"loc":{"start":{"line":169,"column":9},"end":{"line":173,"column":9}},"type":"binary-expr","locations":[{"start":{"line":169,"column":9},"end":{"line":169,"column":33}},{"start":{"line":170,"column":10},"end":{"line":172,"column":17}}],"line":169},"11":{"loc":{"start":{"line":189,"column":4},"end":{"line":189,"column":46}},"type":"if","locations":[{"start":{"line":189,"column":4},"end":{"line":189,"column":46}},{"start":{},"end":{}}],"line":189},"12":{"loc":{"start":{"line":189,"column":8},"end":{"line":189,"column":32}},"type":"binary-expr","locations":[{"start":{"line":189,"column":8},"end":{"line":189,"column":20}},{"start":{"line":189,"column":24},"end":{"line":189,"column":32}}],"line":189},"13":{"loc":{"start":{"line":202,"column":16},"end":{"line":202,"column":65}},"type":"binary-expr","locations":[{"start":{"line":202,"column":16},"end":{"line":202,"column":37}},{"start":{"line":202,"column":41},"end":{"line":202,"column":65}}],"line":202}},"s":{"0":0,"1":0,"2":0,"3":0,"4":0,"5":0,"6":0,"7":0,"8":0,"9":0,"10":0,"11":0,"12":0,"13":0,"14":0,"15":0,"16":0,"17":0,"18":0,"19":0,"20":0,"21":0,"22":0,"23":0,"24":0,"25":0,"26":0,"27":0,"28":0,"29":0},"f":{"0":0,"1":0,"2":0,"3":0,"4":0,"5":0,"6":0},"b":{"0":[0],"1":[0],"2":[0],"3":[0],"4":[0,0,0,0],"5":[0,0,0],"6":[0,0,0],"7":[0,0],"8":[0,0],"9":[0,0],"10":[0,0],"11":[0,0],"12":[0,0],"13":[0,0]}}
,"D:\\venera\\cardano\\X150-Valkyrie\\src\\components\\LoadingOverlay.tsx": {"path":"D:\\venera\\cardano\\X150-Valkyrie\\src\\components\\LoadingOverlay.tsx","statementMap":{"0":{"start":{"line":24,"column":26},"end":{"line":24,"column":50}},"1":{"start":{"line":26,"column":54},"end":{"line":106,"column":1}},"2":{"start":{"line":35,"column":2},"end":{"line":35,"column":28}},"3":{"start":{"line":35,"column":16},"end":{"line":35,"column":28}},"4":{"start":{"line":37,"column":24},"end":{"line":63,"column":3}},"5":{"start":{"line":38,"column":4},"end":{"line":62,"column":11}},"6":{"start":{"line":65,"column":2},"end":{"line":84,"column":3}},"7":{"start":{"line":66,"column":4},"end":{"line":83,"column":6}},"8":{"start":{"line":86,"column":2},"end":{"line":98,"column":3}},"9":{"start":{"line":87,"column":4},"end":{"line":97,"column":6}},"10":{"start":{"line":101,"column":2},"end":{"line":105,"column":4}},"11":{"start":{"line":113,"column":5},"end":{"line":121,"column":1}},"12":{"start":{"line":114,"column":2},"end":{"line":120,"column":4}},"13":{"start":{"line":126,"column":5},"end":{"line":134,"column":1}},"14":{"start":{"line":127,"column":2},"end":{"line":133,"column":4}},"15":{"start":{"line":139,"column":5},"end":{"line":154,"column":1}},"16":{"start":{"line":140,"column":2},"end":{"line":140,"column":28}},"17":{"start":{"line":140,"column":16},"end":{"line":140,"column":28}},"18":{"start":{"line":142,"column":2},"end":{"line":153,"column":4}},"19":{"start":{"line":160,"column":5},"end":{"line":175,"column":1}},"20":{"start":{"line":161,"column":2},"end":{"line":161,"column":28}},"21":{"start":{"line":161,"column":16},"end":{"line":161,"column":28}},"22":{"start":{"line":163,"column":2},"end":{"line":174,"column":4}},"23":{"start":{"line":177,"column":15},"end":{"line":282,"column":2}}},"fnMap":{"0":{"name":"(anonymous_0)","decl":{"start":{"line":26,"column":54},"end":{"line":26,"column":55}},"loc":{"start":{"line":34,"column":6},"end":{"line":106,"column":1}},"line":34},"1":{"name":"(anonymous_1)","decl":{"start":{"line":37,"column":24},"end":{"line":37,"column":25}},"loc":{"start":{"line":38,"column":4},"end":{"line":62,"column":11}},"line":38},"2":{"name":"(anonymous_2)","decl":{"start":{"line":113,"column":5},"end":{"line":113,"column":6}},"loc":{"start":{"line":114,"column":2},"end":{"line":120,"column":4}},"line":114},"3":{"name":"(anonymous_3)","decl":{"start":{"line":126,"column":5},"end":{"line":126,"column":6}},"loc":{"start":{"line":127,"column":2},"end":{"line":133,"column":4}},"line":127},"4":{"name":"(anonymous_4)","decl":{"start":{"line":139,"column":5},"end":{"line":139,"column":6}},"loc":{"start":{"line":139,"column":49},"end":{"line":154,"column":1}},"line":139},"5":{"name":"(anonymous_5)","decl":{"start":{"line":160,"column":5},"end":{"line":160,"column":6}},"loc":{"start":{"line":160,"column":45},"end":{"line":175,"column":1}},"line":160}},"branchMap":{"0":{"loc":{"start":{"line":28,"column":2},"end":{"line":28,"column":24}},"type":"default-arg","locations":[{"start":{"line":28,"column":12},"end":{"line":28,"column":24}}],"line":28},"1":{"loc":{"start":{"line":29,"column":2},"end":{"line":29,"column":19}},"type":"default-arg","locations":[{"start":{"line":29,"column":12},"end":{"line":29,"column":19}}],"line":29},"2":{"loc":{"start":{"line":30,"column":2},"end":{"line":30,"column":28}},"type":"default-arg","locations":[{"start":{"line":30,"column":19},"end":{"line":30,"column":28}}],"line":30},"3":{"loc":{"start":{"line":31,"column":2},"end":{"line":31,"column":21}},"type":"default-arg","locations":[{"start":{"line":31,"column":16},"end":{"line":31,"column":21}}],"line":31},"4":{"loc":{"start":{"line":35,"column":2},"end":{"line":35,"column":28}},"type":"if","locations":[{"start":{"line":35,"column":2},"end":{"line":35,"column":28}},{"start":{},"end":{}}],"line":35},"5":{"loc":{"start":{"line":52,"column":9},"end":{"line":54,"column":9}},"type":"binary-expr","locations":[{"start":{"line":52,"column":9},"end":{"line":52,"column":16}},{"start":{"line":53,"column":10},"end":{"line":53,"column":59}}],"line":52},"6":{"loc":{"start":{"line":65,"column":2},"end":{"line":84,"column":3}},"type":"if","locations":[{"start":{"line":65,"column":2},"end":{"line":84,"column":3}},{"start":{},"end":{}}],"line":65},"7":{"loc":{"start":{"line":76,"column":12},"end":{"line":76,"column":52}},"type":"binary-expr","locations":[{"start":{"line":76,"column":12},"end":{"line":76,"column":23}},{"start":{"line":76,"column":27},"end":{"line":76,"column":52}}],"line":76},"8":{"loc":{"start":{"line":86,"column":2},"end":{"line":98,"column":3}},"type":"if","locations":[{"start":{"line":86,"column":2},"end":{"line":98,"column":3}},{"start":{},"end":{}}],"line":86},"9":{"loc":{"start":{"line":91,"column":10},"end":{"line":91,"column":50}},"type":"binary-expr","locations":[{"start":{"line":91,"column":10},"end":{"line":91,"column":21}},{"start":{"line":91,"column":25},"end":{"line":91,"column":50}}],"line":91},"10":{"loc":{"start":{"line":113,"column":17},"end":{"line":113,"column":39}},"type":"default-arg","locations":[{"start":{"line":113,"column":27},"end":{"line":113,"column":39}}],"line":113},"11":{"loc":{"start":{"line":126,"column":8},"end":{"line":126,"column":30}},"type":"default-arg","locations":[{"start":{"line":126,"column":18},"end":{"line":126,"column":30}}],"line":126},"12":{"loc":{"start":{"line":139,"column":17},"end":{"line":139,"column":42}},"type":"default-arg","locations":[{"start":{"line":139,"column":27},"end":{"line":139,"column":42}}],"line":139},"13":{"loc":{"start":{"line":140,"column":2},"end":{"line":140,"column":28}},"type":"if","locations":[{"start":{"line":140,"column":2},"end":{"line":140,"column":28}},{"start":{},"end":{}}],"line":140},"14":{"loc":{"start":{"line":149,"column":7},"end":{"line":151,"column":7}},"type":"binary-expr","locations":[{"start":{"line":149,"column":7},"end":{"line":149,"column":14}},{"start":{"line":150,"column":8},"end":{"line":150,"column":62}}],"line":149},"15":{"loc":{"start":{"line":160,"column":17},"end":{"line":160,"column":29}},"type":"default-arg","locations":[{"start":{"line":160,"column":26},"end":{"line":160,"column":29}}],"line":160},"16":{"loc":{"start":{"line":161,"column":2},"end":{"line":161,"column":28}},"type":"if","locations":[{"start":{"line":161,"column":2},"end":{"line":161,"column":28}},{"start":{},"end":{}}],"line":161},"17":{"loc":{"start":{"line":170,"column":7},"end":{"line":172,"column":7}},"type":"binary-expr","locations":[{"start":{"line":170,"column":7},"end":{"line":170,"column":14}},{"start":{"line":171,"column":8},"end":{"line":171,"column":63}}],"line":170}},"s":{"0":0,"1":0,"2":0,"3":0,"4":0,"5":0,"6":0,"7":0,"8":0,"9":0,"10":0,"11":0,"12":0,"13":0,"14":0,"15":0,"16":0,"17":0,"18":0,"19":0,"20":0,"21":0,"22":0,"23":0},"f":{"0":0,"1":0,"2":0,"3":0,"4":0,"5":0},"b":{"0":[0],"1":[0],"2":[0],"3":[0],"4":[0,0],"5":[0,0],"6":[0,0],"7":[0,0],"8":[0,0],"9":[0,0],"10":[0],"11":[0],"12":[0],"13":[0,0],"14":[0,0],"15":[0],"16":[0,0],"17":[0,0]}}
,"D:\\venera\\cardano\\X150-Valkyrie\\src\\components\\LoadingSpinner.tsx": {"path":"D:\\venera\\cardano\\X150-Valkyrie\\src\\components\\LoadingSpinner.tsx","statementMap":{"0":{"start":{"line":22,"column":54},"end":{"line":211,"column":1}},"1":{"start":{"line":29,"column":24},"end":{"line":29,"column":61}},"2":{"start":{"line":30,"column":21},"end":{"line":30,"column":60}},"3":{"start":{"line":31,"column":20},"end":{"line":35,"column":12}},"4":{"start":{"line":37,"column":24},"end":{"line":48,"column":3}},"5":{"start":{"line":38,"column":4},"end":{"line":47,"column":5}},"6":{"start":{"line":40,"column":8},"end":{"line":40,"column":41}},"7":{"start":{"line":42,"column":8},"end":{"line":42,"column":41}},"8":{"start":{"line":44,"column":8},"end":{"line":44,"column":41}},"9":{"start":{"line":46,"column":8},"end":{"line":46,"column":41}},"10":{"start":{"line":50,"column":2},"end":{"line":105,"column":16}},"11":{"start":{"line":51,"column":4},"end":{"line":61,"column":5}},"12":{"start":{"line":52,"column":28},"end":{"line":58,"column":7}},"13":{"start":{"line":59,"column":6},"end":{"line":59,"column":28}},"14":{"start":{"line":60,"column":6},"end":{"line":60,"column":40}},"15":{"start":{"line":60,"column":19},"end":{"line":60,"column":39}},"16":{"start":{"line":63,"column":4},"end":{"line":80,"column":5}},"17":{"start":{"line":64,"column":29},"end":{"line":77,"column":7}},"18":{"start":{"line":78,"column":6},"end":{"line":78,"column":29}},"19":{"start":{"line":79,"column":6},"end":{"line":79,"column":41}},"20":{"start":{"line":79,"column":19},"end":{"line":79,"column":40}},"21":{"start":{"line":82,"column":4},"end":{"line":104,"column":5}},"22":{"start":{"line":83,"column":28},"end":{"line":101,"column":7}},"23":{"start":{"line":87,"column":12},"end":{"line":98,"column":14}},"24":{"start":{"line":102,"column":6},"end":{"line":102,"column":28}},"25":{"start":{"line":103,"column":6},"end":{"line":103,"column":40}},"26":{"start":{"line":103,"column":19},"end":{"line":103,"column":39}},"27":{"start":{"line":107,"column":21},"end":{"line":107,"column":36}},"28":{"start":{"line":109,"column":24},"end":{"line":129,"column":3}},"29":{"start":{"line":110,"column":17},"end":{"line":113,"column":6}},"30":{"start":{"line":115,"column":4},"end":{"line":128,"column":6}},"31":{"start":{"line":131,"column":22},"end":{"line":142,"column":3}},"32":{"start":{"line":132,"column":4},"end":{"line":141,"column":6}},"33":{"start":{"line":144,"column":21},"end":{"line":167,"column":3}},"34":{"start":{"line":145,"column":4},"end":{"line":166,"column":11}},"35":{"start":{"line":147,"column":8},"end":{"line":164,"column":10}},"36":{"start":{"line":169,"column":21},"end":{"line":184,"column":3}},"37":{"start":{"line":170,"column":4},"end":{"line":183,"column":11}},"38":{"start":{"line":172,"column":8},"end":{"line":181,"column":10}},"39":{"start":{"line":186,"column":23},"end":{"line":199,"column":3}},"40":{"start":{"line":187,"column":4},"end":{"line":198,"column":5}},"41":{"start":{"line":189,"column":8},"end":{"line":189,"column":31}},"42":{"start":{"line":191,"column":8},"end":{"line":191,"column":29}},"43":{"start":{"line":193,"column":8},"end":{"line":193,"column":28}},"44":{"start":{"line":195,"column":8},"end":{"line":195,"column":28}},"45":{"start":{"line":197,"column":8},"end":{"line":197,"column":31}},"46":{"start":{"line":201,"column":2},"end":{"line":210,"column":4}},"47":{"start":{"line":213,"column":15},"end":{"line":252,"column":2}}},"fnMap":{"0":{"name":"(anonymous_0)","decl":{"start":{"line":22,"column":54},"end":{"line":22,"column":55}},"loc":{"start":{"line":28,"column":6},"end":{"line":211,"column":1}},"line":28},"1":{"name":"(anonymous_1)","decl":{"start":{"line":37,"column":24},"end":{"line":37,"column":25}},"loc":{"start":{"line":37,"column":30},"end":{"line":48,"column":3}},"line":37},"2":{"name":"(anonymous_2)","decl":{"start":{"line":50,"column":12},"end":{"line":50,"column":13}},"loc":{"start":{"line":50,"column":18},"end":{"line":105,"column":3}},"line":50},"3":{"name":"(anonymous_3)","decl":{"start":{"line":60,"column":13},"end":{"line":60,"column":14}},"loc":{"start":{"line":60,"column":19},"end":{"line":60,"column":39}},"line":60},"4":{"name":"(anonymous_4)","decl":{"start":{"line":79,"column":13},"end":{"line":79,"column":14}},"loc":{"start":{"line":79,"column":19},"end":{"line":79,"column":40}},"line":79},"5":{"name":"(anonymous_5)","decl":{"start":{"line":86,"column":24},"end":{"line":86,"column":25}},"loc":{"start":{"line":87,"column":12},"end":{"line":98,"column":14}},"line":87},"6":{"name":"(anonymous_6)","decl":{"start":{"line":103,"column":13},"end":{"line":103,"column":14}},"loc":{"start":{"line":103,"column":19},"end":{"line":103,"column":39}},"line":103},"7":{"name":"(anonymous_7)","decl":{"start":{"line":109,"column":24},"end":{"line":109,"column":25}},"loc":{"start":{"line":109,"column":30},"end":{"line":129,"column":3}},"line":109},"8":{"name":"(anonymous_8)","decl":{"start":{"line":131,"column":22},"end":{"line":131,"column":23}},"loc":{"start":{"line":132,"column":4},"end":{"line":141,"column":6}},"line":132},"9":{"name":"(anonymous_9)","decl":{"start":{"line":144,"column":21},"end":{"line":144,"column":22}},"loc":{"start":{"line":145,"column":4},"end":{"line":166,"column":11}},"line":145},"10":{"name":"(anonymous_10)","decl":{"start":{"line":146,"column":21},"end":{"line":146,"column":22}},"loc":{"start":{"line":147,"column":8},"end":{"line":164,"column":10}},"line":147},"11":{"name":"(anonymous_11)","decl":{"start":{"line":169,"column":21},"end":{"line":169,"column":22}},"loc":{"start":{"line":170,"column":4},"end":{"line":183,"column":11}},"line":170},"12":{"name":"(anonymous_12)","decl":{"start":{"line":171,"column":24},"end":{"line":171,"column":25}},"loc":{"start":{"line":172,"column":8},"end":{"line":181,"column":10}},"line":172},"13":{"name":"(anonymous_13)","decl":{"start":{"line":186,"column":23},"end":{"line":186,"column":24}},"loc":{"start":{"line":186,"column":29},"end":{"line":199,"column":3}},"line":186}},"branchMap":{"0":{"loc":{"start":{"line":23,"column":2},"end":{"line":23,"column":17}},"type":"default-arg","locations":[{"start":{"line":23,"column":9},"end":{"line":23,"column":17}}],"line":23},"1":{"loc":{"start":{"line":24,"column":2},"end":{"line":24,"column":21}},"type":"default-arg","locations":[{"start":{"line":24,"column":12},"end":{"line":24,"column":21}}],"line":24},"2":{"loc":{"start":{"line":25,"column":2},"end":{"line":25,"column":34}},"type":"default-arg","locations":[{"start":{"line":25,"column":10},"end":{"line":25,"column":34}}],"line":25},"3":{"loc":{"start":{"line":38,"column":4},"end":{"line":47,"column":5}},"type":"switch","locations":[{"start":{"line":39,"column":6},"end":{"line":40,"column":41}},{"start":{"line":41,"column":6},"end":{"line":42,"column":41}},{"start":{"line":43,"column":6},"end":{"line":44,"column":41}},{"start":{"line":45,"column":6},"end":{"line":46,"column":41}}],"line":38},"4":{"loc":{"start":{"line":51,"column":4},"end":{"line":61,"column":5}},"type":"if","locations":[{"start":{"line":51,"column":4},"end":{"line":61,"column":5}},{"start":{},"end":{}}],"line":51},"5":{"loc":{"start":{"line":63,"column":4},"end":{"line":80,"column":5}},"type":"if","locations":[{"start":{"line":63,"column":4},"end":{"line":80,"column":5}},{"start":{},"end":{}}],"line":63},"6":{"loc":{"start":{"line":82,"column":4},"end":{"line":104,"column":5}},"type":"if","locations":[{"start":{"line":82,"column":4},"end":{"line":104,"column":5}},{"start":{},"end":{}}],"line":82},"7":{"loc":{"start":{"line":178,"column":22},"end":{"line":178,"column":72}},"type":"cond-expr","locations":[{"start":{"line":178,"column":41},"end":{"line":178,"column":43}},{"start":{"line":178,"column":46},"end":{"line":178,"column":72}}],"line":178},"8":{"loc":{"start":{"line":178,"column":46},"end":{"line":178,"column":72}},"type":"cond-expr","locations":[{"start":{"line":178,"column":65},"end":{"line":178,"column":67}},{"start":{"line":178,"column":70},"end":{"line":178,"column":72}}],"line":178},"9":{"loc":{"start":{"line":187,"column":4},"end":{"line":198,"column":5}},"type":"switch","locations":[{"start":{"line":188,"column":6},"end":{"line":189,"column":31}},{"start":{"line":190,"column":6},"end":{"line":191,"column":29}},{"start":{"line":192,"column":6},"end":{"line":193,"column":28}},{"start":{"line":194,"column":6},"end":{"line":195,"column":28}},{"start":{"line":196,"column":6},"end":{"line":197,"column":31}}],"line":187},"10":{"loc":{"start":{"line":204,"column":7},"end":{"line":208,"column":7}},"type":"binary-expr","locations":[{"start":{"line":204,"column":7},"end":{"line":204,"column":11}},{"start":{"line":205,"column":8},"end":{"line":207,"column":15}}],"line":204}},"s":{"0":0,"1":0,"2":0,"3":0,"4":0,"5":0,"6":0,"7":0,"8":0,"9":0,"10":0,"11":0,"12":0,"13":0,"14":0,"15":0,"16":0,"17":0,"18":0,"19":0,"20":0,"21":0,"22":0,"23":0,"24":0,"25":0,"26":0,"27":0,"28":0,"29":0,"30":0,"31":0,"32":0,"33":0,"34":0,"35":0,"36":0,"37":0,"38":0,"39":0,"40":0,"41":0,"42":0,"43":0,"44":0,"45":0,"46":0,"47":0},"f":{"0":0,"1":0,"2":0,"3":0,"4":0,"5":0,"6":0,"7":0,"8":0,"9":0,"10":0,"11":0,"12":0,"13":0},"b":{"0":[0],"1":[0],"2":[0],"3":[0,0,0,0],"4":[0,0],"5":[0,0],"6":[0,0],"7":[0,0],"8":[0,0],"9":[0,0,0,0,0],"10":[0,0]}}
,"D:\\venera\\cardano\\X150-Valkyrie\\src\\components\\QRCodeScanner.tsx": {"path":"D:\\venera\\cardano\\X150-Valkyrie\\src\\components\\QRCodeScanner.tsx","statementMap":{"0":{"start":{"line":13,"column":5},"end":{"line":52,"column":1}},"1":{"start":{"line":14,"column":32},"end":{"line":14,"column":47}},"2":{"start":{"line":16,"column":31},"end":{"line":27,"column":23}},"3":{"start":{"line":17,"column":4},"end":{"line":17,"column":24}},"4":{"start":{"line":17,"column":17},"end":{"line":17,"column":24}},"5":{"start":{"line":18,"column":4},"end":{"line":18,"column":21}},"6":{"start":{"line":19,"column":4},"end":{"line":21,"column":14}},"7":{"start":{"line":20,"column":6},"end":{"line":20,"column":67}},"8":{"start":{"line":22,"column":4},"end":{"line":26,"column":5}},"9":{"start":{"line":23,"column":6},"end":{"line":23,"column":19}},"10":{"start":{"line":25,"column":6},"end":{"line":25,"column":61}},"11":{"start":{"line":29,"column":2},"end":{"line":51,"column":4}},"12":{"start":{"line":37,"column":70},"end":{"line":37,"column":87}},"13":{"start":{"line":45,"column":66},"end":{"line":45,"column":116}},"14":{"start":{"line":54,"column":15},"end":{"line":109,"column":2}}},"fnMap":{"0":{"name":"(anonymous_0)","decl":{"start":{"line":13,"column":5},"end":{"line":13,"column":6}},"loc":{"start":{"line":13,"column":30},"end":{"line":52,"column":1}},"line":13},"1":{"name":"(anonymous_1)","decl":{"start":{"line":16,"column":43},"end":{"line":16,"column":44}},"loc":{"start":{"line":16,"column":67},"end":{"line":27,"column":3}},"line":16},"2":{"name":"(anonymous_2)","decl":{"start":{"line":37,"column":64},"end":{"line":37,"column":65}},"loc":{"start":{"line":37,"column":70},"end":{"line":37,"column":87}},"line":37},"3":{"name":"(anonymous_3)","decl":{"start":{"line":45,"column":60},"end":{"line":45,"column":61}},"loc":{"start":{"line":45,"column":66},"end":{"line":45,"column":116}},"line":45}},"branchMap":{"0":{"loc":{"start":{"line":17,"column":4},"end":{"line":17,"column":24}},"type":"if","locations":[{"start":{"line":17,"column":4},"end":{"line":17,"column":24}},{"start":{},"end":{}}],"line":17},"1":{"loc":{"start":{"line":34,"column":11},"end":{"line":40,"column":11}},"type":"cond-expr","locations":[{"start":{"line":35,"column":12},"end":{"line":35,"column":98}},{"start":{"line":37,"column":12},"end":{"line":39,"column":31}}],"line":34},"2":{"loc":{"start":{"line":44,"column":11},"end":{"line":46,"column":11}},"type":"binary-expr","locations":[{"start":{"line":44,"column":11},"end":{"line":44,"column":19}},{"start":{"line":45,"column":12},"end":{"line":45,"column":143}}],"line":44}},"s":{"0":0,"1":0,"2":0,"3":0,"4":0,"5":0,"6":0,"7":0,"8":0,"9":0,"10":0,"11":0,"12":0,"13":0,"14":0},"f":{"0":0,"1":0,"2":0,"3":0},"b":{"0":[0,0],"1":[0,0],"2":[0,0]}}
,"D:\\venera\\cardano\\X150-Valkyrie\\src\\components\\SkeletonLoader.tsx": {"path":"D:\\venera\\cardano\\X150-Valkyrie\\src\\components\\SkeletonLoader.tsx","statementMap":{"0":{"start":{"line":22,"column":31},"end":{"line":22,"column":55}},"1":{"start":{"line":24,"column":54},"end":{"line":152,"column":1}},"2":{"start":{"line":32,"column":24},"end":{"line":32,"column":61}},"3":{"start":{"line":33,"column":21},"end":{"line":33,"column":60}},"4":{"start":{"line":35,"column":2},"end":{"line":66,"column":23}},"5":{"start":{"line":38,"column":4},"end":{"line":61,"column":5}},"6":{"start":{"line":39,"column":6},"end":{"line":52,"column":8}},"7":{"start":{"line":54,"column":6},"end":{"line":60,"column":8}},"8":{"start":{"line":63,"column":4},"end":{"line":63,"column":22}},"9":{"start":{"line":65,"column":4},"end":{"line":65,"column":34}},"10":{"start":{"line":65,"column":17},"end":{"line":65,"column":33}},"11":{"start":{"line":68,"column":27},"end":{"line":95,"column":3}},"12":{"start":{"line":69,"column":4},"end":{"line":73,"column":5}},"13":{"start":{"line":70,"column":6},"end":{"line":72,"column":8}},"14":{"start":{"line":75,"column":4},"end":{"line":84,"column":5}},"15":{"start":{"line":76,"column":25},"end":{"line":79,"column":8}},"16":{"start":{"line":81,"column":6},"end":{"line":83,"column":8}},"17":{"start":{"line":87,"column":23},"end":{"line":90,"column":6}},"18":{"start":{"line":92,"column":4},"end":{"line":94,"column":6}},"19":{"start":{"line":97,"column":32},"end":{"line":149,"column":3}},"20":{"start":{"line":98,"column":4},"end":{"line":114,"column":5}},"21":{"start":{"line":99,"column":6},"end":{"line":113,"column":8}},"22":{"start":{"line":116,"column":4},"end":{"line":148,"column":6}},"23":{"start":{"line":151,"column":2},"end":{"line":151,"column":33}},"24":{"start":{"line":160,"column":5},"end":{"line":171,"column":1}},"25":{"start":{"line":161,"column":2},"end":{"line":170,"column":9}},"26":{"start":{"line":163,"column":6},"end":{"line":168,"column":8}},"27":{"start":{"line":176,"column":5},"end":{"line":183,"column":1}},"28":{"start":{"line":177,"column":2},"end":{"line":182,"column":4}},"29":{"start":{"line":188,"column":5},"end":{"line":197,"column":1}},"30":{"start":{"line":189,"column":2},"end":{"line":196,"column":9}},"31":{"start":{"line":199,"column":45},"end":{"line":211,"column":1}},"32":{"start":{"line":200,"column":2},"end":{"line":210,"column":9}},"33":{"start":{"line":213,"column":41},"end":{"line":221,"column":1}},"34":{"start":{"line":214,"column":2},"end":{"line":220,"column":9}},"35":{"start":{"line":226,"column":5},"end":{"line":233,"column":1}},"36":{"start":{"line":227,"column":2},"end":{"line":232,"column":4}},"37":{"start":{"line":235,"column":46},"end":{"line":244,"column":1}},"38":{"start":{"line":236,"column":2},"end":{"line":243,"column":9}},"39":{"start":{"line":238,"column":6},"end":{"line":241,"column":13}},"40":{"start":{"line":246,"column":15},"end":{"line":309,"column":2}}},"fnMap":{"0":{"name":"(anonymous_0)","decl":{"start":{"line":24,"column":54},"end":{"line":24,"column":55}},"loc":{"start":{"line":31,"column":6},"end":{"line":152,"column":1}},"line":31},"1":{"name":"(anonymous_1)","decl":{"start":{"line":35,"column":12},"end":{"line":35,"column":13}},"loc":{"start":{"line":35,"column":18},"end":{"line":66,"column":3}},"line":35},"2":{"name":"(anonymous_2)","decl":{"start":{"line":65,"column":11},"end":{"line":65,"column":12}},"loc":{"start":{"line":65,"column":17},"end":{"line":65,"column":33}},"line":65},"3":{"name":"(anonymous_3)","decl":{"start":{"line":68,"column":27},"end":{"line":68,"column":28}},"loc":{"start":{"line":68,"column":33},"end":{"line":95,"column":3}},"line":68},"4":{"name":"(anonymous_4)","decl":{"start":{"line":97,"column":32},"end":{"line":97,"column":33}},"loc":{"start":{"line":97,"column":38},"end":{"line":149,"column":3}},"line":97},"5":{"name":"(anonymous_5)","decl":{"start":{"line":160,"column":5},"end":{"line":160,"column":6}},"loc":{"start":{"line":161,"column":2},"end":{"line":170,"column":9}},"line":161},"6":{"name":"(anonymous_6)","decl":{"start":{"line":162,"column":39},"end":{"line":162,"column":40}},"loc":{"start":{"line":163,"column":6},"end":{"line":168,"column":8}},"line":163},"7":{"name":"(anonymous_7)","decl":{"start":{"line":176,"column":5},"end":{"line":176,"column":6}},"loc":{"start":{"line":177,"column":2},"end":{"line":182,"column":4}},"line":177},"8":{"name":"(anonymous_8)","decl":{"start":{"line":188,"column":5},"end":{"line":188,"column":6}},"loc":{"start":{"line":189,"column":2},"end":{"line":196,"column":9}},"line":189},"9":{"name":"(anonymous_9)","decl":{"start":{"line":199,"column":45},"end":{"line":199,"column":46}},"loc":{"start":{"line":200,"column":2},"end":{"line":210,"column":9}},"line":200},"10":{"name":"(anonymous_10)","decl":{"start":{"line":213,"column":41},"end":{"line":213,"column":42}},"loc":{"start":{"line":214,"column":2},"end":{"line":220,"column":9}},"line":214},"11":{"name":"(anonymous_11)","decl":{"start":{"line":226,"column":5},"end":{"line":226,"column":6}},"loc":{"start":{"line":227,"column":2},"end":{"line":232,"column":4}},"line":227},"12":{"name":"(anonymous_12)","decl":{"start":{"line":235,"column":46},"end":{"line":235,"column":47}},"loc":{"start":{"line":236,"column":2},"end":{"line":243,"column":9}},"line":236},"13":{"name":"(anonymous_13)","decl":{"start":{"line":237,"column":35},"end":{"line":237,"column":36}},"loc":{"start":{"line":238,"column":6},"end":{"line":241,"column":13}},"line":238}},"branchMap":{"0":{"loc":{"start":{"line":25,"column":2},"end":{"line":25,"column":16}},"type":"default-arg","locations":[{"start":{"line":25,"column":10},"end":{"line":25,"column":16}}],"line":25},"1":{"loc":{"start":{"line":26,"column":2},"end":{"line":26,"column":13}},"type":"default-arg","locations":[{"start":{"line":26,"column":11},"end":{"line":26,"column":13}}],"line":26},"2":{"loc":{"start":{"line":27,"column":2},"end":{"line":27,"column":18}},"type":"default-arg","locations":[{"start":{"line":27,"column":17},"end":{"line":27,"column":18}}],"line":27},"3":{"loc":{"start":{"line":29,"column":2},"end":{"line":29,"column":21}},"type":"default-arg","locations":[{"start":{"line":29,"column":12},"end":{"line":29,"column":21}}],"line":29},"4":{"loc":{"start":{"line":30,"column":2},"end":{"line":30,"column":14}},"type":"default-arg","locations":[{"start":{"line":30,"column":10},"end":{"line":30,"column":14}}],"line":30},"5":{"loc":{"start":{"line":38,"column":4},"end":{"line":61,"column":5}},"type":"if","locations":[{"start":{"line":38,"column":4},"end":{"line":61,"column":5}},{"start":{"line":53,"column":11},"end":{"line":61,"column":5}}],"line":38},"6":{"loc":{"start":{"line":69,"column":4},"end":{"line":73,"column":5}},"type":"if","locations":[{"start":{"line":69,"column":4},"end":{"line":73,"column":5}},{"start":{},"end":{}}],"line":69},"7":{"loc":{"start":{"line":75,"column":4},"end":{"line":84,"column":5}},"type":"if","locations":[{"start":{"line":75,"column":4},"end":{"line":84,"column":5}},{"start":{},"end":{}}],"line":75},"8":{"loc":{"start":{"line":98,"column":4},"end":{"line":114,"column":5}},"type":"if","locations":[{"start":{"line":98,"column":4},"end":{"line":114,"column":5}},{"start":{},"end":{}}],"line":98},"9":{"loc":{"start":{"line":160,"column":8},"end":{"line":160,"column":17}},"type":"default-arg","locations":[{"start":{"line":160,"column":16},"end":{"line":160,"column":17}}],"line":160},"10":{"loc":{"start":{"line":160,"column":19},"end":{"line":160,"column":35}},"type":"default-arg","locations":[{"start":{"line":160,"column":27},"end":{"line":160,"column":35}}],"line":160},"11":{"loc":{"start":{"line":160,"column":37},"end":{"line":160,"column":48}},"type":"default-arg","locations":[{"start":{"line":160,"column":46},"end":{"line":160,"column":48}}],"line":160},"12":{"loc":{"start":{"line":160,"column":50},"end":{"line":160,"column":61}},"type":"default-arg","locations":[{"start":{"line":160,"column":60},"end":{"line":160,"column":61}}],"line":160},"13":{"loc":{"start":{"line":165,"column":15},"end":{"line":165,"column":49}},"type":"binary-expr","locations":[{"start":{"line":165,"column":15},"end":{"line":165,"column":27}},{"start":{"line":165,"column":31},"end":{"line":165,"column":39}},{"start":{"line":165,"column":43},"end":{"line":165,"column":49}}],"line":165},"14":{"loc":{"start":{"line":167,"column":15},"end":{"line":167,"column":54}},"type":"cond-expr","locations":[{"start":{"line":167,"column":27},"end":{"line":167,"column":49}},{"start":{"line":167,"column":52},"end":{"line":167,"column":54}}],"line":167},"15":{"loc":{"start":{"line":188,"column":8},"end":{"line":188,"column":20}},"type":"default-arg","locations":[{"start":{"line":188,"column":17},"end":{"line":188,"column":20}}],"line":188},"16":{"loc":{"start":{"line":190,"column":5},"end":{"line":195,"column":5}},"type":"binary-expr","locations":[{"start":{"line":190,"column":5},"end":{"line":190,"column":13}},{"start":{"line":191,"column":6},"end":{"line":194,"column":9}}],"line":190},"17":{"loc":{"start":{"line":226,"column":8},"end":{"line":226,"column":22}},"type":"default-arg","locations":[{"start":{"line":226,"column":16},"end":{"line":226,"column":22}}],"line":226},"18":{"loc":{"start":{"line":226,"column":24},"end":{"line":226,"column":35}},"type":"default-arg","locations":[{"start":{"line":226,"column":33},"end":{"line":226,"column":35}}],"line":226}},"s":{"0":0,"1":0,"2":0,"3":0,"4":0,"5":0,"6":0,"7":0,"8":0,"9":0,"10":0,"11":0,"12":0,"13":0,"14":0,"15":0,"16":0,"17":0,"18":0,"19":0,"20":0,"21":0,"22":0,"23":0,"24":0,"25":0,"26":0,"27":0,"28":0,"29":0,"30":0,"31":0,"32":0,"33":0,"34":0,"35":0,"36":0,"37":0,"38":0,"39":0,"40":0},"f":{"0":0,"1":0,"2":0,"3":0,"4":0,"5":0,"6":0,"7":0,"8":0,"9":0,"10":0,"11":0,"12":0,"13":0},"b":{"0":[0],"1":[0],"2":[0],"3":[0],"4":[0],"5":[0,0],"6":[0,0],"7":[0,0],"8":[0,0],"9":[0],"10":[0],"11":[0],"12":[0],"13":[0,0,0],"14":[0,0],"15":[0],"16":[0,0],"17":[0],"18":[0]}}
,"D:\\venera\\cardano\\X150-Valkyrie\\src\\components\\ToastNotification.tsx": {"path":"D:\\venera\\cardano\\X150-Valkyrie\\src\\components\\ToastNotification.tsx","statementMap":{"0":{"start":{"line":21,"column":18},"end":{"line":21,"column":42}},"1":{"start":{"line":23,"column":48},"end":{"line":140,"column":1}},"2":{"start":{"line":30,"column":36},"end":{"line":30,"column":50}},"3":{"start":{"line":31,"column":19},"end":{"line":31,"column":56}},"4":{"start":{"line":32,"column":20},"end":{"line":32,"column":60}},"5":{"start":{"line":34,"column":2},"end":{"line":55,"column":9}},"6":{"start":{"line":36,"column":4},"end":{"line":47,"column":15}},"7":{"start":{"line":50,"column":18},"end":{"line":52,"column":16}},"8":{"start":{"line":51,"column":6},"end":{"line":51,"column":16}},"9":{"start":{"line":54,"column":4},"end":{"line":54,"column":37}},"10":{"start":{"line":54,"column":17},"end":{"line":54,"column":36}},"11":{"start":{"line":57,"column":18},"end":{"line":73,"column":3}},"12":{"start":{"line":58,"column":4},"end":{"line":72,"column":7}},"13":{"start":{"line":70,"column":6},"end":{"line":70,"column":26}},"14":{"start":{"line":71,"column":6},"end":{"line":71,"column":20}},"15":{"start":{"line":75,"column":25},"end":{"line":88,"column":3}},"16":{"start":{"line":76,"column":4},"end":{"line":87,"column":5}},"17":{"start":{"line":78,"column":8},"end":{"line":78,"column":53}},"18":{"start":{"line":80,"column":8},"end":{"line":80,"column":51}},"19":{"start":{"line":82,"column":8},"end":{"line":82,"column":53}},"20":{"start":{"line":84,"column":8},"end":{"line":84,"column":67}},"21":{"start":{"line":86,"column":8},"end":{"line":86,"column":67}},"22":{"start":{"line":90,"column":18},"end":{"line":102,"column":3}},"23":{"start":{"line":91,"column":4},"end":{"line":101,"column":5}},"24":{"start":{"line":93,"column":8},"end":{"line":93,"column":19}},"25":{"start":{"line":95,"column":8},"end":{"line":95,"column":19}},"26":{"start":{"line":97,"column":8},"end":{"line":97,"column":20}},"27":{"start":{"line":100,"column":8},"end":{"line":100,"column":20}},"28":{"start":{"line":104,"column":2},"end":{"line":104,"column":30}},"29":{"start":{"line":104,"column":18},"end":{"line":104,"column":30}},"30":{"start":{"line":106,"column":2},"end":{"line":139,"column":4}},"31":{"start":{"line":142,"column":15},"end":{"line":192,"column":2}}},"fnMap":{"0":{"name":"(anonymous_0)","decl":{"start":{"line":23,"column":48},"end":{"line":23,"column":49}},"loc":{"start":{"line":29,"column":6},"end":{"line":140,"column":1}},"line":29},"1":{"name":"(anonymous_1)","decl":{"start":{"line":34,"column":12},"end":{"line":34,"column":13}},"loc":{"start":{"line":34,"column":18},"end":{"line":55,"column":3}},"line":34},"2":{"name":"(anonymous_2)","decl":{"start":{"line":50,"column":29},"end":{"line":50,"column":30}},"loc":{"start":{"line":50,"column":35},"end":{"line":52,"column":5}},"line":50},"3":{"name":"(anonymous_3)","decl":{"start":{"line":54,"column":11},"end":{"line":54,"column":12}},"loc":{"start":{"line":54,"column":17},"end":{"line":54,"column":36}},"line":54},"4":{"name":"(anonymous_4)","decl":{"start":{"line":57,"column":18},"end":{"line":57,"column":19}},"loc":{"start":{"line":57,"column":24},"end":{"line":73,"column":3}},"line":57},"5":{"name":"(anonymous_5)","decl":{"start":{"line":69,"column":13},"end":{"line":69,"column":14}},"loc":{"start":{"line":69,"column":19},"end":{"line":72,"column":5}},"line":69},"6":{"name":"(anonymous_6)","decl":{"start":{"line":75,"column":25},"end":{"line":75,"column":26}},"loc":{"start":{"line":75,"column":41},"end":{"line":88,"column":3}},"line":75},"7":{"name":"(anonymous_7)","decl":{"start":{"line":90,"column":18},"end":{"line":90,"column":19}},"loc":{"start":{"line":90,"column":24},"end":{"line":102,"column":3}},"line":90}},"branchMap":{"0":{"loc":{"start":{"line":25,"column":2},"end":{"line":25,"column":15}},"type":"default-arg","locations":[{"start":{"line":25,"column":9},"end":{"line":25,"column":15}}],"line":25},"1":{"loc":{"start":{"line":26,"column":2},"end":{"line":26,"column":17}},"type":"default-arg","locations":[{"start":{"line":26,"column":13},"end":{"line":26,"column":17}}],"line":26},"2":{"loc":{"start":{"line":76,"column":4},"end":{"line":87,"column":5}},"type":"switch","locations":[{"start":{"line":77,"column":6},"end":{"line":78,"column":53}},{"start":{"line":79,"column":6},"end":{"line":80,"column":51}},{"start":{"line":81,"column":6},"end":{"line":82,"column":53}},{"start":{"line":83,"column":6},"end":{"line":84,"column":67}},{"start":{"line":85,"column":6},"end":{"line":86,"column":67}}],"line":76},"3":{"loc":{"start":{"line":91,"column":4},"end":{"line":101,"column":5}},"type":"switch","locations":[{"start":{"line":92,"column":6},"end":{"line":93,"column":19}},{"start":{"line":94,"column":6},"end":{"line":95,"column":19}},{"start":{"line":96,"column":6},"end":{"line":97,"column":20}},{"start":{"line":98,"column":6},"end":{"line":98,"column":18}},{"start":{"line":99,"column":6},"end":{"line":100,"column":20}}],"line":91},"4":{"loc":{"start":{"line":104,"column":2},"end":{"line":104,"column":30}},"type":"if","locations":[{"start":{"line":104,"column":2},"end":{"line":104,"column":30}},{"start":{},"end":{}}],"line":104}},"s":{"0":0,"1":0,"2":0,"3":0,"4":0,"5":0,"6":0,"7":0,"8":0,"9":0,"10":0,"11":0,"12":0,"13":0,"14":0,"15":0,"16":0,"17":0,"18":0,"19":0,"20":0,"21":0,"22":0,"23":0,"24":0,"25":0,"26":0,"27":0,"28":0,"29":0,"30":0,"31":0},"f":{"0":0,"1":0,"2":0,"3":0,"4":0,"5":0,"6":0,"7":0},"b":{"0":[0],"1":[0],"2":[0,0,0,0,0],"3":[0,0,0,0,0],"4":[0,0]}}
,"D:\\venera\\cardano\\X150-Valkyrie\\src\\components\\ui\\AppButton.tsx": {"path":"D:\\venera\\cardano\\X150-Valkyrie\\src\\components\\ui\\AppButton.tsx","statementMap":{"0":{"start":{"line":15,"column":49},"end":{"line":20,"column":1}},"1":{"start":{"line":22,"column":42},"end":{"line":39,"column":1}},"2":{"start":{"line":23,"column":26},"end":{"line":27,"column":3}},"3":{"start":{"line":28,"column":20},"end":{"line":28,"column":89}},"4":{"start":{"line":29,"column":2},"end":{"line":38,"column":4}}},"fnMap":{"0":{"name":"(anonymous_0)","decl":{"start":{"line":22,"column":42},"end":{"line":22,"column":43}},"loc":{"start":{"line":22,"column":135},"end":{"line":39,"column":1}},"line":22}},"branchMap":{"0":{"loc":{"start":{"line":22,"column":52},"end":{"line":22,"column":71}},"type":"default-arg","locations":[{"start":{"line":22,"column":62},"end":{"line":22,"column":71}}],"line":22},"1":{"loc":{"start":{"line":22,"column":73},"end":{"line":22,"column":88}},"type":"default-arg","locations":[{"start":{"line":22,"column":83},"end":{"line":22,"column":88}}],"line":22},"2":{"loc":{"start":{"line":22,"column":90},"end":{"line":22,"column":102}},"type":"default-arg","locations":[{"start":{"line":22,"column":97},"end":{"line":22,"column":102}}],"line":22},"3":{"loc":{"start":{"line":26,"column":13},"end":{"line":26,"column":31}},"type":"cond-expr","locations":[{"start":{"line":26,"column":24},"end":{"line":26,"column":27}},{"start":{"line":26,"column":30},"end":{"line":26,"column":31}}],"line":26},"4":{"loc":{"start":{"line":28,"column":20},"end":{"line":28,"column":89}},"type":"cond-expr","locations":[{"start":{"line":28,"column":42},"end":{"line":28,"column":61}},{"start":{"line":28,"column":64},"end":{"line":28,"column":89}}],"line":28},"5":{"loc":{"start":{"line":30,"column":53},"end":{"line":30,"column":72}},"type":"binary-expr","locations":[{"start":{"line":30,"column":53},"end":{"line":30,"column":61}},{"start":{"line":30,"column":65},"end":{"line":30,"column":72}}],"line":30},"6":{"loc":{"start":{"line":33,"column":11},"end":{"line":33,"column":31}},"type":"cond-expr","locations":[{"start":{"line":33,"column":21},"end":{"line":33,"column":23}},{"start":{"line":33,"column":26},"end":{"line":33,"column":31}}],"line":33},"7":{"loc":{"start":{"line":35,"column":9},"end":{"line":35,"column":125}},"type":"binary-expr","locations":[{"start":{"line":35,"column":9},"end":{"line":35,"column":16}},{"start":{"line":35,"column":20},"end":{"line":35,"column":125}}],"line":35}},"s":{"0":0,"1":0,"2":0,"3":0,"4":0},"f":{"0":0},"b":{"0":[0],"1":[0],"2":[0],"3":[0,0],"4":[0,0],"5":[0,0],"6":[0,0],"7":[0,0]}}
[...]
12,"column":25},"end":{"line":519,"column":5}},"line":512},"24":{"name":"(anonymous_24)","decl":{"start":{"line":524,"column":4},"end":{"line":524,"column":5}},"loc":{"start":{"line":524,"column":54},"end":{"line":529,"column":5}},"line":524}},"branchMap":{"0":{"loc":{"start":{"line":41,"column":8},"end":{"line":43,"column":9}},"type":"if","locations":[{"start":{"line":41,"column":8},"end":{"line":43,"column":9}},{"start":{},"end":{}}],"line":41},"1":{"loc":{"start":{"line":62,"column":16},"end":{"line":64,"column":17}},"type":"if","locations":[{"start":{"line":62,"column":16},"end":{"line":64,"column":17}},{"start":{},"end":{}}],"line":62},"2":{"loc":{"start":{"line":87,"column":16},"end":{"line":89,"column":17}},"type":"if","locations":[{"start":{"line":87,"column":16},"end":{"line":89,"column":17}},{"start":{},"end":{}}],"line":87},"3":{"loc":{"start":{"line":99,"column":53},"end":{"line":99,"column":71}},"type":"default-arg","locations":[{"start":{"line":99,"column":69},"end":{"line":99,"column":71}}],"line":99},"4":{"loc":{"start":{"line":103,"column":16},"end":{"line":105,"column":17}},"type":"if","locations":[{"start":{"line":103,"column":16},"end":{"line":105,"column":17}},{"start":{},"end":{}}],"line":103},"5":{"loc":{"start":{"line":114,"column":38},"end":{"line":114,"column":85}},"type":"cond-expr","locations":[{"start":{"line":114,"column":68},"end":{"line":114,"column":80}},{"start":{"line":114,"column":83},"end":{"line":114,"column":85}}],"line":114},"6":{"loc":{"start":{"line":116,"column":24},"end":{"line":116,"column":67}},"type":"binary-expr","locations":[{"start":{"line":116,"column":24},"end":{"line":116,"column":34}},{"start":{"line":116,"column":38},"end":{"line":116,"column":45}},{"start":{"line":116,"column":49},"end":{"line":116,"column":67}}],"line":116},"7":{"loc":{"start":{"line":117,"column":26},"end":{"line":117,"column":53}},"type":"binary-expr","locations":[{"start":{"line":117,"column":26},"end":{"line":117,"column":36}},{"start":{"line":117,"column":40},"end":{"line":117,"column":47}},{"start":{"line":117,"column":51},"end":{"line":117,"column":53}}],"line":117},"8":{"loc":{"start":{"line":119,"column":28},"end":{"line":119,"column":53}},"type":"binary-expr","locations":[{"start":{"line":119,"column":28},"end":{"line":119,"column":46}},{"start":{"line":119,"column":50},"end":{"line":119,"column":53}}],"line":119},"9":{"loc":{"start":{"line":120,"column":25},"end":{"line":120,"column":47}},"type":"binary-expr","locations":[{"start":{"line":120,"column":25},"end":{"line":120,"column":40}},{"start":{"line":120,"column":44},"end":{"line":120,"column":47}}],"line":120},"10":{"loc":{"start":{"line":121,"column":26},"end":{"line":121,"column":55}},"type":"binary-expr","locations":[{"start":{"line":121,"column":26},"end":{"line":121,"column":42}},{"start":{"line":121,"column":46},"end":{"line":121,"column":55}}],"line":121},"11":{"loc":{"start":{"line":122,"column":24},"end":{"line":122,"column":51}},"type":"binary-expr","locations":[{"start":{"line":122,"column":24},"end":{"line":122,"column":38}},{"start":{"line":122,"column":42},"end":{"line":122,"column":51}}],"line":122},"12":{"loc":{"start":{"line":123,"column":54},"end":{"line":123,"column":87}},"type":"binary-expr","locations":[{"start":{"line":123,"column":54},"end":{"line":123,"column":72}},{"start":{"line":123,"column":76},"end":{"line":123,"column":87}}],"line":123},"13":{"loc":{"start":{"line":124,"column":41},"end":{"line":124,"column":152}},"type":"cond-expr","locations":[{"start":{"line":124,"column":88},"end":{"line":124,"column":139}},{"start":{"line":124,"column":142},"end":{"line":124,"column":152}}],"line":124},"14":{"loc":{"start":{"line":124,"column":42},"end":{"line":124,"column":84}},"type":"binary-expr","locations":[{"start":{"line":124,"column":42},"end":{"line":124,"column":64}},{"start":{"line":124,"column":68},"end":{"line":124,"column":84}}],"line":124},"15":{"loc":{"start":{"line":124,"column":89},"end":{"line":124,"column":131}},"type":"binary-expr","locations":[{"start":{"line":124,"column":89},"end":{"line":124,"column":111}},{"start":{"line":124,"column":115},"end":{"line":124,"column":131}}],"line":124},"16":{"loc":{"start":{"line":133,"column":24},"end":{"line":136,"column":25}},"type":"if","locations":[{"start":{"line":133,"column":24},"end":{"line":136,"column":25}},{"start":{},"end":{}}],"line":133},"17":{"loc":{"start":{"line":207,"column":8},"end":{"line":207,"column":43}},"type":"if","locations":[{"start":{"line":207,"column":8},"end":{"line":207,"column":43}},{"start":{},"end":{}}],"line":207},"18":{"loc":{"start":{"line":208,"column":8},"end":{"line":208,"column":56}},"type":"if","locations":[{"start":{"line":208,"column":8},"end":{"line":208,"column":56}},{"start":{},"end":{}}],"line":208},"19":{"loc":{"start":{"line":209,"column":8},"end":{"line":209,"column":54}},"type":"if","locations":[{"start":{"line":209,"column":8},"end":{"line":209,"column":54}},{"start":{},"end":{}}],"line":209},"20":{"loc":{"start":{"line":217,"column":8},"end":{"line":224,"column":9}},"type":"switch","locations":[{"start":{"line":218,"column":12},"end":{"line":218,"column":49}},{"start":{"line":219,"column":12},"end":{"line":219,"column":45}},{"start":{"line":220,"column":12},"end":{"line":220,"column":43}},{"start":{"line":221,"column":12},"end":{"line":221,"column":34}},{"start":{"line":222,"column":12},"end":{"line":222,"column":43}},{"start":{"line":223,"column":12},"end":{"line":223,"column":38}}],"line":217},"21":{"loc":{"start":{"line":233,"column":12},"end":{"line":235,"column":13}},"type":"if","locations":[{"start":{"line":233,"column":12},"end":{"line":235,"column":13}},{"start":{},"end":{}}],"line":233},"22":{"loc":{"start":{"line":233,"column":16},"end":{"line":233,"column":54}},"type":"binary-expr","locations":[{"start":{"line":233,"column":16},"end":{"line":233,"column":27}},{"start":{"line":233,"column":31},"end":{"line":233,"column":54}}],"line":233},"23":{"loc":{"start":{"line":238,"column":12},"end":{"line":249,"column":13}},"type":"if","locations":[{"start":{"line":238,"column":12},"end":{"line":249,"column":13}},{"start":{},"end":{}}],"line":238},"24":{"loc":{"start":{"line":242,"column":20},"end":{"line":244,"column":21}},"type":"if","locations":[{"start":{"line":242,"column":20},"end":{"line":244,"column":21}},{"start":{},"end":{}}],"line":242},"25":{"loc":{"start":{"line":252,"column":12},"end":{"line":259,"column":13}},"type":"if","locations":[{"start":{"line":252,"column":12},"end":{"line":259,"column":13}},{"start":{},"end":{}}],"line":252},"26":{"loc":{"start":{"line":252,"column":16},"end":{"line":252,"column":42}},"type":"binary-expr","locations":[{"start":{"line":252,"column":16},"end":{"line":252,"column":28}},{"start":{"line":252,"column":32},"end":{"line":252,"column":42}}],"line":252},"27":{"loc":{"start":{"line":255,"column":36},"end":{"line":255,"column":92}},"type":"cond-expr","locations":[{"start":{"line":255,"column":63},"end":{"line":255,"column":76}},{"start":{"line":255,"column":79},"end":{"line":255,"column":92}}],"line":255},"28":{"loc":{"start":{"line":274,"column":12},"end":{"line":274,"column":62}},"type":"if","locations":[{"start":{"line":274,"column":12},"end":{"line":274,"column":62}},{"start":{},"end":{}}],"line":274},"29":{"loc":{"start":{"line":278,"column":12},"end":{"line":278,"column":67}},"type":"if","locations":[{"start":{"line":278,"column":12},"end":{"line":278,"column":67}},{"start":{},"end":{}}],"line":278},"30":{"loc":{"start":{"line":284,"column":12},"end":{"line":286,"column":13}},"type":"if","locations":[{"start":{"line":284,"column":12},"end":{"line":286,"column":13}},{"start":{},"end":{}}],"line":284},"31":{"loc":{"start":{"line":304,"column":12},"end":{"line":306,"column":13}},"type":"if","locations":[{"start":{"line":304,"column":12},"end":{"line":306,"column":13}},{"start":{},"end":{}}],"line":304},"32":{"loc":{"start":{"line":311,"column":12},"end":{"line":319,"column":13}},"type":"if","locations":[{"start":{"line":311,"column":12},"end":{"line":319,"column":13}},{"start":{},"end":{}}],"line":311},"33":{"loc":{"start":{"line":352,"column":20},"end":{"line":360,"column":21}},"type":"if","locations":[{"start":{"line":352,"column":20},"end":{"line":360,"column":21}},{"start":{},"end":{}}],"line":352},"34":{"loc":{"start":{"line":356,"column":24},"end":{"line":359,"column":25}},"type":"if","locations":[{"start":{"line":356,"column":24},"end":{"line":359,"column":25}},{"start":{},"end":{}}],"line":356},"35":{"loc":{"start":{"line":390,"column":20},"end":{"line":393,"column":21}},"type":"if","locations":[{"start":{"line":390,"column":20},"end":{"line":393,"column":21}},{"start":{},"end":{}}],"line":390},"36":{"loc":{"start":{"line":413,"column":8},"end":{"line":415,"column":9}},"type":"if","locations":[{"start":{"line":413,"column":8},"end":{"line":415,"column":9}},{"start":{},"end":{}}],"line":413},"37":{"loc":{"start":{"line":428,"column":24},"end":{"line":430,"column":60}},"type":"cond-expr","locations":[{"start":{"line":429,"column":14},"end":{"line":429,"column":60}},{"start":{"line":430,"column":14},"end":{"line":430,"column":60}}],"line":428},"38":{"loc":{"start":{"line":438,"column":34},"end":{"line":438,"column":138}},"type":"binary-expr","locations":[{"start":{"line":438,"column":34},"end":{"line":438,"column":106}},{"start":{"line":438,"column":110},"end":{"line":438,"column":138}}],"line":438},"39":{"loc":{"start":{"line":443,"column":32},"end":{"line":443,"column":77}},"type":"cond-expr","locations":[{"start":{"line":443,"column":56},"end":{"line":443,"column":61}},{"start":{"line":443,"column":64},"end":{"line":443,"column":77}}],"line":443},"40":{"loc":{"start":{"line":459,"column":12},"end":{"line":469,"column":13}},"type":"switch","locations":[{"start":{"line":460,"column":16},"end":{"line":461,"column":60}},{"start":{"line":462,"column":16},"end":{"line":463,"column":59}},{"start":{"line":464,"column":16},"end":{"line":465,"column":60}},{"start":{"line":466,"column":16},"end":{"line":468,"column":95}}],"line":459},"41":{"loc":{"start":{"line":461,"column":27},"end":{"line":461,"column":59}},"type":"binary-expr","locations":[{"start":{"line":461,"column":27},"end":{"line":461,"column":38}},{"start":{"line":461,"column":42},"end":{"line":461,"column":59}}],"line":461},"42":{"loc":{"start":{"line":463,"column":27},"end":{"line":463,"column":58}},"type":"binary-expr","locations":[{"start":{"line":463,"column":27},"end":{"line":463,"column":43}},{"start":{"line":463,"column":47},"end":{"line":463,"column":58}}],"line":463},"43":{"loc":{"start":{"line":465,"column":27},"end":{"line":465,"column":59}},"type":"binary-expr","locations":[{"start":{"line":465,"column":27},"end":{"line":465,"column":44}},{"start":{"line":465,"column":48},"end":{"line":465,"column":59}}],"line":465},"44":{"loc":{"start":{"line":468,"column":27},"end":{"line":468,"column":94}},"type":"binary-expr","locations":[{"start":{"line":468,"column":27},"end":{"line":468,"column":38}},{"start":{"line":468,"column":42},"end":{"line":468,"column":58}},{"start":{"line":468,"column":62},"end":{"line":468,"column":79}},{"start":{"line":468,"column":83},"end":{"line":468,"column":94}}],"line":468},"45":{"loc":{"start":{"line":480,"column":28},"end":{"line":480,"column":81}},"type":"cond-expr","locations":[{"start":{"line":480,"column":52},"end":{"line":480,"column":65}},{"start":{"line":480,"column":68},"end":{"line":480,"column":81}}],"line":480},"46":{"loc":{"start":{"line":491,"column":8},"end":{"line":491,"column":33}},"type":"if","locations":[{"start":{"line":491,"column":8},"end":{"line":491,"column":33}},{"start":{},"end":{}}],"line":491},"47":{"loc":{"start":{"line":494,"column":8},"end":{"line":497,"column":9}},"type":"if","locations":[{"start":{"line":494,"column":8},"end":{"line":497,"column":9}},{"start":{},"end":{}}],"line":494},"48":{"loc":{"start":{"line":515,"column":12},"end":{"line":517,"column":13}},"type":"if","locations":[{"start":{"line":515,"column":12},"end":{"line":517,"column":13}},{"start":{},"end":{}}],"line":515}},"s":{"0":0,"1":0,"2":0,"3":0,"4":0,"5":0,"6":0,"7":0,"8":0,"9":0,"10":0,"11":0,"12":0,"13":0,"14":0,"15":0,"16":0,"17":0,"18":0,"19":0,"20":0,"21":0,"22":0,"23":0,"24":0,"25":0,"26":0,"27":0,"28":0,"29":0,"30":0,"31":0,"32":0,"33":0,"34":0,"35":0,"36":0,"37":0,"38":0,"39":0,"40":0,"41":0,"42":0,"43":0,"44":0,"45":0,"46":0,"47":0,"48":0,"49":0,"50":0,"51":0,"52":0,"53":0,"54":0,"55":0,"56":0,"57":0,"58":0,"59":0,"60":0,"61":0,"62":0,"63":0,"64":0,"65":0,"66":0,"67":0,"68":0,"69":0,"70":0,"71":0,"72":0,"73":0,"74":0,"75":0,"76":0,"77":0,"78":0,"79":0,"80":0,"81":0,"82":0,"83":0,"84":0,"85":0,"86":0,"87":0,"88":0,"89":0,"90":0,"91":0,"92":0,"93":0,"94":0,"95":0,"96":0,"97":0,"98":0,"99":0,"100":0,"101":0,"102":0,"103":0,"104":0,"105":0,"106":0,"107":0,"108":0,"109":0,"110":0,"111":0,"112":0,"113":0,"114":0,"115":0,"116":0,"117":0,"118":0,"119":0,"120":0,"121":0,"122":0,"123":0,"124":0,"125":0,"126":0,"127":0,"128":0,"129":0,"130":0,"131":0,"132":0,"133":0,"134":0,"135":0,"136":0,"137":0,"138":0,"139":0,"140":0,"141":0,"142":0,"143":0,"144":0,"145":0,"146":0,"147":0,"148":0,"149":0,"150":0,"151":0,"152":0,"153":0,"154":0,"155":0,"156":0,"157":0,"158":0,"159":0,"160":0,"161":0,"162":0,"163":0,"164":0,"165":0,"166":0,"167":0,"168":0},"f":{"0":0,"1":0,"2":0,"3":0,"4":0,"5":0,"6":0,"7":0,"8":0,"9":0,"10":0,"11":0,"12":0,"13":0,"14":0,"15":0,"16":0,"17":0,"18":0,"19":0,"20":0,"21":0,"22":0,"23":0,"24":0},"b":{"0":[0,0],"1":[0,0],"2":[0,0],"3":[0],"4":[0,0],"5":[0,0],"6":[0,0,0],"7":[0,0,0],"8":[0,0],"9":[0,0],"10":[0,0],"11":[0,0],"12":[0,0],"13":[0,0],"14":[0,0],"15":[0,0],"16":[0,0],"17":[0,0],"18":[0,0],"19":[0,0],"20":[0,0,0,0,0,0],"21":[0,0],"22":[0,0],"23":[0,0],"24":[0,0],"25":[0,0],"26":[0,0],"27":[0,0],"28":[0,0],"29":[0,0],"30":[0,0],"31":[0,0],"32":[0,0],"33":[0,0],"34":[0,0],"35":[0,0],"36":[0,0],"37":[0,0],"38":[0,0],"39":[0,0],"40":[0,0,0,0],"41":[0,0],"42":[0,0],"43":[0,0],"44":[0,0,0,0],"45":[0,0],"46":[0,0],"47":[0,0],"48":[0,0]}}
,"D:\\venera\\cardano\\X150-Valkyrie\\src\\services\\WalletStateService.ts": {"path":"D:\\venera\\cardano\\X150-Valkyrie\\src\\services\\WalletStateService.ts","statementMap":{"0":{"start":{"line":8,"column":40},"end":{"line":8,"column":42}},"1":{"start":{"line":11,"column":8},"end":{"line":13,"column":9}},"2":{"start":{"line":12,"column":12},"end":{"line":12,"column":67}},"3":{"start":{"line":14,"column":8},"end":{"line":14,"column":43}},"4":{"start":{"line":18,"column":8},"end":{"line":25,"column":18}},"5":{"start":{"line":19,"column":24},"end":{"line":19,"column":73}},"6":{"start":{"line":20,"column":12},"end":{"line":24,"column":13}},"7":{"start":{"line":21,"column":46},"end":{"line":21,"column":61}},"8":{"start":{"line":22,"column":16},"end":{"line":22,"column":92}},"9":{"start":{"line":22,"column":47},"end":{"line":22,"column":89}},"10":{"start":{"line":23,"column":16},"end":{"line":23,"column":94}},"11":{"start":{"line":23,"column":62},"end":{"line":23,"column":72}},"12":{"start":{"line":29,"column":8},"end":{"line":29,"column":44}},"13":{"start":{"line":33,"column":8},"end":{"line":33,"column":35}},"14":{"start":{"line":37,"column":22},"end":{"line":37,"column":58}},"15":{"start":{"line":37,"column":46},"end":{"line":37,"column":57}},"16":{"start":{"line":38,"column":8},"end":{"line":42,"column":9}},"17":{"start":{"line":39,"column":12},"end":{"line":39,"column":86}},"18":{"start":{"line":39,"column":52},"end":{"line":39,"column":83}},"19":{"start":{"line":40,"column":12},"end":{"line":40,"column":40}},"20":{"start":{"line":41,"column":12},"end":{"line":41,"column":93}},"21":{"start":{"line":46,"column":8},"end":{"line":46,"column":34}}},"fnMap":{"0":{"name":"(anonymous_0)","decl":{"start":{"line":10,"column":4},"end":{"line":10,"column":5}},"loc":{"start":{"line":10,"column":45},"end":{"line":15,"column":5}},"line":10},"1":{"name":"(anonymous_1)","decl":{"start":{"line":17,"column":4},"end":{"line":17,"column":5}},"loc":{"start":{"line":17,"column":38},"end":{"line":26,"column":5}},"line":17},"2":{"name":"(anonymous_2)","decl":{"start":{"line":22,"column":41},"end":{"line":22,"column":42}},"loc":{"start":{"line":22,"column":47},"end":{"line":22,"column":89}},"line":22},"3":{"name":"(anonymous_3)","decl":{"start":{"line":23,"column":57},"end":{"line":23,"column":58}},"loc":{"start":{"line":23,"column":62},"end":{"line":23,"column":72}},"line":23},"4":{"name":"(anonymous_4)","decl":{"start":{"line":28,"column":4},"end":{"line":28,"column":5}},"loc":{"start":{"line":28,"column":44},"end":{"line":30,"column":5}},"line":28},"5":{"name":"(anonymous_5)","decl":{"start":{"line":32,"column":4},"end":{"line":32,"column":5}},"loc":{"start":{"line":32,"column":51},"end":{"line":34,"column":5}},"line":32},"6":{"name":"(anonymous_6)","decl":{"start":{"line":36,"column":4},"end":{"line":36,"column":5}},"loc":{"start":{"line":36,"column":55},"end":{"line":43,"column":5}},"line":36},"7":{"name":"(anonymous_7)","decl":{"start":{"line":37,"column":41},"end":{"line":37,"column":42}},"loc":{"start":{"line":37,"column":46},"end":{"line":37,"column":57}},"line":37},"8":{"name":"(anonymous_8)","decl":{"start":{"line":39,"column":46},"end":{"line":39,"column":47}},"loc":{"start":{"line":39,"column":52},"end":{"line":39,"column":83}},"line":39},"9":{"name":"(anonymous_9)","decl":{"start":{"line":45,"column":4},"end":{"line":45,"column":5}},"loc":{"start":{"line":45,"column":35},"end":{"line":47,"column":5}},"line":45}},"branchMap":{"0":{"loc":{"start":{"line":11,"column":8},"end":{"line":13,"column":9}},"type":"if","locations":[{"start":{"line":11,"column":8},"end":{"line":13,"column":9}},{"start":{},"end":{}}],"line":11},"1":{"loc":{"start":{"line":20,"column":12},"end":{"line":24,"column":13}},"type":"if","locations":[{"start":{"line":20,"column":12},"end":{"line":24,"column":13}},{"start":{},"end":{}}],"line":20},"2":{"loc":{"start":{"line":23,"column":38},"end":{"line":23,"column":93}},"type":"binary-expr","locations":[{"start":{"line":23,"column":38},"end":{"line":23,"column":73}},{"start":{"line":23,"column":77},"end":{"line":23,"column":93}}],"line":23},"3":{"loc":{"start":{"line":38,"column":8},"end":{"line":42,"column":9}},"type":"if","locations":[{"start":{"line":38,"column":8},"end":{"line":42,"column":9}},{"start":{},"end":{}}],"line":38}},"s":{"0":0,"1":0,"2":0,"3":0,"4":0,"5":0,"6":0,"7":0,"8":0,"9":0,"10":0,"11":0,"12":0,"13":0,"14":0,"15":0,"16":0,"17":0,"18":0,"19":0,"20":0,"21":0},"f":{"0":0,"1":0,"2":0,"3":0,"4":0,"5":0,"6":0,"7":0,"8":0,"9":0},"b":{"0":[0,0],"1":[0,0],"2":[0,0],"3":[0,0]}}
,"D:\\venera\\cardano\\X150-Valkyrie\\src\\theme\\tokens.ts": {"path":"D:\\venera\\cardano\\X150-Valkyrie\\src\\theme\\tokens.ts","statementMap":{"0":{"start":{"line":1,"column":23},"end":{"line":19,"column":1}},"1":{"start":{"line":21,"column":23},"end":{"line":29,"column":1}},"2":{"start":{"line":31,"column":21},"end":{"line":37,"column":1}},"3":{"start":{"line":39,"column":23},"end":{"line":54,"column":1}},"4":{"start":{"line":56,"column":26},"end":{"line":64,"column":1}},"5":{"start":{"line":66,"column":22},"end":{"line":72,"column":1}}},"fnMap":{},"branchMap":{},"s":{"0":0,"1":0,"2":0,"3":0,"4":0,"5":0},"f":{},"b":{}}
,"D:\\venera\\cardano\\X150-Valkyrie\\src\\types\\error.ts": {"path":"D:\\venera\\cardano\\X150-Valkyrie\\src\\types\\error.ts","statementMap":{},"fnMap":{},"branchMap":{},"s":{},"f":{},"b":{}}
,"D:\\venera\\cardano\\X150-Valkyrie\\src\\types\\navigation.ts": {"path":"D:\\venera\\cardano\\X150-Valkyrie\\src\\types\\navigation.ts","statementMap":{},"fnMap":{},"branchMap":{},"s":{},"f":{},"b":{}}
,"D:\\venera\\cardano\\X150-Valkyrie\\src\\types\\wallet.ts": {"path":"D:\\venera\\cardano\\X150-Valkyrie\\src\\types\\wallet.ts","statementMap":{},"fnMap":{},"branchMap":{},"s":{},"f":{},"b":{},"_coverageSchema":"1a1c01bbd47fc00a2c39e90264f33305004495a9","hash":"f59c86b7e51caae474d2f9e49a9b255c09645c2a"}
}
