TN:
SF:src\components\AnimatedSplashScreen.tsx
FN:19,(anonymous_0)
FN:31,(anonymous_1)
FN:35,(anonymous_2)
FN:107,(anonymous_3)
FN:131,(anonymous_4)
FN:134,(anonymous_5)
FN:234,(anonymous_6)
FN:237,(anonymous_7)
FN:238,(anonymous_8)
FN:246,(anonymous_9)
FNF:10
FNH:0
FNDA:0,(anonymous_0)
FNDA:0,(anonymous_1)
FNDA:0,(anonymous_2)
FNDA:0,(anonymous_3)
FNDA:0,(anonymous_4)
FNDA:0,(anonymous_5)
FNDA:0,(anonymous_6)
FNDA:0,(anonymous_7)
FNDA:0,(anonymous_8)
FNDA:0,(anonymous_9)
DA:17,0
DA:19,0
DA:22,0
DA:23,0
DA:24,0
DA:25,0
DA:26,0
DA:27,0
DA:28,0
DA:29,0
DA:31,0
DA:32,0
DA:35,0
DA:37,0
DA:53,0
DA:108,0
DA:109,0
DA:114,0
DA:132,0
DA:135,0
DA:234,0
DA:235,0
DA:237,0
DA:238,0
DA:239,0
DA:246,0
DA:249,0
DA:256,0
LF:28
LH:0
BRDA:108,0,0,0
BRDA:108,0,1,0
BRF:2
BRH:0
end_of_record
TN:
SF:src\components\CyberpunkButton.tsx
FN:19,(anonymous_0)
FN:30,(anonymous_1)
FN:42,(anonymous_2)
FN:61,(anonymous_3)
FN:74,(anonymous_4)
FNF:5
FNH:0
FNDA:0,(anonymous_0)
FNDA:0,(anonymous_1)
FNDA:0,(anonymous_2)
FNDA:0,(anonymous_3)
FNDA:0,(anonymous_4)
DA:19,0
DA:30,0
DA:31,0
DA:33,0
DA:39,0
DA:42,0
DA:43,0
DA:44,0
DA:47,0
DA:49,0
DA:51,0
DA:53,0
DA:55,0
DA:57,0
DA:61,0
DA:62,0
DA:65,0
DA:68,0
DA:70,0
DA:74,0
DA:75,0
DA:77,0
DA:83,0
DA:89,0
DA:95,0
DA:103,0
DA:104,0
DA:106,0
DA:153,0
LF:29
LH:0
BRDA:22,0,0,0
BRDA:23,1,0,0
BRDA:25,2,0,0
BRDA:26,3,0,0
BRDA:31,4,0,0
BRDA:31,4,1,0
BRDA:31,5,0,0
BRDA:31,5,1,0
BRDA:34,6,0,0
BRDA:34,6,1,0
BRDA:43,7,0,0
BRDA:43,7,1,0
BRDA:47,8,0,0
BRDA:47,8,1,0
BRDA:47,8,2,0
BRDA:47,8,3,0
BRDA:47,8,4,0
BRDA:62,9,0,0
BRDA:62,9,1,0
BRDA:62,9,2,0
BRDA:62,9,3,0
BRDA:62,9,4,0
BRDA:75,10,0,0
BRDA:75,10,1,0
BRDA:75,10,2,0
BRDA:75,10,3,0
BRDA:110,11,0,0
BRDA:110,11,1,0
BRDA:111,12,0,0
BRDA:111,12,1,0
BRDA:112,13,0,0
BRDA:112,13,1,0
BRDA:116,14,0,0
BRDA:116,14,1,0
BRDA:127,15,0,0
BRDA:127,15,1,0
BRDA:130,16,0,0
BRDA:130,16,1,0
BRDA:142,17,0,0
BRDA:142,17,1,0
BRDA:146,18,0,0
BRDA:146,18,1,0
BRF:42
BRH:0
end_of_record
TN:
SF:src\components\CyberpunkCard.tsx
FN:15,(anonymous_0)
FN:26,(anonymous_1)
FN:41,(anonymous_2)
FN:74,(anonymous_3)
FNF:4
FNH:0
FNDA:0,(anonymous_0)
FNDA:0,(anonymous_1)
FNDA:0,(anonymous_2)
FNDA:0,(anonymous_3)
DA:15,0
DA:26,0
DA:27,0
DA:29,0
DA:31,0
DA:33,0
DA:35,0
DA:37,0
DA:41,0
DA:42,0
DA:48,0
DA:50,0
DA:57,0
DA:67,0
DA:74,0
DA:75,0
DA:76,0
DA:78,0
DA:81,0
DA:82,0
DA:84,0
DA:85,0
DA:100,0
DA:114,0
LF:24
LH:0
BRDA:17,0,0,0
BRDA:18,1,0,0
BRDA:20,2,0,0
BRDA:21,3,0,0
BRDA:27,4,0,0
BRDA:27,4,1,0
BRDA:27,4,2,0
BRDA:27,4,3,0
BRDA:27,4,4,0
BRDA:48,5,0,0
BRDA:48,5,1,0
BRDA:48,5,2,0
BRDA:75,6,0,0
BRDA:75,6,1,0
BRDA:84,7,0,0
BRDA:84,7,1,0
BRF:16
BRH:0
end_of_record
TN:
SF:src\components\CyberpunkInput.tsx
FN:26,(anonymous_0)
FN:43,(anonymous_1)
FN:76,(anonymous_2)
FN:120,(anonymous_3)
FN:164,(anonymous_4)
FN:165,(anonymous_5)
FNF:6
FNH:0
FNDA:0,(anonymous_0)
FNDA:0,(anonymous_1)
FNDA:0,(anonymous_2)
FNDA:0,(anonymous_3)
FNDA:0,(anonymous_4)
FNDA:0,(anonymous_5)
DA:26,0
DA:40,0
DA:41,0
DA:43,0
DA:44,0
DA:46,0
DA:53,0
DA:60,0
DA:67,0
DA:76,0
DA:77,0
DA:82,0
DA:84,0
DA:95,0
DA:105,0
DA:117,0
DA:118,0
DA:120,0
DA:121,0
DA:124,0
DA:128,0
DA:132,0
DA:136,0
DA:164,0
DA:165,0
DA:191,0
LF:26
LH:0
BRDA:33,0,0,0
BRDA:34,1,0,0
BRDA:36,2,0,0
BRDA:44,3,0,0
BRDA:44,3,1,0
BRDA:44,3,2,0
BRDA:44,3,3,0
BRDA:82,4,0,0
BRDA:82,4,1,0
BRDA:82,4,2,0
BRDA:87,5,0,0
BRDA:87,5,1,0
BRDA:89,6,0,0
BRDA:89,6,1,0
BRDA:98,7,0,0
BRDA:98,7,1,0
BRDA:100,8,0,0
BRDA:100,8,1,0
BRDA:108,9,0,0
BRDA:108,9,1,0
BRDA:110,10,0,0
BRDA:110,10,1,0
BRDA:124,11,0,0
BRDA:124,11,1,0
BRDA:128,12,0,0
BRDA:128,12,1,0
BRDA:129,13,0,0
BRDA:129,13,1,0
BRDA:132,14,0,0
BRDA:132,14,1,0
BRDA:138,15,0,0
BRDA:138,15,1,0
BRDA:139,16,0,0
BRDA:139,16,1,0
BRDA:145,17,0,0
BRDA:145,17,1,0
BRDA:157,18,0,0
BRDA:157,18,1,0
BRDA:158,19,0,0
BRDA:158,19,1,0
BRDA:169,20,0,0
BRDA:169,20,1,0
BRDA:180,21,0,0
BRDA:180,21,1,0
BRDA:184,22,0,0
BRDA:184,22,1,0
BRDA:184,22,2,0
BRF:47
BRH:0
end_of_record
TN:
SF:src\components\CyberpunkModal.tsx
FN:30,(anonymous_0)
FN:44,(anonymous_1)
FN:106,(anonymous_2)
FN:112,(anonymous_3)
FN:124,(anonymous_4)
FNF:5
FNH:0
FNDA:0,(anonymous_0)
FNDA:0,(anonymous_1)
FNDA:0,(anonymous_2)
FNDA:0,(anonymous_3)
FNDA:0,(anonymous_4)
DA:28,0
DA:30,0
DA:40,0
DA:41,0
DA:42,0
DA:44,0
DA:45,0
DA:46,0
DA:47,0
DA:60,0
DA:61,0
DA:76,0
DA:77,0
DA:89,0
DA:90,0
DA:106,0
DA:107,0
DA:108,0
DA:112,0
DA:113,0
DA:115,0
DA:117,0
DA:120,0
DA:124,0
DA:125,0
DA:127,0
DA:128,0
DA:136,0
DA:144,0
DA:202,0
LF:30
LH:0
BRDA:35,0,0,0
BRDA:36,1,0,0
BRDA:37,2,0,0
BRDA:38,3,0,0
BRDA:45,4,0,0
BRDA:45,4,1,0
BRDA:46,5,0,0
BRDA:46,5,1,0
BRDA:60,6,0,0
BRDA:60,6,1,0
BRDA:76,7,0,0
BRDA:76,7,1,0
BRDA:89,8,0,0
BRDA:89,8,1,0
BRDA:107,9,0,0
BRDA:107,9,1,0
BRDA:113,10,0,0
BRDA:113,10,1,0
BRDA:113,10,2,0
BRDA:113,10,3,0
BRDA:127,11,0,0
BRDA:127,11,1,0
BRDA:172,12,0,0
BRDA:172,12,1,0
BRDA:172,12,2,0
BRDA:175,13,0,0
BRDA:175,13,1,0
BRDA:180,14,0,0
BRDA:180,14,1,0
BRF:29
BRH:0
end_of_record
TN:
SF:src\components\FeatureItem.tsx
FN:25,(anonymous_0)
FN:37,(anonymous_1)
FN:74,(anonymous_2)
FN:95,(anonymous_3)
FN:114,(anonymous_4)
FN:150,(anonymous_5)
FN:188,(anonymous_6)
FNF:7
FNH:0
FNDA:0,(anonymous_0)
FNDA:0,(anonymous_1)
FNDA:0,(anonymous_2)
FNDA:0,(anonymous_3)
FNDA:0,(anonymous_4)
FNDA:0,(anonymous_5)
FNDA:0,(anonymous_6)
DA:25,0
DA:37,0
DA:38,0
DA:40,0
DA:48,0
DA:56,0
DA:64,0
DA:74,0
DA:75,0
DA:77,0
DA:84,0
DA:88,0
DA:95,0
DA:96,0
DA:98,0
DA:102,0
DA:106,0
DA:110,0
DA:111,0
DA:112,0
DA:114,0
DA:115,0
DA:150,0
DA:151,0
DA:188,0
DA:189,0
DA:191,0
DA:198,0
DA:212,0
LF:29
LH:0
BRDA:30,0,0,0
BRDA:31,1,0,0
BRDA:33,2,0,0
BRDA:34,3,0,0
BRDA:38,4,0,0
BRDA:38,4,1,0
BRDA:38,4,2,0
BRDA:38,4,3,0
BRDA:75,5,0,0
BRDA:75,5,1,0
BRDA:75,5,2,0
BRDA:96,6,0,0
BRDA:96,6,1,0
BRDA:96,6,2,0
BRDA:123,7,0,0
BRDA:123,7,1,0
BRDA:126,8,0,0
BRDA:126,8,1,0
BRDA:163,9,0,0
BRDA:163,9,1,0
BRDA:169,10,0,0
BRDA:169,10,1,0
BRDA:189,11,0,0
BRDA:189,11,1,0
BRDA:189,12,0,0
BRDA:189,12,1,0
BRDA:202,13,0,0
BRDA:202,13,1,0
BRF:28
BRH:0
end_of_record
TN:
SF:src\components\LoadingOverlay.tsx
FN:26,(anonymous_0)
FN:37,(anonymous_1)
FN:113,(anonymous_2)
FN:126,(anonymous_3)
FN:139,(anonymous_4)
FN:160,(anonymous_5)
FNF:6
FNH:0
FNDA:0,(anonymous_0)
FNDA:0,(anonymous_1)
FNDA:0,(anonymous_2)
FNDA:0,(anonymous_3)
FNDA:0,(anonymous_4)
FNDA:0,(anonymous_5)
DA:24,0
DA:26,0
DA:35,0
DA:37,0
DA:38,0
DA:65,0
DA:66,0
DA:86,0
DA:87,0
DA:101,0
DA:113,0
DA:114,0
DA:126,0
DA:127,0
DA:139,0
DA:140,0
DA:142,0
DA:160,0
DA:161,0
DA:163,0
DA:177,0
LF:21
LH:0
BRDA:28,0,0,0
BRDA:29,1,0,0
BRDA:30,2,0,0
BRDA:31,3,0,0
BRDA:35,4,0,0
BRDA:35,4,1,0
BRDA:52,5,0,0
BRDA:52,5,1,0
BRDA:65,6,0,0
BRDA:65,6,1,0
BRDA:76,7,0,0
BRDA:76,7,1,0
BRDA:86,8,0,0
BRDA:86,8,1,0
BRDA:91,9,0,0
BRDA:91,9,1,0
BRDA:113,10,0,0
BRDA:126,11,0,0
BRDA:139,12,0,0
BRDA:140,13,0,0
BRDA:140,13,1,0
BRDA:149,14,0,0
BRDA:149,14,1,0
BRDA:160,15,0,0
BRDA:161,16,0,0
BRDA:161,16,1,0
BRDA:170,17,0,0
BRDA:170,17,1,0
BRF:28
BRH:0
end_of_record
TN:
SF:src\components\LoadingSpinner.tsx
FN:22,(anonymous_0)
FN:37,(anonymous_1)
FN:50,(anonymous_2)
FN:60,(anonymous_3)
FN:79,(anonymous_4)
FN:86,(anonymous_5)
FN:103,(anonymous_6)
FN:109,(anonymous_7)
FN:131,(anonymous_8)
FN:144,(anonymous_9)
FN:146,(anonymous_10)
FN:169,(anonymous_11)
FN:171,(anonymous_12)
FN:186,(anonymous_13)
FNF:14
FNH:0
FNDA:0,(anonymous_0)
FNDA:0,(anonymous_1)
FNDA:0,(anonymous_2)
FNDA:0,(anonymous_3)
FNDA:0,(anonymous_4)
FNDA:0,(anonymous_5)
FNDA:0,(anonymous_6)
FNDA:0,(anonymous_7)
FNDA:0,(anonymous_8)
FNDA:0,(anonymous_9)
FNDA:0,(anonymous_10)
FNDA:0,(anonymous_11)
FNDA:0,(anonymous_12)
FNDA:0,(anonymous_13)
DA:22,0
DA:29,0
DA:30,0
DA:31,0
DA:37,0
DA:38,0
DA:40,0
DA:42,0
DA:44,0
DA:46,0
DA:50,0
DA:51,0
DA:52,0
DA:59,0
DA:60,0
DA:63,0
DA:64,0
DA:78,0
DA:79,0
DA:82,0
DA:83,0
DA:87,0
DA:102,0
DA:103,0
DA:107,0
DA:109,0
DA:110,0
DA:115,0
DA:131,0
DA:132,0
DA:144,0
DA:145,0
DA:147,0
DA:169,0
DA:170,0
DA:172,0
DA:186,0
DA:187,0
DA:189,0
DA:191,0
DA:193,0
DA:195,0
DA:197,0
DA:201,0
DA:213,0
LF:45
LH:0
BRDA:23,0,0,0
BRDA:24,1,0,0
BRDA:25,2,0,0
BRDA:38,3,0,0
BRDA:38,3,1,0
BRDA:38,3,2,0
BRDA:38,3,3,0
BRDA:51,4,0,0
BRDA:51,4,1,0
BRDA:63,5,0,0
BRDA:63,5,1,0
BRDA:82,6,0,0
BRDA:82,6,1,0
BRDA:178,7,0,0
BRDA:178,7,1,0
BRDA:178,8,0,0
BRDA:178,8,1,0
BRDA:187,9,0,0
BRDA:187,9,1,0
BRDA:187,9,2,0
BRDA:187,9,3,0
BRDA:187,9,4,0
BRDA:204,10,0,0
BRDA:204,10,1,0
BRF:24
BRH:0
end_of_record
TN:
SF:src\components\QRCodeScanner.tsx
FN:13,(anonymous_0)
FN:16,(anonymous_1)
FN:37,(anonymous_2)
FN:45,(anonymous_3)
FNF:4
FNH:0
FNDA:0,(anonymous_0)
FNDA:0,(anonymous_1)
FNDA:0,(anonymous_2)
FNDA:0,(anonymous_3)
DA:13,0
DA:14,0
DA:16,0
DA:17,0
DA:18,0
DA:19,0
DA:20,0
DA:22,0
DA:23,0
DA:25,0
DA:29,0
DA:37,0
DA:45,0
DA:54,0
LF:14
LH:0
BRDA:17,0,0,0
BRDA:17,0,1,0
BRDA:34,1,0,0
BRDA:34,1,1,0
BRDA:44,2,0,0
BRDA:44,2,1,0
BRF:6
BRH:0
end_of_record
TN:
SF:src\components\SkeletonLoader.tsx
FN:24,(anonymous_0)
FN:35,(anonymous_1)
FN:65,(anonymous_2)
FN:68,(anonymous_3)
FN:97,(anonymous_4)
FN:160,(anonymous_5)
FN:162,(anonymous_6)
FN:176,(anonymous_7)
FN:188,(anonymous_8)
FN:199,(anonymous_9)
FN:213,(anonymous_10)
FN:226,(anonymous_11)
FN:235,(anonymous_12)
FN:237,(anonymous_13)
FNF:14
FNH:0
FNDA:0,(anonymous_0)
FNDA:0,(anonymous_1)
FNDA:0,(anonymous_2)
FNDA:0,(anonymous_3)
FNDA:0,(anonymous_4)
FNDA:0,(anonymous_5)
FNDA:0,(anonymous_6)
FNDA:0,(anonymous_7)
FNDA:0,(anonymous_8)
FNDA:0,(anonymous_9)
FNDA:0,(anonymous_10)
FNDA:0,(anonymous_11)
FNDA:0,(anonymous_12)
FNDA:0,(anonymous_13)
DA:22,0
DA:24,0
DA:32,0
DA:33,0
DA:35,0
DA:38,0
DA:39,0
DA:54,0
DA:63,0
DA:65,0
DA:68,0
DA:69,0
DA:70,0
DA:75,0
DA:76,0
DA:81,0
DA:87,0
DA:92,0
DA:97,0
DA:98,0
DA:99,0
DA:116,0
DA:151,0
DA:160,0
DA:161,0
DA:163,0
DA:176,0
DA:177,0
DA:188,0
DA:189,0
DA:199,0
DA:200,0
DA:213,0
DA:214,0
DA:226,0
DA:227,0
DA:235,0
DA:236,0
DA:238,0
DA:246,0
LF:40
LH:0
BRDA:25,0,0,0
BRDA:26,1,0,0
BRDA:27,2,0,0
BRDA:29,3,0,0
BRDA:30,4,0,0
BRDA:38,5,0,0
BRDA:38,5,1,0
BRDA:69,6,0,0
BRDA:69,6,1,0
BRDA:75,7,0,0
BRDA:75,7,1,0
BRDA:98,8,0,0
BRDA:98,8,1,0
BRDA:160,9,0,0
BRDA:160,10,0,0
BRDA:160,11,0,0
BRDA:160,12,0,0
BRDA:165,13,0,0
BRDA:165,13,1,0
BRDA:165,13,2,0
BRDA:167,14,0,0
BRDA:167,14,1,0
BRDA:188,15,0,0
BRDA:190,16,0,0
BRDA:190,16,1,0
BRDA:226,17,0,0
BRDA:226,18,0,0
BRF:27
BRH:0
end_of_record
TN:
SF:src\components\ToastNotification.tsx
FN:23,(anonymous_0)
FN:34,(anonymous_1)
FN:50,(anonymous_2)
FN:54,(anonymous_3)
FN:57,(anonymous_4)
FN:69,(anonymous_5)
FN:75,(anonymous_6)
FN:90,(anonymous_7)
FNF:8
FNH:0
FNDA:0,(anonymous_0)
FNDA:0,(anonymous_1)
FNDA:0,(anonymous_2)
FNDA:0,(anonymous_3)
FNDA:0,(anonymous_4)
FNDA:0,(anonymous_5)
FNDA:0,(anonymous_6)
FNDA:0,(anonymous_7)
DA:21,0
DA:23,0
DA:30,0
DA:31,0
DA:32,0
DA:34,0
DA:36,0
DA:50,0
DA:51,0
DA:54,0
DA:57,0
DA:58,0
DA:70,0
DA:71,0
DA:75,0
DA:76,0
DA:78,0
DA:80,0
DA:82,0
DA:84,0
DA:86,0
DA:90,0
DA:91,0
DA:93,0
DA:95,0
DA:97,0
DA:100,0
DA:104,0
DA:106,0
DA:142,0
LF:30
LH:0
BRDA:25,0,0,0
BRDA:26,1,0,0
BRDA:76,2,0,0
BRDA:76,2,1,0
BRDA:76,2,2,0
BRDA:76,2,3,0
BRDA:76,2,4,0
BRDA:91,3,0,0
BRDA:91,3,1,0
BRDA:91,3,2,0
BRDA:91,3,3,0
BRDA:91,3,4,0
BRDA:104,4,0,0
BRDA:104,4,1,0
BRF:14
BRH:0
end_of_record
TN:
SF:src\components\index.ts
FNF:0
FNH:0
LF:0
LH:0
BRF:0
BRH:0
end_of_record
TN:
SF:src\components\ui\AppButton.tsx
FN:22,(anonymous_0)
FNF:1
FNH:0
FNDA:0,(anonymous_0)
DA:15,0
DA:22,0
DA:23,0
DA:28,0
DA:29,0
LF:5
LH:0
BRDA:22,0,0,0
BRDA:22,1,0,0
BRDA:22,2,0,0
BRDA:26,3,0,0
BRDA:26,3,1,0
BRDA:28,4,0,0
BRDA:28,4,1,0
BRDA:30,5,0,0
BRDA:30,5,1,0
BRDA:33,6,0,0
BRDA:33,6,1,0
BRDA:35,7,0,0
BRDA:35,7,1,0
BRF:13
BRH:0
end_of_record
TN:
SF:src\components\ui\AppText.tsx
FN:11,(anonymous_0)
FNF:1
FNH:0
FNDA:0,(anonymous_0)
DA:11,0
DA:12,0
DA:13,0
LF:3
LH:0
BRDA:11,0,0,0
BRDA:11,1,0,0
BRDA:17,2,0,0
BRDA:17,2,1,0
BRF:4
BRH:0
end_of_record
TN:
SF:src\components\ui\Card.tsx
FN:10,(anonymous_0)
FNF:1
FNH:0
FNDA:0,(anonymous_0)
DA:10,0
DA:11,0
DA:19,0
LF:3
LH:0
BRDA:10,0,0,0
BRDA:10,1,0,0
BRDA:14,2,0,0
BRDA:14,2,1,0
BRDA:20,3,0,0
BRDA:20,3,1,0
BRF:6
BRH:0
end_of_record
TN:
SF:src\components\ui\Container.tsx
FN:11,(anonymous_0)
FNF:1
FNH:0
FNDA:0,(anonymous_0)
DA:11,0
DA:12,0
LF:2
LH:0
BRDA:11,0,0,0
BRDA:11,1,0,0
BRDA:11,2,0,0
BRDA:17,3,0,0
BRDA:17,3,1,0
BRDA:18,4,0,0
BRDA:18,4,1,0
BRDA:19,5,0,0
BRDA:19,5,1,0
BRDA:21,6,0,0
BRDA:21,6,1,0
BRF:11
BRH:0
end_of_record
TN:
SF:src\components\ui\GradientButton.tsx
FN:12,(anonymous_0)
FNF:1
FNH:0
FNDA:0,(anonymous_0)
DA:12,0
DA:13,0
DA:17,0
DA:22,0
LF:4
LH:0
BRDA:12,0,0,0
BRDA:12,1,0,0
BRDA:20,2,0,0
BRDA:20,2,1,0
BRF:4
BRH:0
end_of_record
TN:
SF:src\components\ui\ResponsiveGrid.tsx
FN:10,(anonymous_0)
FN:15,(anonymous_1)
FNF:2
FNH:0
FNDA:0,(anonymous_0)
FNDA:0,(anonymous_1)
DA:10,0
DA:11,0
DA:12,0
DA:13,0
DA:16,0
LF:5
LH:0
BRDA:10,0,0,0
BRDA:10,1,0,0
BRF:2
BRH:0
end_of_record
TN:
SF:src\config\Environment.ts
FN:49,(anonymous_0)
FN:53,(anonymous_1)
FN:60,(anonymous_2)
FN:107,(anonymous_3)
FN:111,(anonymous_4)
FN:115,(anonymous_5)
FN:119,(anonymous_6)
FN:123,(anonymous_7)
FN:128,(anonymous_8)
FN:141,(anonymous_9)
FN:170,(anonymous_10)
FNF:11
FNH:0
FNDA:0,(anonymous_0)
FNDA:0,(anonymous_1)
FNDA:0,(anonymous_2)
FNDA:0,(anonymous_3)
FNDA:0,(anonymous_4)
FNDA:0,(anonymous_5)
FNDA:0,(anonymous_6)
FNDA:0,(anonymous_7)
FNDA:0,(anonymous_8)
FNDA:0,(anonymous_9)
FNDA:0,(anonymous_10)
DA:50,0
DA:54,0
DA:55,0
DA:57,0
DA:62,0
DA:63,0
DA:64,0
DA:66,0
DA:108,0
DA:112,0
DA:116,0
DA:120,0
DA:124,0
DA:129,0
DA:133,0
DA:134,0
DA:137,0
DA:142,0
DA:145,0
DA:146,0
DA:147,0
DA:149,0
DA:150,0
DA:155,0
DA:156,0
DA:159,0
DA:160,0
DA:163,0
DA:171,0
DA:185,0
DA:189,0
DA:190,0
DA:191,0
LF:33
LH:0
BRDA:54,0,0,0
BRDA:54,0,1,0
BRDA:68,1,0,0
BRDA:68,1,1,0
BRDA:69,2,0,0
BRDA:69,2,1,0
BRDA:70,3,0,0
BRDA:70,3,1,0
BRDA:71,4,0,0
BRDA:71,4,1,0
BRDA:71,5,0,0
BRDA:71,5,1,0
BRDA:75,6,0,0
BRDA:75,6,1,0
BRDA:80,7,0,0
BRDA:80,7,1,0
BRDA:81,8,0,0
BRDA:81,8,1,0
BRDA:84,9,0,0
BRDA:84,9,1,0
BRDA:85,10,0,0
BRDA:85,10,1,0
BRDA:86,11,0,0
BRDA:86,11,1,0
BRDA:89,12,0,0
BRDA:89,12,1,0
BRDA:90,13,0,0
BRDA:90,13,1,0
BRDA:91,14,0,0
BRDA:91,14,1,0
BRDA:92,15,0,0
BRDA:92,15,1,0
BRDA:95,16,0,0
BRDA:95,16,1,0
BRDA:96,17,0,0
BRDA:96,17,1,0
BRDA:97,18,0,0
BRDA:97,18,1,0
BRDA:98,19,0,0
BRDA:98,19,1,0
BRDA:101,20,0,0
BRDA:101,20,1,0
BRDA:102,21,0,0
BRDA:102,21,1,0
BRDA:103,22,0,0
BRDA:103,22,1,0
BRDA:129,23,0,0
BRDA:129,23,1,0
BRDA:133,24,0,0
BRDA:133,24,1,0
BRDA:145,25,0,0
BRDA:145,25,1,0
BRDA:146,26,0,0
BRDA:146,26,1,0
BRDA:149,27,0,0
BRDA:149,27,1,0
BRDA:155,28,0,0
BRDA:155,28,1,0
BRDA:159,29,0,0
BRDA:159,29,1,0
BRDA:159,30,0,0
BRDA:159,30,1,0
BRF:62
BRH:0
end_of_record
TN:
SF:src\constants\ConfigConstants.ts
FN:263,(anonymous_0)
FN:277,(anonymous_1)
FN:289,(anonymous_2)
FN:297,(anonymous_3)
FNF:4
FNH:0
FNDA:0,(anonymous_0)
FNDA:0,(anonymous_1)
FNDA:0,(anonymous_2)
FNDA:0,(anonymous_3)
DA:12,2
DA:36,2
DA:63,2
DA:92,2
DA:116,2
DA:140,2
DA:162,2
DA:184,2
DA:200,2
DA:221,2
DA:242,2
DA:263,2
DA:264,0
DA:265,0
DA:266,0
DA:267,0
DA:268,0
DA:269,0
DA:270,0
DA:277,2
DA:278,0
DA:279,0
DA:280,0
DA:281,0
DA:282,0
DA:289,2
DA:290,0
DA:297,2
DA:298,0
DA:299,0
DA:300,0
DA:301,0
DA:303,0
DA:304,0
DA:305,0
DA:306,0
LF:36
LH:15
BRDA:264,0,0,0
BRDA:264,0,1,0
BRDA:264,0,2,0
BRDA:264,0,3,0
BRDA:264,0,4,0
BRDA:264,0,5,0
BRDA:278,1,0,0
BRDA:278,1,1,0
BRDA:278,1,2,0
BRDA:278,1,3,0
BRDA:290,2,0,0
BRDA:290,2,1,0
BRDA:303,3,0,0
BRDA:303,3,1,0
BRDA:304,4,0,0
BRDA:304,4,1,0
BRDA:305,5,0,0
BRDA:305,5,1,0
BRF:18
BRH:0
end_of_record
TN:
SF:src\constants\CryptoConstants.ts
FN:181,(anonymous_0)
FN:188,(anonymous_1)
FN:211,(anonymous_2)
FNF:3
FNH:0
FNDA:0,(anonymous_0)
FNDA:0,(anonymous_1)
FNDA:0,(anonymous_2)
DA:12,2
DA:35,2
DA:55,2
DA:77,2
DA:99,2
DA:118,2
DA:135,2
DA:156,2
DA:181,2
DA:182,0
DA:188,2
DA:195,0
DA:197,0
DA:198,0
DA:200,0
DA:201,0
DA:205,0
DA:211,2
DA:212,0
DA:213,0
DA:214,0
DA:215,0
DA:217,0
DA:218,0
DA:219,0
DA:220,0
LF:26
LH:11
BRDA:189,0,0,0
BRDA:190,1,0,0
BRDA:191,2,0,0
BRDA:197,3,0,0
BRDA:197,3,1,0
BRDA:200,4,0,0
BRDA:200,4,1,0
BRDA:217,5,0,0
BRDA:217,5,1,0
BRDA:217,6,0,0
BRDA:217,6,1,0
BRDA:218,7,0,0
BRDA:218,7,1,0
BRDA:218,8,0,0
BRDA:218,8,1,0
BRDA:219,9,0,0
BRDA:219,9,1,0
BRDA:219,10,0,0
BRDA:219,10,1,0
BRDA:220,11,0,0
BRDA:220,11,1,0
BRF:21
BRH:0
end_of_record
TN:
SF:src\contexts\ToastContext.tsx
FN:16,(anonymous_0)
FN:29,(anonymous_1)
FN:38,(anonymous_2)
FN:43,(anonymous_3)
FN:48,(anonymous_4)
FN:49,(anonymous_5)
FN:53,(anonymous_6)
FN:82,(anonymous_7)
FNF:8
FNH:0
FNDA:0,(anonymous_0)
FNDA:0,(anonymous_1)
FNDA:0,(anonymous_2)
FNDA:0,(anonymous_3)
FNDA:0,(anonymous_4)
FNDA:0,(anonymous_5)
FNDA:0,(anonymous_6)
FNDA:0,(anonymous_7)
DA:10,0
DA:16,0
DA:17,0
DA:27,0
DA:29,0
DA:30,0
DA:32,0
DA:38,0
DA:39,0
DA:43,0
DA:44,0
DA:49,0
DA:53,0
DA:54,0
DA:56,0
DA:58,0
DA:60,0
DA:64,0
DA:82,0
DA:83,0
DA:84,0
DA:85,0
DA:87,0
DA:90,0
LF:24
LH:0
BRDA:29,0,0,0
BRDA:29,1,0,0
BRDA:54,2,0,0
BRDA:54,2,1,0
BRDA:54,2,2,0
BRDA:67,3,0,0
BRDA:67,3,1,0
BRDA:84,4,0,0
BRDA:84,4,1,0
BRF:9
BRH:0
end_of_record
TN:
SF:src\core\di\DIInitializer.ts
FN:20,(anonymous_0)
FN:33,(anonymous_1)
FN:88,(anonymous_2)
FN:102,(anonymous_3)
FN:128,(anonymous_4)
FN:174,(anonymous_5)
FN:180,(anonymous_6)
FN:192,(anonymous_7)
FN:204,(anonymous_8)
FN:219,(anonymous_9)
FN:236,(anonymous_10)
FN:246,(anonymous_11)
FN:247,(anonymous_12)
FN:261,(anonymous_13)
FN:285,(anonymous_14)
FNF:15
FNH:0
FNDA:0,(anonymous_0)
FNDA:0,(anonymous_1)
FNDA:0,(anonymous_2)
FNDA:0,(anonymous_3)
FNDA:0,(anonymous_4)
FNDA:0,(anonymous_5)
FNDA:0,(anonymous_6)
FNDA:0,(anonymous_7)
FNDA:0,(anonymous_8)
FNDA:0,(anonymous_9)
FNDA:0,(anonymous_10)
FNDA:0,(anonymous_11)
FNDA:0,(anonymous_12)
FNDA:0,(anonymous_13)
FNDA:0,(anonymous_14)
DA:12,0
DA:13,0
DA:14,0
DA:15,0
DA:22,0
DA:23,0
DA:26,0
DA:27,0
DA:34,0
DA:36,0
DA:37,0
DA:42,0
DA:45,0
DA:46,0
DA:47,0
DA:51,0
DA:54,0
DA:57,0
DA:60,0
DA:62,0
DA:64,0
DA:72,0
DA:79,0
DA:80,0
DA:85,0
DA:88,0
DA:91,0
DA:93,0
DA:94,0
DA:103,0
DA:105,0
DA:106,0
DA:107,0
DA:110,0
DA:111,0
DA:113,0
DA:114,0
DA:117,0
DA:120,0
DA:121,0
DA:129,0
DA:131,0
DA:132,0
DA:136,0
DA:137,0
DA:138,0
DA:142,0
DA:149,0
DA:150,0
DA:151,0
DA:152,0
DA:153,0
DA:156,0
DA:160,0
DA:166,0
DA:167,0
DA:175,0
DA:177,0
DA:180,0
DA:181,0
DA:182,0
DA:183,0
DA:184,0
DA:187,0
DA:192,0
DA:193,0
DA:194,0
DA:195,0
DA:196,0
DA:199,0
DA:204,0
DA:206,0
DA:212,0
DA:225,0
DA:237,0
DA:238,0
DA:239,0
DA:240,0
DA:247,0
DA:248,0
DA:249,0
DA:250,0
DA:251,0
DA:253,0
DA:255,0
DA:261,0
DA:271,0
DA:290,0
DA:291,0
DA:292,0
DA:295,0
DA:297,0
DA:299,0
DA:300,0
DA:302,0
DA:304,0
DA:310,0
DA:312,0
LF:98
LH:0
BRDA:22,0,0,0
BRDA:22,0,1,0
BRDA:45,1,0,0
BRDA:45,1,1,0
BRDA:79,2,0,0
BRDA:79,2,1,0
BRDA:106,3,0,0
BRDA:106,3,1,0
BRDA:107,4,0,0
BRDA:107,4,1,0
BRDA:110,5,0,0
BRDA:110,5,1,0
BRDA:111,6,0,0
BRDA:111,6,1,0
BRDA:113,7,0,0
BRDA:113,7,1,0
BRDA:114,8,0,0
BRDA:114,8,1,0
BRDA:117,9,0,0
BRDA:117,9,1,0
BRDA:117,9,2,0
BRDA:131,10,0,0
BRDA:131,10,1,0
BRDA:137,11,0,0
BRDA:137,11,1,0
BRDA:152,12,0,0
BRDA:152,12,1,0
BRDA:183,13,0,0
BRDA:183,13,1,0
BRDA:183,14,0,0
BRDA:183,14,1,0
BRDA:195,15,0,0
BRDA:195,15,1,0
BRDA:195,16,0,0
BRDA:195,16,1,0
BRDA:229,17,0,0
BRDA:229,17,1,0
BRDA:250,18,0,0
BRDA:250,18,1,0
BRDA:251,19,0,0
BRDA:251,19,1,0
BRDA:253,20,0,0
BRDA:253,20,1,0
BRDA:274,21,0,0
BRDA:274,21,1,0
BRDA:314,22,0,0
BRDA:314,22,1,0
BRF:47
BRH:0
end_of_record
TN:
SF:src\core\di\ServiceConfiguration.ts
FN:71,(anonymous_0)
FN:110,(anonymous_1)
FN:117,(anonymous_2)
FN:123,(anonymous_3)
FN:135,(anonymous_4)
FN:139,(anonymous_5)
FN:145,(anonymous_6)
FN:151,(anonymous_7)
FN:157,(anonymous_8)
FN:163,(anonymous_9)
FN:169,(anonymous_10)
FN:175,(anonymous_11)
FN:182,(anonymous_12)
FN:188,(anonymous_13)
FN:194,(anonymous_14)
FN:203,(anonymous_15)
FN:207,(anonymous_16)
FN:213,(anonymous_17)
FN:219,(anonymous_18)
FN:225,(anonymous_19)
FN:231,(anonymous_20)
FN:240,(anonymous_21)
FN:244,(anonymous_22)
FN:250,(anonymous_23)
FN:256,(anonymous_24)
FN:263,(anonymous_25)
FN:270,(anonymous_26)
FN:281,(anonymous_27)
FN:291,(anonymous_28)
FN:295,(anonymous_29)
FN:301,(anonymous_30)
FN:308,(anonymous_31)
FN:315,(anonymous_32)
FN:327,(anonymous_33)
FN:337,(anonymous_34)
FN:341,(anonymous_35)
FN:347,(anonymous_36)
FN:359,(anonymous_37)
FN:371,(anonymous_38)
FN:382,(anonymous_39)
FN:392,(anonymous_40)
FN:396,(anonymous_41)
FN:403,(anonymous_42)
FN:410,(anonymous_43)
FN:417,(anonymous_44)
FN:424,(anonymous_45)
FN:434,(anonymous_46)
FN:442,(anonymous_47)
FN:449,(anonymous_48)
FN:457,(anonymous_49)
FN:458,(anonymous_50)
FN:459,(anonymous_51)
FN:462,(anonymous_52)
FN:463,(anonymous_53)
FNF:54
FNH:0
FNDA:0,(anonymous_0)
FNDA:0,(anonymous_1)
FNDA:0,(anonymous_2)
FNDA:0,(anonymous_3)
FNDA:0,(anonymous_4)
FNDA:0,(anonymous_5)
FNDA:0,(anonymous_6)
FNDA:0,(anonymous_7)
FNDA:0,(anonymous_8)
FNDA:0,(anonymous_9)
FNDA:0,(anonymous_10)
FNDA:0,(anonymous_11)
FNDA:0,(anonymous_12)
FNDA:0,(anonymous_13)
FNDA:0,(anonymous_14)
FNDA:0,(anonymous_15)
FNDA:0,(anonymous_16)
FNDA:0,(anonymous_17)
FNDA:0,(anonymous_18)
FNDA:0,(anonymous_19)
FNDA:0,(anonymous_20)
FNDA:0,(anonymous_21)
FNDA:0,(anonymous_22)
FNDA:0,(anonymous_23)
FNDA:0,(anonymous_24)
FNDA:0,(anonymous_25)
FNDA:0,(anonymous_26)
FNDA:0,(anonymous_27)
FNDA:0,(anonymous_28)
FNDA:0,(anonymous_29)
FNDA:0,(anonymous_30)
FNDA:0,(anonymous_31)
FNDA:0,(anonymous_32)
FNDA:0,(anonymous_33)
FNDA:0,(anonymous_34)
FNDA:0,(anonymous_35)
FNDA:0,(anonymous_36)
FNDA:0,(anonymous_37)
FNDA:0,(anonymous_38)
FNDA:0,(anonymous_39)
FNDA:0,(anonymous_40)
FNDA:0,(anonymous_41)
FNDA:0,(anonymous_42)
FNDA:0,(anonymous_43)
FNDA:0,(anonymous_44)
FNDA:0,(anonymous_45)
FNDA:0,(anonymous_46)
FNDA:0,(anonymous_47)
FNDA:0,(anonymous_48)
FNDA:0,(anonymous_49)
FNDA:0,(anonymous_50)
FNDA:0,(anonymous_51)
FNDA:0,(anonymous_52)
FNDA:0,(anonymous_53)
DA:66,0
DA:72,0
DA:73,0
DA:74,0
DA:77,0
DA:78,0
DA:81,0
DA:82,0
DA:83,0
DA:84,0
DA:85,0
DA:86,0
DA:87,0
DA:90,0
DA:91,0
DA:92,0
DA:93,0
DA:96,0
DA:97,0
DA:102,0
DA:103,0
DA:112,0
DA:115,0
DA:117,0
DA:121,0
DA:123,0
DA:127,0
DA:129,0
DA:137,0
DA:139,0
DA:143,0
DA:145,0
DA:149,0
DA:151,0
DA:155,0
DA:157,0
DA:161,0
DA:163,0
DA:167,0
DA:169,0
DA:173,0
DA:175,0
DA:180,0
DA:182,0
DA:186,0
DA:188,0
DA:192,0
DA:194,0
DA:197,0
DA:205,0
DA:207,0
DA:211,0
DA:213,0
DA:217,0
DA:219,0
DA:223,0
DA:225,0
DA:229,0
DA:231,0
DA:234,0
DA:242,0
DA:244,0
DA:248,0
DA:250,0
DA:254,0
DA:256,0
DA:261,0
DA:263,0
DA:268,0
DA:270,0
DA:279,0
DA:281,0
DA:285,0
DA:293,0
DA:295,0
DA:299,0
DA:301,0
DA:306,0
DA:308,0
DA:313,0
DA:315,0
DA:325,0
DA:327,0
DA:331,0
DA:339,0
DA:341,0
DA:345,0
DA:347,0
DA:357,0
DA:359,0
DA:369,0
DA:371,0
DA:380,0
DA:382,0
DA:386,0
DA:394,0
DA:396,0
DA:401,0
DA:403,0
DA:408,0
DA:410,0
DA:415,0
DA:417,0
DA:422,0
DA:424,0
DA:428,0
DA:435,0
DA:436,0
DA:443,0
DA:450,0
DA:451,0
DA:454,0
DA:457,0
DA:458,0
DA:459,0
DA:462,0
DA:463,0
DA:465,0
DA:470,0
DA:471,0
LF:120
LH:0
BRDA:72,0,0,0
BRDA:72,0,1,0
BRDA:91,1,0,0
BRDA:91,1,1,0
BRF:4
BRH:0
end_of_record
TN:
SF:src\core\di\ServiceContainer.ts
FN:48,(anonymous_0)
FN:58,(anonymous_1)
FN:65,(anonymous_2)
FN:103,(anonymous_3)
FN:114,(anonymous_4)
FN:125,(anonymous_5)
FN:136,(anonymous_6)
FN:140,(anonymous_7)
FN:162,(anonymous_8)
FN:185,(anonymous_9)
FN:197,(anonymous_10)
FN:204,(anonymous_11)
FN:205,(anonymous_12)
FN:213,(anonymous_13)
FN:231,(anonymous_14)
FN:233,(anonymous_15)
FN:234,(anonymous_16)
FN:246,(anonymous_17)
FN:253,(anonymous_18)
FN:265,(anonymous_19)
FN:295,(anonymous_20)
FN:314,(anonymous_21)
FN:360,(anonymous_22)
FN:440,(anonymous_23)
FN:471,(anonymous_24)
FNF:25
FNH:0
FNDA:0,(anonymous_0)
FNDA:0,(anonymous_1)
FNDA:0,(anonymous_2)
FNDA:0,(anonymous_3)
FNDA:0,(anonymous_4)
FNDA:0,(anonymous_5)
FNDA:0,(anonymous_6)
FNDA:0,(anonymous_7)
FNDA:0,(anonymous_8)
FNDA:0,(anonymous_9)
FNDA:0,(anonymous_10)
FNDA:0,(anonymous_11)
FNDA:0,(anonymous_12)
FNDA:0,(anonymous_13)
FNDA:0,(anonymous_14)
FNDA:0,(anonymous_15)
FNDA:0,(anonymous_16)
FNDA:0,(anonymous_17)
FNDA:0,(anonymous_18)
FNDA:0,(anonymous_19)
FNDA:0,(anonymous_20)
FNDA:0,(anonymous_21)
FNDA:0,(anonymous_22)
FNDA:0,(anonymous_23)
FNDA:0,(anonymous_24)
DA:40,0
DA:41,0
DA:42,0
DA:43,0
DA:49,0
DA:50,0
DA:52,0
DA:59,0
DA:71,0
DA:72,0
DA:73,0
DA:76,0
DA:84,0
DA:86,0
DA:92,0
DA:95,0
DA:96,0
DA:108,0
DA:119,0
DA:130,0
DA:137,0
DA:138,0
DA:140,0
DA:147,0
DA:149,0
DA:151,0
DA:154,0
DA:155,0
DA:163,0
DA:165,0
DA:166,0
DA:169,0
DA:171,0
DA:174,0
DA:175,0
DA:178,0
DA:186,0
DA:187,0
DA:189,0
DA:190,0
DA:198,0
DA:205,0
DA:206,0
DA:214,0
DA:215,0
DA:216,0
DA:219,0
DA:232,0
DA:233,0
DA:234,0
DA:247,0
DA:254,0
DA:255,0
DA:256,0
DA:258,0
DA:266,0
DA:268,0
DA:269,0
DA:270,0
DA:271,0
DA:272,0
DA:274,0
DA:280,0
DA:281,0
DA:282,0
DA:283,0
DA:285,0
DA:288,0
DA:296,0
DA:299,0
DA:300,0
DA:303,0
DA:308,0
DA:315,0
DA:317,0
DA:319,0
DA:320,0
DA:321,0
DA:322,0
DA:323,0
DA:329,0
DA:330,0
DA:331,0
DA:332,0
DA:333,0
DA:339,0
DA:341,0
DA:347,0
DA:350,0
DA:351,0
DA:362,0
DA:363,0
DA:364,0
DA:365,0
DA:368,0
DA:369,0
DA:370,0
DA:374,0
DA:376,0
DA:377,0
DA:379,0
DA:382,0
DA:383,0
DA:385,0
DA:389,0
DA:393,0
DA:395,0
DA:397,0
DA:398,0
DA:399,0
DA:400,0
DA:401,0
DA:406,0
DA:409,0
DA:411,0
DA:412,0
DA:415,0
DA:416,0
DA:420,0
DA:423,0
DA:429,0
DA:433,0
DA:445,0
DA:446,0
DA:449,0
DA:450,0
DA:451,0
DA:454,0
DA:455,0
DA:457,0
DA:458,0
DA:459,0
DA:460,0
DA:464,0
DA:465,0
DA:472,0
DA:473,0
DA:474,0
DA:475,0
DA:476,0
DA:478,0
DA:481,0
LF:142
LH:0
BRDA:49,0,0,0
BRDA:49,0,1,0
BRDA:68,1,0,0
BRDA:69,2,0,0
BRDA:72,3,0,0
BRDA:72,3,1,0
BRDA:106,4,0,0
BRDA:117,5,0,0
BRDA:128,6,0,0
BRDA:198,7,0,0
BRDA:198,7,1,0
BRDA:215,8,0,0
BRDA:215,8,1,0
BRDA:221,9,0,0
BRDA:221,9,1,0
BRDA:223,10,0,0
BRDA:223,10,1,0
BRDA:236,11,0,0
BRDA:236,11,1,0
BRDA:238,12,0,0
BRDA:238,12,1,0
BRDA:269,13,0,0
BRDA:269,13,1,0
BRDA:269,14,0,0
BRDA:269,14,1,0
BRDA:320,15,0,0
BRDA:320,15,1,0
BRDA:322,16,0,0
BRDA:322,16,1,0
BRDA:330,17,0,0
BRDA:330,17,1,0
BRDA:330,18,0,0
BRDA:330,18,1,0
BRDA:332,19,0,0
BRDA:332,19,1,0
BRDA:362,20,0,0
BRDA:362,20,1,0
BRDA:369,21,0,0
BRDA:369,21,1,0
BRDA:369,22,0,0
BRDA:369,22,1,0
BRDA:374,23,0,0
BRDA:374,23,1,0
BRDA:374,23,2,0
BRDA:376,24,0,0
BRDA:376,24,1,0
BRDA:382,25,0,0
BRDA:382,25,1,0
BRDA:398,26,0,0
BRDA:398,26,1,0
BRDA:409,27,0,0
BRDA:409,27,1,0
BRDA:409,27,2,0
BRDA:426,28,0,0
BRDA:426,28,1,0
BRDA:443,29,0,0
BRDA:445,30,0,0
BRDA:445,30,1,0
BRDA:450,31,0,0
BRDA:450,31,1,0
BRDA:450,32,0,0
BRDA:450,32,1,0
BRDA:459,33,0,0
BRDA:459,33,1,0
BRDA:473,34,0,0
BRDA:473,34,1,0
BRF:66
BRH:0
end_of_record
TN:
SF:src\core\di\ServiceTokens.ts
FN:198,isValidServiceToken
FN:205,getTokenGroup
FN:217,getTokensInGroup
FN:236,getAllTokenMetadata
FN:240,(anonymous_4)
FN:250,(anonymous_5)
FN:260,(anonymous_6)
FN:270,(anonymous_7)
FN:280,(anonymous_8)
FN:290,(anonymous_9)
FN:300,(anonymous_10)
FN:315,getTokenDescription
FNF:12
FNH:0
FNDA:0,isValidServiceToken
FNDA:0,getTokenGroup
FNDA:0,getTokensInGroup
FNDA:0,getAllTokenMetadata
FNDA:0,(anonymous_4)
FNDA:0,(anonymous_5)
FNDA:0,(anonymous_6)
FNDA:0,(anonymous_7)
FNDA:0,(anonymous_8)
FNDA:0,(anonymous_9)
FNDA:0,(anonymous_10)
FNDA:0,getTokenDescription
DA:12,0
DA:45,0
DA:63,0
DA:78,0
DA:93,0
DA:118,0
DA:136,0
DA:151,0
DA:179,0
DA:189,0
DA:199,0
DA:206,0
DA:207,0
DA:208,0
DA:211,0
DA:218,0
DA:237,0
DA:240,0
DA:241,0
DA:250,0
DA:251,0
DA:260,0
DA:261,0
DA:270,0
DA:271,0
DA:280,0
DA:281,0
DA:290,0
DA:291,0
DA:300,0
DA:301,0
DA:309,0
DA:316,0
DA:374,0
LF:34
LH:0
BRDA:207,0,0,0
BRDA:207,0,1,0
BRDA:374,1,0,0
BRDA:374,1,1,0
BRF:4
BRH:0
end_of_record
TN:
SF:src\core\di\index.ts
FN:49,(anonymous_0)
FN:90,(anonymous_1)
FN:100,(anonymous_2)
FN:107,(anonymous_3)
FN:114,(anonymous_4)
FN:121,(anonymous_5)
FN:133,(anonymous_6)
FN:144,(anonymous_7)
FN:151,(anonymous_8)
FN:158,(anonymous_9)
FN:165,(anonymous_10)
FN:172,(anonymous_11)
FN:179,(anonymous_12)
FN:186,(anonymous_13)
FN:204,(anonymous_14)
FN:213,(anonymous_15)
FN:220,(anonymous_16)
FN:228,(anonymous_17)
FN:229,(anonymous_18)
FN:230,(anonymous_19)
FN:231,(anonymous_20)
FN:232,(anonymous_21)
FN:233,(anonymous_22)
FN:234,(anonymous_23)
FN:237,(anonymous_24)
FN:238,(anonymous_25)
FN:239,(anonymous_26)
FN:240,(anonymous_27)
FN:241,(anonymous_28)
FN:244,(anonymous_29)
FN:245,(anonymous_30)
FN:248,(anonymous_31)
FN:249,(anonymous_32)
FN:250,(anonymous_33)
FN:253,(anonymous_34)
FN:254,(anonymous_35)
FN:255,(anonymous_36)
FN:258,(anonymous_37)
FN:259,(anonymous_38)
FN:260,(anonymous_39)
FN:263,(anonymous_40)
FN:264,(anonymous_41)
FN:265,(anonymous_42)
FN:270,(anonymous_43)
FN:274,(anonymous_44)
FN:284,(anonymous_45)
FN:302,(anonymous_46)
FN:306,(anonymous_47)
FN:315,(anonymous_48)
FN:336,(anonymous_49)
FN:343,(anonymous_50)
FN:355,(anonymous_51)
FN:359,(anonymous_52)
FNF:53
FNH:0
FNDA:0,(anonymous_0)
FNDA:0,(anonymous_1)
FNDA:0,(anonymous_2)
FNDA:0,(anonymous_3)
FNDA:0,(anonymous_4)
FNDA:0,(anonymous_5)
FNDA:0,(anonymous_6)
FNDA:0,(anonymous_7)
FNDA:0,(anonymous_8)
FNDA:0,(anonymous_9)
FNDA:0,(anonymous_10)
FNDA:0,(anonymous_11)
FNDA:0,(anonymous_12)
FNDA:0,(anonymous_13)
FNDA:0,(anonymous_14)
FNDA:0,(anonymous_15)
FNDA:0,(anonymous_16)
FNDA:0,(anonymous_17)
FNDA:0,(anonymous_18)
FNDA:0,(anonymous_19)
FNDA:0,(anonymous_20)
FNDA:0,(anonymous_21)
FNDA:0,(anonymous_22)
FNDA:0,(anonymous_23)
FNDA:0,(anonymous_24)
FNDA:0,(anonymous_25)
FNDA:0,(anonymous_26)
FNDA:0,(anonymous_27)
FNDA:0,(anonymous_28)
FNDA:0,(anonymous_29)
FNDA:0,(anonymous_30)
FNDA:0,(anonymous_31)
FNDA:0,(anonymous_32)
FNDA:0,(anonymous_33)
FNDA:0,(anonymous_34)
FNDA:0,(anonymous_35)
FNDA:0,(anonymous_36)
FNDA:0,(anonymous_37)
FNDA:0,(anonymous_38)
FNDA:0,(anonymous_39)
FNDA:0,(anonymous_40)
FNDA:0,(anonymous_41)
FNDA:0,(anonymous_42)
FNDA:0,(anonymous_43)
FNDA:0,(anonymous_44)
FNDA:0,(anonymous_45)
FNDA:0,(anonymous_46)
FNDA:0,(anonymous_47)
FNDA:0,(anonymous_48)
FNDA:0,(anonymous_49)
FNDA:0,(anonymous_50)
FNDA:0,(anonymous_51)
FNDA:0,(anonymous_52)
DA:43,0
DA:44,0
DA:50,0
DA:51,0
DA:52,0
DA:53,0
DA:56,0
DA:59,0
DA:62,0
DA:63,0
DA:65,0
DA:69,0
DA:70,0
DA:71,0
DA:74,0
DA:76,0
DA:82,0
DA:83,0
DA:91,0
DA:92,0
DA:94,0
DA:101,0
DA:108,0
DA:115,0
DA:127,0
DA:138,0
DA:145,0
DA:152,0
DA:159,0
DA:166,0
DA:173,0
DA:180,0
DA:187,0
DA:188,0
DA:189,0
DA:190,0
DA:192,0
DA:194,0
DA:197,0
DA:205,0
DA:206,0
DA:207,0
DA:214,0
DA:221,0
DA:226,0
DA:228,0
DA:229,0
DA:230,0
DA:231,0
DA:232,0
DA:233,0
DA:234,0
DA:237,0
DA:238,0
DA:239,0
DA:240,0
DA:241,0
DA:244,0
DA:245,0
DA:248,0
DA:249,0
DA:250,0
DA:253,0
DA:254,0
DA:255,0
DA:258,0
DA:259,0
DA:260,0
DA:263,0
DA:264,0
DA:265,0
DA:269,0
DA:271,0
DA:275,0
DA:280,0
DA:289,0
DA:290,0
DA:291,0
DA:293,0
DA:296,0
DA:306,0
DA:311,0
DA:316,0
DA:317,0
DA:320,0
DA:321,0
DA:322,0
DA:324,0
DA:337,0
DA:344,0
DA:345,0
DA:346,0
DA:348,0
DA:356,0
DA:357,0
DA:359,0
DA:360,0
DA:363,0
LF:98
LH:0
BRDA:49,0,0,0
BRDA:51,1,0,0
BRDA:51,1,1,0
BRDA:62,2,0,0
BRDA:62,2,1,0
BRDA:70,3,0,0
BRDA:70,3,1,0
BRDA:91,4,0,0
BRDA:91,4,1,0
BRDA:124,5,0,0
BRDA:125,6,0,0
BRDA:136,7,0,0
BRDA:188,8,0,0
BRDA:188,8,1,0
BRDA:221,9,0,0
BRDA:221,9,1,0
BRDA:287,10,0,0
BRDA:289,11,0,0
BRDA:289,11,1,0
BRDA:289,12,0,0
BRDA:289,12,1,0
BRDA:289,12,2,0
BRDA:316,13,0,0
BRDA:316,13,1,0
BRF:24
BRH:0
end_of_record
TN:
SF:src\core\errors\AppError.ts
FN:90,(anonymous_0)
FN:150,(anonymous_1)
FN:164,(anonymous_2)
FN:174,(anonymous_3)
FN:184,(anonymous_4)
FN:194,(anonymous_5)
FN:204,(anonymous_6)
FN:214,(anonymous_7)
FN:224,(anonymous_8)
FN:234,(anonymous_9)
FN:244,(anonymous_10)
FN:252,(anonymous_11)
FN:259,(anonymous_12)
FN:266,(anonymous_13)
FN:273,(anonymous_14)
FN:295,(anonymous_15)
FN:327,(anonymous_16)
FN:345,(anonymous_17)
FN:357,(anonymous_18)
FN:365,(anonymous_19)
FN:371,(anonymous_20)
FN:386,(anonymous_21)
FN:399,(anonymous_22)
FN:412,(anonymous_23)
FN:423,(anonymous_24)
FN:449,(anonymous_25)
FN:473,(anonymous_26)
FNF:27
FNH:0
FNDA:0,(anonymous_0)
FNDA:0,(anonymous_1)
FNDA:0,(anonymous_2)
FNDA:0,(anonymous_3)
FNDA:0,(anonymous_4)
FNDA:0,(anonymous_5)
FNDA:0,(anonymous_6)
FNDA:0,(anonymous_7)
FNDA:0,(anonymous_8)
FNDA:0,(anonymous_9)
FNDA:0,(anonymous_10)
FNDA:0,(anonymous_11)
FNDA:0,(anonymous_12)
FNDA:0,(anonymous_13)
FNDA:0,(anonymous_14)
FNDA:0,(anonymous_15)
FNDA:0,(anonymous_16)
FNDA:0,(anonymous_17)
FNDA:0,(anonymous_18)
FNDA:0,(anonymous_19)
FNDA:0,(anonymous_20)
FNDA:0,(anonymous_21)
FNDA:0,(anonymous_22)
FNDA:0,(anonymous_23)
FNDA:0,(anonymous_24)
FNDA:0,(anonymous_25)
FNDA:0,(anonymous_26)
DA:86,0
DA:87,0
DA:88,0
DA:97,0
DA:100,0
DA:102,0
DA:105,0
DA:106,0
DA:109,0
DA:110,0
DA:111,0
DA:112,0
DA:113,0
DA:116,0
DA:123,0
DA:134,0
DA:135,0
DA:136,0
DA:139,0
DA:140,0
DA:144,0
DA:151,0
DA:152,0
DA:158,0
DA:165,0
DA:175,0
DA:185,0
DA:195,0
DA:205,0
DA:215,0
DA:225,0
DA:235,0
DA:245,0
DA:253,0
DA:260,0
DA:267,0
DA:274,0
DA:296,0
DA:328,0
DA:346,0
DA:347,0
DA:348,0
DA:349,0
DA:350,0
DA:351,0
DA:358,0
DA:359,0
DA:360,0
DA:366,0
DA:367,0
DA:368,0
DA:372,0
DA:374,0
DA:376,0
DA:378,0
DA:380,0
DA:382,0
DA:387,0
DA:389,0
DA:391,0
DA:393,0
DA:395,0
DA:400,0
DA:402,0
DA:404,0
DA:406,0
DA:408,0
DA:413,0
DA:415,0
DA:417,0
DA:419,0
DA:424,0
DA:426,0
DA:428,0
DA:429,0
DA:430,0
DA:432,0
DA:433,0
DA:434,0
DA:436,0
DA:437,0
DA:438,0
DA:440,0
DA:441,0
DA:442,0
DA:443,0
DA:446,0
DA:450,0
DA:453,0
DA:454,0
DA:455,0
DA:456,0
DA:457,0
DA:460,0
DA:461,0
DA:462,0
DA:463,0
DA:464,0
DA:465,0
DA:466,0
DA:467,0
DA:470,0
DA:474,0
DA:475,0
LF:104
LH:0
BRDA:93,0,0,0
BRDA:100,1,0,0
BRDA:100,1,1,0
BRDA:110,2,0,0
BRDA:110,2,1,0
BRDA:111,3,0,0
BRDA:111,3,1,0
BRDA:125,4,0,0
BRDA:125,4,1,0
BRDA:136,5,0,0
BRDA:136,5,1,0
BRDA:139,6,0,0
BRDA:139,6,1,0
BRDA:150,7,0,0
BRDA:151,8,0,0
BRDA:151,8,1,0
BRDA:164,9,0,0
BRDA:174,10,0,0
BRDA:184,11,0,0
BRDA:194,12,0,0
BRDA:204,13,0,0
BRDA:214,14,0,0
BRDA:224,15,0,0
BRDA:234,16,0,0
BRDA:245,17,0,0
BRDA:245,17,1,0
BRDA:245,17,2,0
BRDA:372,18,0,0
BRDA:372,18,1,0
BRDA:372,18,2,0
BRDA:372,18,3,0
BRDA:372,18,4,0
BRDA:387,19,0,0
BRDA:387,19,1,0
BRDA:387,19,2,0
BRDA:387,19,3,0
BRDA:400,20,0,0
BRDA:400,20,1,0
BRDA:400,20,2,0
BRDA:400,20,3,0
BRDA:413,21,0,0
BRDA:413,21,1,0
BRDA:413,21,2,0
BRDA:426,22,0,0
BRDA:426,22,1,0
BRDA:426,22,2,0
BRDA:426,22,3,0
BRDA:460,23,0,0
BRDA:460,23,1,0
BRF:49
BRH:0
end_of_record
TN:
SF:src\core\errors\EnhancedErrorHandler.ts
FN:82,(anonymous_0)
FN:115,(anonymous_1)
FN:125,(anonymous_2)
FN:188,(anonymous_3)
FN:189,(anonymous_4)
FN:193,(anonymous_5)
FN:205,(anonymous_6)
FN:216,(anonymous_7)
FN:228,(anonymous_8)
FN:239,(anonymous_9)
FN:246,(anonymous_10)
FN:264,(anonymous_11)
FN:265,(anonymous_12)
FN:282,(anonymous_13)
FN:290,(anonymous_14)
FN:298,(anonymous_15)
FN:307,(anonymous_16)
FN:321,(anonymous_17)
FN:329,(anonymous_18)
FN:342,(anonymous_19)
FN:360,(anonymous_20)
FN:369,(anonymous_21)
FN:392,(anonymous_22)
FN:409,(anonymous_23)
FN:454,(anonymous_24)
FN:464,(anonymous_25)
FN:474,(anonymous_26)
FN:484,(anonymous_27)
FN:494,(anonymous_28)
FN:510,(anonymous_29)
FN:526,(anonymous_30)
FN:535,(anonymous_31)
FN:536,(anonymous_32)
FN:541,(anonymous_33)
FN:561,(anonymous_34)
FN:563,(anonymous_35)
FN:569,(anonymous_36)
FNF:37
FNH:0
FNDA:0,(anonymous_0)
FNDA:0,(anonymous_1)
FNDA:0,(anonymous_2)
FNDA:0,(anonymous_3)
FNDA:0,(anonymous_4)
FNDA:0,(anonymous_5)
FNDA:0,(anonymous_6)
FNDA:0,(anonymous_7)
FNDA:0,(anonymous_8)
FNDA:0,(anonymous_9)
FNDA:0,(anonymous_10)
FNDA:0,(anonymous_11)
FNDA:0,(anonymous_12)
FNDA:0,(anonymous_13)
FNDA:0,(anonymous_14)
FNDA:0,(anonymous_15)
FNDA:0,(anonymous_16)
FNDA:0,(anonymous_17)
FNDA:0,(anonymous_18)
FNDA:0,(anonymous_19)
FNDA:0,(anonymous_20)
FNDA:0,(anonymous_21)
FNDA:0,(anonymous_22)
FNDA:0,(anonymous_23)
FNDA:0,(anonymous_24)
FNDA:0,(anonymous_25)
FNDA:0,(anonymous_26)
FNDA:0,(anonymous_27)
FNDA:0,(anonymous_28)
FNDA:0,(anonymous_29)
FNDA:0,(anonymous_30)
FNDA:0,(anonymous_31)
FNDA:0,(anonymous_32)
FNDA:0,(anonymous_33)
FNDA:0,(anonymous_34)
FNDA:0,(anonymous_35)
FNDA:0,(anonymous_36)
DA:75,0
DA:78,0
DA:79,0
DA:83,0
DA:101,0
DA:110,0
DA:111,0
DA:112,0
DA:116,0
DA:117,0
DA:119,0
DA:134,0
DA:137,0
DA:138,0
DA:140,0
DA:144,0
DA:147,0
DA:150,0
DA:153,0
DA:154,0
DA:155,0
DA:156,0
DA:161,0
DA:162,0
DA:167,0
DA:168,0
DA:172,0
DA:173,0
DA:177,0
DA:181,0
DA:189,0
DA:190,0
DA:193,0
DA:194,0
DA:197,0
DA:198,0
DA:209,0
DA:210,0
DA:217,0
DA:229,0
DA:230,0
DA:233,0
DA:240,0
DA:247,0
DA:248,0
DA:249,0
DA:258,0
DA:265,0
DA:275,0
DA:276,0
DA:279,0
DA:281,0
DA:282,0
DA:283,0
DA:291,0
DA:292,0
DA:305,0
DA:306,0
DA:307,0
DA:309,0
DA:323,0
DA:324,0
DA:328,0
DA:329,0
DA:330,0
DA:335,0
DA:337,0
DA:343,0
DA:344,0
DA:345,0
DA:348,0
DA:349,0
DA:352,0
DA:353,0
DA:356,0
DA:357,0
DA:361,0
DA:364,0
DA:365,0
DA:370,0
DA:371,0
DA:372,0
DA:373,0
DA:375,0
DA:377,0
DA:378,0
DA:380,0
DA:381,0
DA:383,0
DA:384,0
DA:387,0
DA:388,0
DA:393,0
DA:396,0
DA:398,0
DA:400,0
DA:405,0
DA:410,0
DA:411,0
DA:413,0
DA:415,0
DA:416,0
DA:417,0
DA:418,0
DA:419,0
DA:420,0
DA:424,0
DA:426,0
DA:428,0
DA:430,0
DA:432,0
DA:434,0
DA:444,0
DA:456,0
DA:466,0
DA:476,0
DA:486,0
DA:496,0
DA:497,0
DA:498,0
DA:501,0
DA:502,0
DA:505,0
DA:506,0
DA:512,0
DA:515,0
DA:519,0
DA:520,0
DA:523,0
DA:528,0
DA:536,0
DA:537,0
DA:542,0
DA:543,0
DA:546,0
DA:547,0
DA:548,0
DA:549,0
DA:551,0
DA:557,0
DA:563,0
DA:565,0
DA:569,0
DA:571,0
LF:144
LH:0
BRDA:116,0,0,0
BRDA:116,0,1,0
BRDA:127,1,0,0
BRDA:128,2,0,0
BRDA:137,3,0,0
BRDA:137,3,1,0
BRDA:153,4,0,0
BRDA:153,4,1,0
BRDA:153,5,0,0
BRDA:153,5,1,0
BRDA:155,6,0,0
BRDA:155,6,1,0
BRDA:167,7,0,0
BRDA:167,7,1,0
BRDA:167,8,0,0
BRDA:167,8,1,0
BRDA:167,8,2,0
BRDA:172,9,0,0
BRDA:172,9,1,0
BRDA:172,10,0,0
BRDA:172,10,1,0
BRDA:188,11,0,0
BRDA:194,12,0,0
BRDA:194,12,1,0
BRDA:197,13,0,0
BRDA:197,13,1,0
BRDA:228,14,0,0
BRDA:229,15,0,0
BRDA:229,15,1,0
BRDA:239,16,0,0
BRDA:264,17,0,0
BRDA:275,18,0,0
BRDA:275,18,1,0
BRDA:279,19,0,0
BRDA:279,19,1,0
BRDA:323,20,0,0
BRDA:323,20,1,0
BRDA:328,21,0,0
BRDA:328,21,1,0
BRDA:348,22,0,0
BRDA:348,22,1,0
BRDA:352,23,0,0
BRDA:352,23,1,0
BRDA:356,24,0,0
BRDA:356,24,1,0
BRDA:364,25,0,0
BRDA:364,25,1,0
BRDA:375,26,0,0
BRDA:375,26,1,0
BRDA:375,26,2,0
BRDA:375,26,3,0
BRDA:375,26,4,0
BRDA:393,27,0,0
BRDA:393,27,1,0
BRDA:393,27,2,0
BRDA:393,27,3,0
BRDA:393,27,4,0
BRDA:393,27,5,0
BRDA:393,27,6,0
BRDA:393,27,7,0
BRDA:416,28,0,0
BRDA:416,28,1,0
BRDA:424,29,0,0
BRDA:424,29,1,0
BRDA:424,29,2,0
BRDA:424,29,3,0
BRDA:424,29,4,0
BRDA:497,30,0,0
BRDA:497,30,1,0
BRDA:505,31,0,0
BRDA:505,31,1,0
BRDA:505,32,0,0
BRDA:505,32,1,0
BRDA:512,33,0,0
BRDA:512,33,1,0
BRDA:512,34,0,0
BRDA:512,34,1,0
BRDA:512,34,2,0
BRDA:519,35,0,0
BRDA:519,35,1,0
BRDA:542,36,0,0
BRDA:542,36,1,0
BRF:82
BRH:0
end_of_record
TN:
SF:src\core\errors\ErrorHandlers.ts
FN:39,HandleErrors
FN:40,(anonymous_1)
FN:44,(anonymous_2)
FN:115,(anonymous_3)
FN:158,HandleNetworkErrors
FN:162,(anonymous_5)
FN:163,(anonymous_6)
FN:174,HandleWalletErrors
FN:178,(anonymous_8)
FN:179,(anonymous_9)
FN:190,HandleTransactionErrors
FN:194,(anonymous_11)
FN:196,(anonymous_12)
FN:207,HandleBluetoothErrors
FN:211,(anonymous_14)
FN:213,(anonymous_15)
FN:224,HandleAPIErrors
FN:228,(anonymous_17)
FN:230,(anonymous_18)
FN:241,HandleValidationErrors
FN:245,(anonymous_20)
FN:259,retryWithBackoff
FN:287,(anonymous_22)
FN:297,executeWithFallback
FN:321,executeWithTimeout
FN:326,(anonymous_25)
FN:327,(anonymous_26)
FN:347,(anonymous_27)
FN:352,(anonymous_28)
FN:374,(anonymous_29)
FN:379,(anonymous_30)
FN:388,(anonymous_31)
FN:404,reportError
FN:419,(anonymous_33)
FN:451,batchReportErrors
FN:452,(anonymous_35)
FN:463,(anonymous_36)
FN:477,storeErrorForAnalytics
FN:507,getErrorAnalytics
FN:524,generateCorrelationId
FN:528,getSentryLevel
FN:547,getDeviceInfo
FN:556,getAppVersion
FNF:43
FNH:0
FNDA:0,HandleErrors
FNDA:0,(anonymous_1)
FNDA:0,(anonymous_2)
FNDA:0,(anonymous_3)
FNDA:0,HandleNetworkErrors
FNDA:0,(anonymous_5)
FNDA:0,(anonymous_6)
FNDA:0,HandleWalletErrors
FNDA:0,(anonymous_8)
FNDA:0,(anonymous_9)
FNDA:0,HandleTransactionErrors
FNDA:0,(anonymous_11)
FNDA:0,(anonymous_12)
FNDA:0,HandleBluetoothErrors
FNDA:0,(anonymous_14)
FNDA:0,(anonymous_15)
FNDA:0,HandleAPIErrors
FNDA:0,(anonymous_17)
FNDA:0,(anonymous_18)
FNDA:0,HandleValidationErrors
FNDA:0,(anonymous_20)
FNDA:0,retryWithBackoff
FNDA:0,(anonymous_22)
FNDA:0,executeWithFallback
FNDA:0,executeWithTimeout
FNDA:0,(anonymous_25)
FNDA:0,(anonymous_26)
FNDA:0,(anonymous_27)
FNDA:0,(anonymous_28)
FNDA:0,(anonymous_29)
FNDA:0,(anonymous_30)
FNDA:0,(anonymous_31)
FNDA:0,reportError
FNDA:0,(anonymous_33)
FNDA:0,batchReportErrors
FNDA:0,(anonymous_35)
FNDA:0,(anonymous_36)
FNDA:0,storeErrorForAnalytics
FNDA:0,getErrorAnalytics
FNDA:0,generateCorrelationId
FNDA:0,getSentryLevel
FNDA:0,getDeviceInfo
FNDA:0,getAppVersion
DA:40,0
DA:41,0
DA:42,0
DA:44,0
DA:45,0
DA:46,0
DA:48,0
DA:49,0
DA:51,0
DA:60,0
DA:63,0
DA:64,0
DA:65,0
DA:71,0
DA:74,0
DA:75,0
DA:79,0
DA:80,0
DA:81,0
DA:82,0
DA:84,0
DA:92,0
DA:100,0
DA:104,0
DA:106,0
DA:114,0
DA:115,0
DA:118,0
DA:122,0
DA:124,0
DA:125,0
DA:129,0
DA:130,0
DA:133,0
DA:137,0
DA:138,0
DA:142,0
DA:146,0
DA:151,0
DA:159,0
DA:162,0
DA:163,0
DA:168,0
DA:175,0
DA:178,0
DA:179,0
DA:184,0
DA:191,0
DA:194,0
DA:196,0
DA:201,0
DA:208,0
DA:211,0
DA:213,0
DA:218,0
DA:225,0
DA:228,0
DA:230,0
DA:235,0
DA:242,0
DA:245,0
DA:249,0
DA:267,0
DA:268,0
DA:269,0
DA:271,0
DA:273,0
DA:274,0
DA:278,0
DA:280,0
DA:287,0
DA:291,0
DA:302,0
DA:303,0
DA:305,0
DA:307,0
DA:308,0
DA:311,0
DA:314,0
DA:326,0
DA:327,0
DA:328,0
DA:332,0
DA:336,0
DA:343,0
DA:344,0
DA:345,0
DA:353,0
DA:354,0
DA:355,0
DA:360,0
DA:364,0
DA:365,0
DA:366,0
DA:367,0
DA:369,0
DA:370,0
DA:375,0
DA:376,0
DA:380,0
DA:381,0
DA:383,0
DA:384,0
DA:389,0
DA:405,0
DA:406,0
DA:407,0
DA:411,0
DA:414,0
DA:417,0
DA:418,0
DA:419,0
DA:420,0
DA:421,0
DA:422,0
DA:423,0
DA:425,0
DA:426,0
DA:429,0
DA:430,0
DA:433,0
DA:438,0
DA:441,0
DA:452,0
DA:454,0
DA:455,0
DA:458,0
DA:460,0
DA:461,0
DA:462,0
DA:463,0
DA:466,0
DA:478,0
DA:480,0
DA:488,0
DA:491,0
DA:510,0
DA:525,0
DA:529,0
DA:532,0
DA:534,0
DA:536,0
DA:538,0
DA:541,0
DA:543,0
DA:549,0
DA:558,0
DA:559,0
DA:561,0
LF:149
LH:0
BRDA:39,0,0,0
BRDA:48,1,0,0
BRDA:48,1,1,0
BRDA:56,2,0,0
BRDA:56,2,1,0
BRDA:63,3,0,0
BRDA:63,3,1,0
BRDA:79,4,0,0
BRDA:79,4,1,0
BRDA:81,5,0,0
BRDA:81,5,1,0
BRDA:100,6,0,0
BRDA:100,6,1,0
BRDA:100,6,2,0
BRDA:100,6,3,0
BRDA:100,7,0,0
BRDA:100,7,1,0
BRDA:104,8,0,0
BRDA:104,8,1,0
BRDA:114,9,0,0
BRDA:114,9,1,0
BRDA:124,10,0,0
BRDA:124,10,1,0
BRDA:129,11,0,0
BRDA:129,11,1,0
BRDA:137,12,0,0
BRDA:137,12,1,0
BRDA:137,13,0,0
BRDA:137,13,1,0
BRDA:158,14,0,0
BRDA:174,15,0,0
BRDA:178,16,0,0
BRDA:178,16,1,0
BRDA:190,17,0,0
BRDA:194,18,0,0
BRDA:194,18,1,0
BRDA:207,19,0,0
BRDA:211,20,0,0
BRDA:211,20,1,0
BRDA:224,21,0,0
BRDA:228,22,0,0
BRDA:228,22,1,0
BRDA:241,23,0,0
BRDA:261,24,0,0
BRDA:262,25,0,0
BRDA:263,26,0,0
BRDA:273,27,0,0
BRDA:273,27,1,0
BRDA:305,28,0,0
BRDA:305,28,1,0
BRDA:307,29,0,0
BRDA:307,29,1,0
BRDA:328,30,0,0
BRDA:328,30,1,0
BRDA:348,31,0,0
BRDA:349,32,0,0
BRDA:353,33,0,0
BRDA:353,33,1,0
BRDA:354,34,0,0
BRDA:354,34,1,0
BRDA:383,35,0,0
BRDA:383,35,1,0
BRDA:406,36,0,0
BRDA:406,36,1,0
BRDA:417,37,0,0
BRDA:417,37,1,0
BRDA:417,38,0,0
BRDA:417,38,1,0
BRDA:425,39,0,0
BRDA:425,39,1,0
BRDA:429,40,0,0
BRDA:429,40,1,0
BRDA:443,41,0,0
BRDA:443,41,1,0
BRDA:454,42,0,0
BRDA:454,42,1,0
BRDA:507,43,0,0
BRDA:529,44,0,0
BRDA:529,44,1,0
BRDA:529,44,2,0
BRDA:529,44,3,0
BRDA:529,44,4,0
BRDA:529,44,5,0
BRDA:529,44,6,0
BRDA:529,44,7,0
BRDA:550,45,0,0
BRDA:550,45,1,0
BRDA:551,46,0,0
BRDA:551,46,1,0
BRDA:559,47,0,0
BRDA:559,47,1,0
BRF:91
BRH:0
end_of_record
TN:
SF:src\core\errors\ErrorTypes.ts
FN:397,getErrorMetadata
FN:404,isRetryableError
FN:412,isReportableError
FN:420,getUserMessage
FN:428,getTechnicalMessage
FN:436,getRecoveryStrategy
FN:444,createErrorCode
FN:451,isValidErrorCode
FN:458,getErrorCodesForCategory
FN:459,(anonymous_9)
FN:468,getErrorStatistics
FN:481,(anonymous_11)
FN:482,(anonymous_12)
FN:485,(anonymous_13)
FNF:14
FNH:0
FNDA:0,getErrorMetadata
FNDA:0,isRetryableError
FNDA:0,isReportableError
FNDA:0,getUserMessage
FNDA:0,getTechnicalMessage
FNDA:0,getRecoveryStrategy
FNDA:0,createErrorCode
FNDA:0,isValidErrorCode
FNDA:0,getErrorCodesForCategory
FNDA:0,(anonymous_9)
FNDA:0,getErrorStatistics
FNDA:0,(anonymous_11)
FNDA:0,(anonymous_12)
FNDA:0,(anonymous_13)
DA:83,0
DA:238,0
DA:398,0
DA:405,0
DA:406,0
DA:413,0
DA:414,0
DA:421,0
DA:422,0
DA:429,0
DA:430,0
DA:437,0
DA:438,0
DA:445,0
DA:452,0
DA:459,0
DA:460,0
DA:461,0
DA:474,0
DA:475,0
DA:476,0
DA:477,0
DA:478,0
DA:481,0
DA:482,0
DA:485,0
DA:486,0
DA:487,0
DA:488,0
DA:489,0
DA:490,0
DA:491,0
DA:493,0
DA:498,0
LF:34
LH:0
BRDA:398,0,0,0
BRDA:398,0,1,0
BRDA:406,1,0,0
BRDA:406,1,1,0
BRDA:414,2,0,0
BRDA:414,2,1,0
BRDA:422,3,0,0
BRDA:422,3,1,0
BRDA:430,4,0,0
BRDA:430,4,1,0
BRDA:438,5,0,0
BRDA:438,5,1,0
BRDA:487,6,0,0
BRDA:487,6,1,0
BRDA:490,7,0,0
BRDA:490,7,1,0
BRF:16
BRH:0
end_of_record
TN:
SF:src\core\errors\index.ts
FN:74,(anonymous_0)
FN:77,(anonymous_1)
FN:80,(anonymous_2)
FN:83,(anonymous_3)
FN:86,(anonymous_4)
FN:89,(anonymous_5)
FN:92,(anonymous_6)
FN:95,(anonymous_7)
FN:99,(anonymous_8)
FN:102,(anonymous_9)
FN:105,(anonymous_10)
FN:108,(anonymous_11)
FN:111,(anonymous_12)
FN:114,(anonymous_13)
FN:117,(anonymous_14)
FN:121,(anonymous_15)
FN:124,(anonymous_16)
FN:127,(anonymous_17)
FN:130,(anonymous_18)
FN:133,(anonymous_19)
FN:136,(anonymous_20)
FN:140,(anonymous_21)
FN:161,(anonymous_22)
FN:164,(anonymous_23)
FN:169,(anonymous_24)
FN:174,(anonymous_25)
FN:179,(anonymous_26)
FN:184,(anonymous_27)
FN:196,(anonymous_28)
FN:199,(anonymous_29)
FN:204,(anonymous_30)
FN:211,(anonymous_31)
FN:214,(anonymous_32)
FN:217,(anonymous_33)
FN:225,(anonymous_34)
FN:230,(anonymous_35)
FN:238,(anonymous_36)
FN:243,(anonymous_37)
FN:250,(anonymous_38)
FN:253,(anonymous_39)
FN:263,(anonymous_40)
FN:269,(anonymous_41)
FNF:42
FNH:0
FNDA:0,(anonymous_0)
FNDA:0,(anonymous_1)
FNDA:0,(anonymous_2)
FNDA:0,(anonymous_3)
FNDA:0,(anonymous_4)
FNDA:0,(anonymous_5)
FNDA:0,(anonymous_6)
FNDA:0,(anonymous_7)
FNDA:0,(anonymous_8)
FNDA:0,(anonymous_9)
FNDA:0,(anonymous_10)
FNDA:0,(anonymous_11)
FNDA:0,(anonymous_12)
FNDA:0,(anonymous_13)
FNDA:0,(anonymous_14)
FNDA:0,(anonymous_15)
FNDA:0,(anonymous_16)
FNDA:0,(anonymous_17)
FNDA:0,(anonymous_18)
FNDA:0,(anonymous_19)
FNDA:0,(anonymous_20)
FNDA:0,(anonymous_21)
FNDA:0,(anonymous_22)
FNDA:0,(anonymous_23)
FNDA:0,(anonymous_24)
FNDA:0,(anonymous_25)
FNDA:0,(anonymous_26)
FNDA:0,(anonymous_27)
FNDA:0,(anonymous_28)
FNDA:0,(anonymous_29)
FNDA:0,(anonymous_30)
FNDA:0,(anonymous_31)
FNDA:0,(anonymous_32)
FNDA:0,(anonymous_33)
FNDA:0,(anonymous_34)
FNDA:0,(anonymous_35)
FNDA:0,(anonymous_36)
FNDA:0,(anonymous_37)
FNDA:0,(anonymous_38)
FNDA:0,(anonymous_39)
FNDA:0,(anonymous_40)
FNDA:0,(anonymous_41)
DA:72,0
DA:75,0
DA:78,0
DA:81,0
DA:84,0
DA:87,0
DA:90,0
DA:93,0
DA:96,0
DA:100,0
DA:103,0
DA:106,0
DA:109,0
DA:112,0
DA:115,0
DA:118,0
DA:122,0
DA:125,0
DA:128,0
DA:131,0
DA:134,0
DA:137,0
DA:141,0
DA:147,0
DA:160,0
DA:161,0
DA:165,0
DA:166,0
DA:170,0
DA:171,0
DA:175,0
DA:176,0
DA:180,0
DA:181,0
DA:185,0
DA:186,0
DA:193,0
DA:197,0
DA:200,0
DA:205,0
DA:212,0
DA:215,0
DA:218,0
DA:226,0
DA:231,0
DA:239,0
DA:244,0
DA:251,0
DA:254,0
DA:262,0
DA:266,0
DA:271,0
LF:52
LH:0
BRDA:122,0,0,0
BRDA:122,0,1,0
BRDA:125,1,0,0
BRDA:125,1,1,0
BRDA:128,2,0,0
BRDA:128,2,1,0
BRDA:131,3,0,0
BRDA:131,3,1,0
BRDA:134,4,0,0
BRDA:134,4,1,0
BRDA:137,5,0,0
BRDA:137,5,1,0
BRDA:137,5,2,0
BRDA:141,6,0,0
BRDA:141,6,1,0
BRF:15
BRH:0
end_of_record
TN:
SF:src\navigation\MainTabs.tsx
FN:34,MainTabs
FN:37,(anonymous_1)
FN:42,(anonymous_2)
FN:68,(anonymous_3)
FNF:4
FNH:0
FNDA:0,MainTabs
FNDA:0,(anonymous_1)
FNDA:0,(anonymous_2)
FNDA:0,(anonymous_3)
DA:23,0
DA:25,0
DA:35,0
DA:37,0
DA:43,0
DA:44,0
DA:68,0
LF:7
LH:0
BRDA:50,0,0,0
BRDA:50,0,1,0
BRF:2
BRH:0
end_of_record
TN:
SF:src\screens\BackupWalletScreen.tsx
FN:36,(anonymous_0)
FN:42,(anonymous_1)
FN:46,(anonymous_2)
FN:65,(anonymous_3)
FN:77,(anonymous_4)
FN:98,(anonymous_5)
FN:113,(anonymous_6)
FN:127,(anonymous_7)
FN:166,(anonymous_8)
FN:217,(anonymous_9)
FNF:10
FNH:0
FNDA:0,(anonymous_0)
FNDA:0,(anonymous_1)
FNDA:0,(anonymous_2)
FNDA:0,(anonymous_3)
FNDA:0,(anonymous_4)
FNDA:0,(anonymous_5)
FNDA:0,(anonymous_6)
FNDA:0,(anonymous_7)
FNDA:0,(anonymous_8)
FNDA:0,(anonymous_9)
DA:34,0
DA:36,0
DA:37,0
DA:38,0
DA:39,0
DA:40,0
DA:42,0
DA:43,0
DA:46,0
DA:47,0
DA:48,0
DA:51,0
DA:52,0
DA:56,0
DA:57,0
DA:58,0
DA:60,0
DA:65,0
DA:70,0
DA:71,0
DA:73,0
DA:77,0
DA:78,0
DA:79,0
DA:81,0
DA:82,0
DA:85,0
DA:86,0
DA:89,0
DA:90,0
DA:93,0
DA:94,0
DA:98,0
DA:99,0
DA:100,0
DA:101,0
DA:103,0
DA:109,0
DA:113,0
DA:114,0
DA:115,0
DA:117,0
DA:123,0
DA:127,0
DA:128,0
DA:129,0
DA:131,0
DA:137,0
DA:141,0
DA:142,0
DA:150,0
DA:167,0
DA:217,0
DA:218,0
DA:226,0
LF:55
LH:0
BRDA:56,0,0,0
BRDA:56,0,1,0
BRDA:81,1,0,0
BRDA:81,1,1,0
BRDA:141,2,0,0
BRDA:141,2,1,0
BRF:6
BRH:0
end_of_record
TN:
SF:src\screens\DeFiStakingScreen.tsx
FN:40,(anonymous_0)
FN:70,(anonymous_1)
FN:74,(anonymous_2)
FN:98,(anonymous_3)
FN:124,(anonymous_4)
FN:152,(anonymous_5)
FN:180,(anonymous_6)
FN:211,(anonymous_7)
FN:215,(anonymous_8)
FN:251,(anonymous_9)
FN:255,(anonymous_10)
FN:292,(anonymous_11)
FN:297,(anonymous_12)
FN:307,(anonymous_13)
FN:321,(anonymous_14)
FN:340,(anonymous_15)
FN:359,(anonymous_16)
FN:386,(anonymous_17)
FN:390,(anonymous_18)
FN:394,(anonymous_19)
FN:408,(anonymous_20)
FN:431,(anonymous_21)
FN:443,(anonymous_22)
FN:475,(anonymous_23)
FN:487,(anonymous_24)
FN:503,(anonymous_25)
FN:512,(anonymous_26)
FN:521,(anonymous_27)
FN:539,(anonymous_28)
FNF:29
FNH:0
FNDA:0,(anonymous_0)
FNDA:0,(anonymous_1)
FNDA:0,(anonymous_2)
FNDA:0,(anonymous_3)
FNDA:0,(anonymous_4)
FNDA:0,(anonymous_5)
FNDA:0,(anonymous_6)
FNDA:0,(anonymous_7)
FNDA:0,(anonymous_8)
FNDA:0,(anonymous_9)
FNDA:0,(anonymous_10)
FNDA:0,(anonymous_11)
FNDA:0,(anonymous_12)
FNDA:0,(anonymous_13)
FNDA:0,(anonymous_14)
FNDA:0,(anonymous_15)
FNDA:0,(anonymous_16)
FNDA:0,(anonymous_17)
FNDA:0,(anonymous_18)
FNDA:0,(anonymous_19)
FNDA:0,(anonymous_20)
FNDA:0,(anonymous_21)
FNDA:0,(anonymous_22)
FNDA:0,(anonymous_23)
FNDA:0,(anonymous_24)
FNDA:0,(anonymous_25)
FNDA:0,(anonymous_26)
FNDA:0,(anonymous_27)
FNDA:0,(anonymous_28)
DA:40,0
DA:41,0
DA:42,0
DA:45,0
DA:46,0
DA:47,0
DA:48,0
DA:51,0
DA:52,0
DA:53,0
DA:54,0
DA:57,0
DA:58,0
DA:59,0
DA:62,0
DA:63,0
DA:64,0
DA:65,0
DA:66,0
DA:68,0
DA:70,0
DA:71,0
DA:74,0
DA:75,0
DA:76,0
DA:77,0
DA:85,0
DA:86,0
DA:87,0
DA:88,0
DA:89,0
DA:91,0
DA:92,0
DA:94,0
DA:98,0
DA:99,0
DA:100,0
DA:101,0
DA:104,0
DA:105,0
DA:111,0
DA:112,0
DA:113,0
DA:114,0
DA:115,0
DA:117,0
DA:120,0
DA:124,0
DA:125,0
DA:126,0
DA:127,0
DA:130,0
DA:131,0
DA:138,0
DA:139,0
DA:140,0
DA:141,0
DA:142,0
DA:143,0
DA:145,0
DA:148,0
DA:152,0
DA:153,0
DA:154,0
DA:155,0
DA:158,0
DA:159,0
DA:166,0
DA:167,0
DA:168,0
DA:169,0
DA:170,0
DA:171,0
DA:173,0
DA:176,0
DA:180,0
DA:181,0
DA:211,0
DA:215,0
DA:216,0
DA:251,0
DA:255,0
DA:256,0
DA:292,0
DA:297,0
DA:298,0
DA:299,0
DA:300,0
DA:301,0
DA:302,0
DA:303,0
DA:307,0
DA:308,0
DA:310,0
DA:321,0
DA:329,0
DA:340,0
DA:348,0
DA:359,0
DA:367,0
DA:371,0
DA:372,0
DA:375,0
DA:386,0
DA:390,0
DA:394,0
DA:408,0
DA:431,0
DA:443,0
DA:475,0
DA:487,0
DA:503,0
DA:512,0
DA:521,0
DA:539,0
DA:549,0
LF:116
LH:0
BRDA:99,0,0,0
BRDA:99,0,1,0
BRDA:99,1,0,0
BRDA:99,1,1,0
BRDA:111,2,0,0
BRDA:111,2,1,0
BRDA:117,3,0,0
BRDA:117,3,1,0
BRDA:125,4,0,0
BRDA:125,4,1,0
BRDA:125,5,0,0
BRDA:125,5,1,0
BRDA:125,5,2,0
BRDA:138,6,0,0
BRDA:138,6,1,0
BRDA:145,7,0,0
BRDA:145,7,1,0
BRDA:153,8,0,0
BRDA:153,8,1,0
BRDA:166,9,0,0
BRDA:166,9,1,0
BRDA:173,10,0,0
BRDA:173,10,1,0
BRDA:186,11,0,0
BRDA:186,11,1,0
BRDA:291,12,0,0
BRDA:291,12,1,0
BRDA:298,13,0,0
BRDA:298,13,1,0
BRDA:298,13,2,0
BRDA:298,13,3,0
BRDA:298,13,4,0
BRDA:308,14,0,0
BRDA:308,14,1,0
BRDA:308,14,2,0
BRDA:308,14,3,0
BRDA:313,15,0,0
BRDA:313,15,1,0
BRDA:332,16,0,0
BRDA:332,16,1,0
BRDA:351,17,0,0
BRDA:351,17,1,0
BRDA:371,18,0,0
BRDA:371,18,1,0
BRDA:386,19,0,0
BRDA:386,19,1,0
BRDA:387,20,0,0
BRDA:387,20,1,0
BRDA:390,21,0,0
BRDA:390,21,1,0
BRDA:391,22,0,0
BRDA:391,22,1,0
BRDA:394,23,0,0
BRDA:394,23,1,0
BRDA:395,24,0,0
BRDA:395,24,1,0
BRDA:414,25,0,0
BRDA:414,25,1,0
BRDA:449,26,0,0
BRDA:449,26,1,0
BRDA:458,27,0,0
BRDA:458,27,1,0
BRDA:467,28,0,0
BRDA:467,28,1,0
BRDA:493,29,0,0
BRDA:493,29,1,0
BRDA:502,30,0,0
BRDA:502,30,1,0
BRDA:505,31,0,0
BRDA:505,31,1,0
BRDA:511,32,0,0
BRDA:511,32,1,0
BRDA:514,33,0,0
BRDA:514,33,1,0
BRDA:520,34,0,0
BRDA:520,34,1,0
BRDA:523,35,0,0
BRDA:523,35,1,0
BRF:78
BRH:0
end_of_record
TN:
SF:src\screens\GuardianRecoveryScreen.tsx
FN:13,(anonymous_0)
FN:23,(anonymous_1)
FN:36,(anonymous_2)
FN:38,(anonymous_3)
FN:44,(anonymous_4)
FN:47,(anonymous_5)
FN:47,(anonymous_6)
FN:60,(anonymous_7)
FN:69,(anonymous_8)
FN:82,(anonymous_9)
FN:87,(anonymous_10)
FN:93,(anonymous_11)
FN:116,(anonymous_12)
FN:117,(anonymous_13)
FN:120,(anonymous_14)
FNF:15
FNH:0
FNDA:0,(anonymous_0)
FNDA:0,(anonymous_1)
FNDA:0,(anonymous_2)
FNDA:0,(anonymous_3)
FNDA:0,(anonymous_4)
FNDA:0,(anonymous_5)
FNDA:0,(anonymous_6)
FNDA:0,(anonymous_7)
FNDA:0,(anonymous_8)
FNDA:0,(anonymous_9)
FNDA:0,(anonymous_10)
FNDA:0,(anonymous_11)
FNDA:0,(anonymous_12)
FNDA:0,(anonymous_13)
FNDA:0,(anonymous_14)
DA:13,0
DA:14,0
DA:15,0
DA:16,0
DA:17,0
DA:18,0
DA:19,0
DA:20,0
DA:21,0
DA:23,0
DA:24,0
DA:25,0
DA:26,0
DA:27,0
DA:28,0
DA:29,0
DA:30,0
DA:31,0
DA:32,0
DA:36,0
DA:38,0
DA:39,0
DA:40,0
DA:41,0
DA:44,0
DA:45,0
DA:46,0
DA:47,0
DA:48,0
DA:50,0
DA:51,0
DA:52,0
DA:53,0
DA:54,0
DA:55,0
DA:56,0
DA:57,0
DA:60,0
DA:61,0
DA:62,0
DA:64,0
DA:65,0
DA:66,0
DA:69,0
DA:70,0
DA:71,0
DA:72,0
DA:77,0
DA:78,0
DA:79,0
DA:82,0
DA:83,0
DA:84,0
DA:87,0
DA:89,0
DA:90,0
DA:93,0
DA:94,0
DA:95,0
DA:100,0
DA:101,0
DA:104,0
DA:116,0
DA:118,0
DA:120,0
DA:164,0
LF:66
LH:0
BRDA:29,0,0,0
BRDA:29,0,1,0
BRDA:29,1,0,0
BRDA:29,1,1,0
BRDA:30,2,0,0
BRDA:30,2,1,0
BRDA:45,3,0,0
BRDA:45,3,1,0
BRDA:46,4,0,0
BRDA:46,4,1,0
BRDA:48,5,0,0
BRDA:48,5,1,0
BRDA:55,6,0,0
BRDA:55,6,1,0
BRDA:62,7,0,0
BRDA:62,7,1,0
BRDA:62,8,0,0
BRDA:62,8,1,0
BRDA:65,9,0,0
BRDA:65,9,1,0
BRDA:70,10,0,0
BRDA:70,10,1,0
BRDA:71,11,0,0
BRDA:71,11,1,0
BRDA:73,12,0,0
BRDA:73,12,1,0
BRDA:74,13,0,0
BRDA:74,13,1,0
BRDA:83,14,0,0
BRDA:83,14,1,0
BRDA:85,15,0,0
BRDA:85,15,1,0
BRDA:86,16,0,0
BRDA:86,16,1,0
BRDA:94,17,0,0
BRDA:94,17,1,0
BRDA:97,18,0,0
BRDA:97,18,1,0
BRDA:98,19,0,0
BRDA:98,19,1,0
BRDA:110,20,0,0
BRDA:110,20,1,0
BRDA:145,21,0,0
BRDA:145,21,1,0
BRF:44
BRH:0
end_of_record
TN:
SF:src\screens\MultiSignatureScreen.tsx
FN:32,(anonymous_0)
FN:50,(anonymous_1)
FN:54,(anonymous_2)
FN:71,(anonymous_3)
FN:102,(anonymous_4)
FN:125,(anonymous_5)
FN:134,(anonymous_6)
FN:148,(anonymous_7)
FN:157,(anonymous_8)
FN:175,(anonymous_9)
FN:184,(anonymous_10)
FN:193,(anonymous_11)
FN:194,(anonymous_12)
FN:199,(anonymous_13)
FN:228,(anonymous_14)
FN:233,(anonymous_15)
FN:259,(anonymous_16)
FN:277,(anonymous_17)
FN:286,(anonymous_18)
FN:297,(anonymous_19)
FN:354,(anonymous_20)
FN:366,(anonymous_21)
FN:398,(anonymous_22)
FNF:23
FNH:0
FNDA:0,(anonymous_0)
FNDA:0,(anonymous_1)
FNDA:0,(anonymous_2)
FNDA:0,(anonymous_3)
FNDA:0,(anonymous_4)
FNDA:0,(anonymous_5)
FNDA:0,(anonymous_6)
FNDA:0,(anonymous_7)
FNDA:0,(anonymous_8)
FNDA:0,(anonymous_9)
FNDA:0,(anonymous_10)
FNDA:0,(anonymous_11)
FNDA:0,(anonymous_12)
FNDA:0,(anonymous_13)
FNDA:0,(anonymous_14)
FNDA:0,(anonymous_15)
FNDA:0,(anonymous_16)
FNDA:0,(anonymous_17)
FNDA:0,(anonymous_18)
FNDA:0,(anonymous_19)
FNDA:0,(anonymous_20)
FNDA:0,(anonymous_21)
FNDA:0,(anonymous_22)
DA:32,0
DA:33,0
DA:34,0
DA:35,0
DA:36,0
DA:37,0
DA:38,0
DA:41,0
DA:42,0
DA:43,0
DA:44,0
DA:45,0
DA:46,0
DA:48,0
DA:50,0
DA:51,0
DA:54,0
DA:55,0
DA:56,0
DA:57,0
DA:61,0
DA:62,0
DA:64,0
DA:65,0
DA:67,0
DA:71,0
DA:72,0
DA:73,0
DA:74,0
DA:77,0
DA:78,0
DA:85,0
DA:93,0
DA:94,0
DA:95,0
DA:96,0
DA:98,0
DA:102,0
DA:103,0
DA:104,0
DA:105,0
DA:108,0
DA:109,0
DA:116,0
DA:117,0
DA:118,0
DA:119,0
DA:121,0
DA:125,0
DA:126,0
DA:135,0
DA:136,0
DA:137,0
DA:138,0
DA:140,0
DA:148,0
DA:149,0
DA:150,0
DA:151,0
DA:152,0
DA:153,0
DA:154,0
DA:157,0
DA:158,0
DA:176,0
DA:184,0
DA:193,0
DA:194,0
DA:199,0
DA:200,0
DA:228,0
DA:233,0
DA:234,0
DA:235,0
DA:236,0
DA:237,0
DA:238,0
DA:239,0
DA:240,0
DA:241,0
DA:245,0
DA:246,0
DA:249,0
DA:259,0
DA:277,0
DA:286,0
DA:297,0
DA:354,0
DA:366,0
DA:398,0
DA:408,0
LF:91
LH:0
BRDA:72,0,0,0
BRDA:72,0,1,0
BRDA:72,1,0,0
BRDA:72,1,1,0
BRDA:72,1,2,0
BRDA:103,2,0,0
BRDA:103,2,1,0
BRDA:103,3,0,0
BRDA:103,3,1,0
BRDA:103,3,2,0
BRDA:162,4,0,0
BRDA:162,4,1,0
BRDA:211,5,0,0
BRDA:211,5,1,0
BRDA:227,6,0,0
BRDA:227,6,1,0
BRDA:234,7,0,0
BRDA:234,7,1,0
BRDA:234,7,2,0
BRDA:234,7,3,0
BRDA:234,7,4,0
BRDA:234,7,5,0
BRDA:234,7,6,0
BRDA:245,8,0,0
BRDA:245,8,1,0
BRDA:264,9,0,0
BRDA:264,9,1,0
BRDA:277,10,0,0
BRDA:277,10,1,0
BRDA:277,11,0,0
BRDA:277,11,1,0
BRDA:286,12,0,0
BRDA:286,12,1,0
BRF:33
BRH:0
end_of_record
TN:
SF:src\screens\NFTGalleryScreen.tsx
FN:34,(anonymous_0)
FN:51,(anonymous_1)
FN:55,(anonymous_2)
FN:70,(anonymous_3)
FN:106,(anonymous_4)
FN:114,(anonymous_5)
FN:143,(anonymous_6)
FN:152,(anonymous_7)
FN:157,(anonymous_8)
FN:159,(anonymous_9)
FN:195,(anonymous_10)
FN:196,(anonymous_11)
FN:203,(anonymous_12)
FN:211,(anonymous_13)
FN:270,(anonymous_14)
FN:281,(anonymous_15)
FN:282,(anonymous_16)
FN:311,(anonymous_17)
FN:322,(anonymous_18)
FN:333,(anonymous_19)
FN:392,(anonymous_20)
FNF:21
FNH:0
FNDA:0,(anonymous_0)
FNDA:0,(anonymous_1)
FNDA:0,(anonymous_2)
FNDA:0,(anonymous_3)
FNDA:0,(anonymous_4)
FNDA:0,(anonymous_5)
FNDA:0,(anonymous_6)
FNDA:0,(anonymous_7)
FNDA:0,(anonymous_8)
FNDA:0,(anonymous_9)
FNDA:0,(anonymous_10)
FNDA:0,(anonymous_11)
FNDA:0,(anonymous_12)
FNDA:0,(anonymous_13)
FNDA:0,(anonymous_14)
FNDA:0,(anonymous_15)
FNDA:0,(anonymous_16)
FNDA:0,(anonymous_17)
FNDA:0,(anonymous_18)
FNDA:0,(anonymous_19)
FNDA:0,(anonymous_20)
DA:34,0
DA:35,0
DA:36,0
DA:37,0
DA:38,0
DA:39,0
DA:42,0
DA:43,0
DA:44,0
DA:45,0
DA:46,0
DA:47,0
DA:49,0
DA:51,0
DA:52,0
DA:55,0
DA:56,0
DA:57,0
DA:59,0
DA:60,0
DA:61,0
DA:63,0
DA:64,0
DA:66,0
DA:70,0
DA:71,0
DA:72,0
DA:73,0
DA:76,0
DA:77,0
DA:84,0
DA:93,0
DA:94,0
DA:95,0
DA:96,0
DA:97,0
DA:99,0
DA:102,0
DA:106,0
DA:107,0
DA:115,0
DA:116,0
DA:117,0
DA:120,0
DA:121,0
DA:128,0
DA:129,0
DA:130,0
DA:132,0
DA:135,0
DA:143,0
DA:144,0
DA:145,0
DA:146,0
DA:147,0
DA:148,0
DA:149,0
DA:152,0
DA:153,0
DA:157,0
DA:158,0
DA:159,0
DA:195,0
DA:196,0
DA:203,0
DA:204,0
DA:206,0
DA:211,0
DA:271,0
DA:281,0
DA:282,0
DA:291,0
DA:292,0
DA:295,0
DA:311,0
DA:322,0
DA:333,0
DA:392,0
DA:405,0
LF:79
LH:0
BRDA:71,0,0,0
BRDA:71,0,1,0
BRDA:71,1,0,0
BRDA:71,1,1,0
BRDA:71,1,2,0
BRDA:93,2,0,0
BRDA:93,2,1,0
BRDA:99,3,0,0
BRDA:99,3,1,0
BRDA:115,4,0,0
BRDA:115,4,1,0
BRDA:115,5,0,0
BRDA:115,5,1,0
BRDA:128,6,0,0
BRDA:128,6,1,0
BRDA:132,7,0,0
BRDA:132,7,1,0
BRDA:153,8,0,0
BRDA:153,8,1,0
BRDA:164,9,0,0
BRDA:164,9,1,0
BRDA:179,10,0,0
BRDA:179,10,1,0
BRDA:182,11,0,0
BRDA:182,11,1,0
BRDA:204,12,0,0
BRDA:204,12,1,0
BRDA:219,13,0,0
BRDA:219,13,1,0
BRDA:234,14,0,0
BRDA:234,14,1,0
BRDA:237,15,0,0
BRDA:237,15,1,0
BRDA:267,16,0,0
BRDA:267,16,1,0
BRDA:267,16,2,0
BRDA:291,17,0,0
BRDA:291,17,1,0
BRDA:316,18,0,0
BRDA:316,18,1,0
BRDA:319,19,0,0
BRDA:319,19,1,0
BRF:42
BRH:0
end_of_record
TN:
SF:src\screens\NameServiceManagerScreen.tsx
FN:13,(anonymous_0)
FN:23,(anonymous_1)
FN:31,(anonymous_2)
FN:33,(anonymous_3)
FN:35,(anonymous_4)
FN:62,(anonymous_5)
FN:71,(anonymous_6)
FN:72,(anonymous_7)
FN:75,(anonymous_8)
FN:94,(anonymous_9)
FN:102,(anonymous_10)
FN:103,(anonymous_11)
FN:106,(anonymous_12)
FN:107,(anonymous_13)
FN:121,(anonymous_14)
FN:134,(anonymous_15)
FN:139,(anonymous_16)
FNF:17
FNH:0
FNDA:0,(anonymous_0)
FNDA:0,(anonymous_1)
FNDA:0,(anonymous_2)
FNDA:0,(anonymous_3)
FNDA:0,(anonymous_4)
FNDA:0,(anonymous_5)
FNDA:0,(anonymous_6)
FNDA:0,(anonymous_7)
FNDA:0,(anonymous_8)
FNDA:0,(anonymous_9)
FNDA:0,(anonymous_10)
FNDA:0,(anonymous_11)
FNDA:0,(anonymous_12)
FNDA:0,(anonymous_13)
FNDA:0,(anonymous_14)
FNDA:0,(anonymous_15)
FNDA:0,(anonymous_16)
DA:13,0
DA:14,0
DA:15,0
DA:16,0
DA:17,0
DA:18,0
DA:19,0
DA:20,0
DA:21,0
DA:23,0
DA:24,0
DA:25,0
DA:26,0
DA:27,0
DA:28,0
DA:31,0
DA:33,0
DA:34,0
DA:35,0
DA:36,0
DA:39,0
DA:63,0
DA:64,0
DA:65,0
DA:66,0
DA:67,0
DA:71,0
DA:73,0
DA:76,0
DA:95,0
DA:96,0
DA:97,0
DA:102,0
DA:104,0
DA:107,0
DA:121,0
DA:135,0
DA:136,0
DA:137,0
DA:140,0
DA:141,0
DA:149,0
LF:42
LH:0
BRDA:25,0,0,0
BRDA:25,0,1,0
BRDA:26,1,0,0
BRDA:26,1,1,0
BRDA:28,2,0,0
BRDA:28,2,1,0
BRDA:63,3,0,0
BRDA:63,3,1,0
BRDA:64,4,0,0
BRDA:64,4,1,0
BRDA:64,5,0,0
BRDA:64,5,1,0
BRDA:95,6,0,0
BRDA:95,6,1,0
BRDA:96,7,0,0
BRDA:96,7,1,0
BRDA:135,8,0,0
BRDA:135,8,1,0
BRDA:135,9,0,0
BRDA:135,9,1,0
BRF:20
BRH:0
end_of_record
TN:
SF:src\screens\OfflineTransactionScreen.tsx
FN:36,(anonymous_0)
FN:52,(anonymous_1)
FN:57,(anonymous_2)
FN:62,(anonymous_3)
FN:67,(anonymous_4)
FN:90,(anonymous_5)
FN:108,(anonymous_6)
FN:125,(anonymous_7)
FN:127,(anonymous_8)
FN:148,(anonymous_9)
FN:153,(anonymous_10)
FN:156,(anonymous_11)
FN:218,(anonymous_12)
FN:227,(anonymous_13)
FN:239,(anonymous_14)
FN:252,(anonymous_15)
FN:268,(anonymous_16)
FN:286,(anonymous_17)
FN:289,(anonymous_18)
FN:291,(anonymous_19)
FN:304,(anonymous_20)
FN:306,(anonymous_21)
FN:316,(anonymous_22)
FN:343,(anonymous_23)
FN:346,(anonymous_24)
FNF:25
FNH:0
FNDA:0,(anonymous_0)
FNDA:0,(anonymous_1)
FNDA:0,(anonymous_2)
FNDA:0,(anonymous_3)
FNDA:0,(anonymous_4)
FNDA:0,(anonymous_5)
FNDA:0,(anonymous_6)
FNDA:0,(anonymous_7)
FNDA:0,(anonymous_8)
FNDA:0,(anonymous_9)
FNDA:0,(anonymous_10)
FNDA:0,(anonymous_11)
FNDA:0,(anonymous_12)
FNDA:0,(anonymous_13)
FNDA:0,(anonymous_14)
FNDA:0,(anonymous_15)
FNDA:0,(anonymous_16)
FNDA:0,(anonymous_17)
FNDA:0,(anonymous_18)
FNDA:0,(anonymous_19)
FNDA:0,(anonymous_20)
FNDA:0,(anonymous_21)
FNDA:0,(anonymous_22)
FNDA:0,(anonymous_23)
FNDA:0,(anonymous_24)
DA:36,0
DA:37,0
DA:38,0
DA:39,0
DA:40,0
DA:41,0
DA:42,0
DA:43,0
DA:44,0
DA:45,0
DA:47,0
DA:48,0
DA:49,0
DA:50,0
DA:52,0
DA:53,0
DA:54,0
DA:57,0
DA:58,0
DA:59,0
DA:62,0
DA:63,0
DA:64,0
DA:67,0
DA:68,0
DA:69,0
DA:71,0
DA:72,0
DA:73,0
DA:75,0
DA:80,0
DA:81,0
DA:82,0
DA:86,0
DA:90,0
DA:91,0
DA:92,0
DA:93,0
DA:95,0
DA:96,0
DA:98,0
DA:99,0
DA:102,0
DA:104,0
DA:108,0
DA:109,0
DA:110,0
DA:112,0
DA:114,0
DA:115,0
DA:116,0
DA:118,0
DA:121,0
DA:125,0
DA:126,0
DA:127,0
DA:128,0
DA:129,0
DA:130,0
DA:132,0
DA:133,0
DA:134,0
DA:135,0
DA:141,0
DA:142,0
DA:144,0
DA:148,0
DA:149,0
DA:150,0
DA:153,0
DA:154,0
DA:155,0
DA:156,0
DA:158,0
DA:159,0
DA:160,0
DA:161,0
DA:162,0
DA:163,0
DA:165,0
DA:166,0
DA:167,0
DA:168,0
DA:169,0
DA:170,0
DA:172,0
DA:175,0
DA:179,0
DA:183,0
DA:219,0
DA:227,0
DA:240,0
DA:253,0
DA:268,0
DA:269,0
DA:286,0
DA:287,0
DA:288,0
DA:289,0
DA:290,0
DA:291,0
DA:292,0
DA:293,0
DA:295,0
DA:296,0
DA:297,0
DA:298,0
DA:299,0
DA:301,0
DA:304,0
DA:306,0
DA:307,0
DA:308,0
DA:309,0
DA:310,0
DA:312,0
DA:316,0
DA:317,0
DA:318,0
DA:319,0
DA:320,0
DA:322,0
DA:326,0
DA:343,0
DA:346,0
DA:354,0
LF:126
LH:0
BRDA:71,0,0,0
BRDA:71,0,1,0
BRDA:80,1,0,0
BRDA:80,1,1,0
BRDA:98,2,0,0
BRDA:98,2,1,0
BRDA:114,3,0,0
BRDA:114,3,1,0
BRDA:128,4,0,0
BRDA:128,4,1,0
BRDA:155,5,0,0
BRDA:155,5,1,0
BRDA:158,6,0,0
BRDA:158,6,1,0
BRDA:162,7,0,0
BRDA:162,7,1,0
BRDA:192,8,0,0
BRDA:192,8,1,0
BRDA:192,9,0,0
BRDA:192,9,1,0
BRDA:204,10,0,0
BRDA:204,10,1,0
BRDA:215,11,0,0
BRDA:215,11,1,0
BRDA:217,12,0,0
BRDA:217,12,1,0
BRDA:225,13,0,0
BRDA:225,13,1,0
BRDA:238,14,0,0
BRDA:238,14,1,0
BRDA:245,15,0,0
BRDA:245,15,1,0
BRDA:248,16,0,0
BRDA:248,16,1,0
BRDA:276,17,0,0
BRDA:276,17,1,0
BRDA:293,18,0,0
BRDA:293,18,1,0
BRDA:298,19,0,0
BRDA:298,19,1,0
BRDA:299,20,0,0
BRDA:299,20,1,0
BRDA:301,21,0,0
BRDA:301,21,1,0
BRDA:330,22,0,0
BRDA:330,22,1,0
BRDA:331,23,0,0
BRDA:331,23,1,0
BRDA:337,24,0,0
BRDA:337,24,1,0
BRF:50
BRH:0
end_of_record
TN:
SF:src\screens\PortfolioAnalyticsScreen.tsx
FN:43,(anonymous_0)
FN:58,(anonymous_1)
FN:62,(anonymous_2)
FN:100,(anonymous_3)
FN:110,(anonymous_4)
FN:115,(anonymous_5)
FN:119,(anonymous_6)
FN:198,(anonymous_7)
FN:209,(anonymous_8)
FN:240,(anonymous_9)
FN:247,(anonymous_10)
FN:266,(anonymous_11)
FN:272,(anonymous_12)
FN:312,(anonymous_13)
FN:399,(anonymous_14)
FN:447,(anonymous_15)
FN:481,(anonymous_16)
FN:490,(anonymous_17)
FN:499,(anonymous_18)
FN:508,(anonymous_19)
FN:517,(anonymous_20)
FNF:21
FNH:0
FNDA:0,(anonymous_0)
FNDA:0,(anonymous_1)
FNDA:0,(anonymous_2)
FNDA:0,(anonymous_3)
FNDA:0,(anonymous_4)
FNDA:0,(anonymous_5)
FNDA:0,(anonymous_6)
FNDA:0,(anonymous_7)
FNDA:0,(anonymous_8)
FNDA:0,(anonymous_9)
FNDA:0,(anonymous_10)
FNDA:0,(anonymous_11)
FNDA:0,(anonymous_12)
FNDA:0,(anonymous_13)
FNDA:0,(anonymous_14)
FNDA:0,(anonymous_15)
FNDA:0,(anonymous_16)
FNDA:0,(anonymous_17)
FNDA:0,(anonymous_18)
FNDA:0,(anonymous_19)
FNDA:0,(anonymous_20)
DA:41,0
DA:43,0
DA:44,0
DA:45,0
DA:48,0
DA:49,0
DA:50,0
DA:51,0
DA:52,0
DA:53,0
DA:54,0
DA:56,0
DA:58,0
DA:59,0
DA:62,0
DA:63,0
DA:64,0
DA:65,0
DA:75,0
DA:85,0
DA:86,0
DA:87,0
DA:88,0
DA:89,0
DA:90,0
DA:91,0
DA:93,0
DA:94,0
DA:96,0
DA:100,0
DA:101,0
DA:102,0
DA:103,0
DA:104,0
DA:106,0
DA:110,0
DA:111,0
DA:112,0
DA:115,0
DA:116,0
DA:119,0
DA:120,0
DA:198,0
DA:199,0
DA:210,0
DA:240,0
DA:247,0
DA:248,0
DA:267,0
DA:272,0
DA:312,0
DA:313,0
DA:399,0
DA:400,0
DA:447,0
DA:448,0
DA:450,0
DA:452,0
DA:454,0
DA:456,0
DA:458,0
DA:460,0
DA:464,0
DA:465,0
DA:468,0
DA:481,0
DA:490,0
DA:499,0
DA:508,0
DA:517,0
DA:532,0
LF:71
LH:0
BRDA:101,0,0,0
BRDA:101,0,1,0
BRDA:103,1,0,0
BRDA:103,1,1,0
BRDA:111,2,0,0
BRDA:111,2,1,0
BRDA:116,3,0,0
BRDA:116,3,1,0
BRDA:121,4,0,0
BRDA:121,4,1,0
BRDA:202,5,0,0
BRDA:202,5,1,0
BRDA:251,6,0,0
BRDA:251,6,1,0
BRDA:273,7,0,0
BRDA:273,7,1,0
BRDA:288,8,0,0
BRDA:288,8,1,0
BRDA:294,9,0,0
BRDA:294,9,1,0
BRDA:301,10,0,0
BRDA:301,10,1,0
BRDA:303,11,0,0
BRDA:303,11,1,0
BRDA:316,12,0,0
BRDA:316,12,1,0
BRDA:343,13,0,0
BRDA:343,13,1,0
BRDA:370,14,0,0
BRDA:370,14,1,0
BRDA:403,15,0,0
BRDA:403,15,1,0
BRDA:438,16,0,0
BRDA:438,16,1,0
BRDA:439,17,0,0
BRDA:439,17,1,0
BRDA:448,18,0,0
BRDA:448,18,1,0
BRDA:448,18,2,0
BRDA:448,18,3,0
BRDA:448,18,4,0
BRDA:448,18,5,0
BRDA:464,19,0,0
BRDA:464,19,1,0
BRDA:480,20,0,0
BRDA:480,20,1,0
BRDA:483,21,0,0
BRDA:483,21,1,0
BRDA:489,22,0,0
BRDA:489,22,1,0
BRDA:492,23,0,0
BRDA:492,23,1,0
BRDA:498,24,0,0
BRDA:498,24,1,0
BRDA:501,25,0,0
BRDA:501,25,1,0
BRDA:507,26,0,0
BRDA:507,26,1,0
BRDA:510,27,0,0
BRDA:510,27,1,0
BRDA:516,28,0,0
BRDA:516,28,1,0
BRDA:519,29,0,0
BRDA:519,29,1,0
BRF:64
BRH:0
end_of_record
TN:
SF:src\screens\ReceiveScreen.tsx
FN:26,(anonymous_0)
FN:33,(anonymous_1)
FN:37,(anonymous_2)
FN:54,(anonymous_3)
FN:79,(anonymous_4)
FN:101,(anonymous_5)
FN:158,(anonymous_6)
FN:208,(anonymous_7)
FNF:8
FNH:0
FNDA:0,(anonymous_0)
FNDA:0,(anonymous_1)
FNDA:0,(anonymous_2)
FNDA:0,(anonymous_3)
FNDA:0,(anonymous_4)
FNDA:0,(anonymous_5)
FNDA:0,(anonymous_6)
FNDA:0,(anonymous_7)
DA:23,0
DA:24,0
DA:26,0
DA:27,0
DA:28,0
DA:29,0
DA:30,0
DA:31,0
DA:33,0
DA:34,0
DA:37,0
DA:38,0
DA:39,0
DA:40,0
DA:42,0
DA:47,0
DA:50,0
DA:54,0
DA:55,0
DA:56,0
DA:58,0
DA:60,0
DA:61,0
DA:64,0
DA:65,0
DA:68,0
DA:74,0
DA:75,0
DA:79,0
DA:80,0
DA:81,0
DA:84,0
DA:85,0
DA:86,0
DA:89,0
DA:90,0
DA:92,0
DA:93,0
DA:96,0
DA:97,0
DA:101,0
DA:102,0
DA:103,0
DA:104,0
DA:107,0
DA:158,0
DA:208,0
DA:209,0
DA:217,0
LF:49
LH:0
BRDA:38,0,0,0
BRDA:38,0,1,0
BRDA:39,1,0,0
BRDA:39,1,1,0
BRDA:40,2,0,0
BRDA:40,2,1,0
BRDA:40,3,0,0
BRDA:40,3,1,0
BRDA:60,4,0,0
BRDA:60,4,1,0
BRDA:64,5,0,0
BRDA:64,5,1,0
BRDA:115,6,0,0
BRDA:115,6,1,0
BRDA:115,7,0,0
BRDA:115,7,1,0
BRDA:119,8,0,0
BRDA:119,8,1,0
BRDA:127,9,0,0
BRDA:127,9,1,0
BRDA:133,10,0,0
BRDA:133,10,1,0
BRDA:158,11,0,0
BRDA:158,11,1,0
BRDA:160,12,0,0
BRDA:160,12,1,0
BRDA:174,13,0,0
BRDA:174,13,1,0
BRDA:174,13,2,0
BRF:29
BRH:0
end_of_record
TN:
SF:src\screens\RestoreWalletScreen.tsx
FN:42,(anonymous_0)
FN:52,(anonymous_1)
FN:71,(anonymous_2)
FN:85,(anonymous_3)
FN:126,(anonymous_4)
FN:134,(anonymous_5)
FN:139,(anonymous_6)
FN:149,(anonymous_7)
FN:167,(anonymous_8)
FN:176,(anonymous_9)
FN:204,(anonymous_10)
FN:222,(anonymous_11)
FN:285,(anonymous_12)
FNF:13
FNH:0
FNDA:0,(anonymous_0)
FNDA:0,(anonymous_1)
FNDA:0,(anonymous_2)
FNDA:0,(anonymous_3)
FNDA:0,(anonymous_4)
FNDA:0,(anonymous_5)
FNDA:0,(anonymous_6)
FNDA:0,(anonymous_7)
FNDA:0,(anonymous_8)
FNDA:0,(anonymous_9)
FNDA:0,(anonymous_10)
FNDA:0,(anonymous_11)
FNDA:0,(anonymous_12)
DA:40,0
DA:42,0
DA:43,0
DA:44,0
DA:45,0
DA:46,0
DA:47,0
DA:48,0
DA:49,0
DA:50,0
DA:52,0
DA:53,0
DA:55,0
DA:56,0
DA:57,0
DA:58,0
DA:60,0
DA:63,0
DA:64,0
DA:65,0
DA:68,0
DA:71,0
DA:72,0
DA:74,0
DA:75,0
DA:76,0
DA:77,0
DA:78,0
DA:79,0
DA:80,0
DA:85,0
DA:86,0
DA:88,0
DA:89,0
DA:90,0
DA:91,0
DA:92,0
DA:94,0
DA:95,0
DA:100,0
DA:101,0
DA:102,0
DA:103,0
DA:104,0
DA:106,0
DA:107,0
DA:112,0
DA:113,0
DA:114,0
DA:115,0
DA:116,0
DA:119,0
DA:120,0
DA:121,0
DA:126,0
DA:127,0
DA:129,0
DA:130,0
DA:134,0
DA:135,0
DA:136,0
DA:139,0
DA:141,0
DA:143,0
DA:150,0
DA:160,0
DA:161,0
DA:163,0
DA:167,0
DA:168,0
DA:169,0
DA:176,0
DA:177,0
DA:204,0
DA:222,0
DA:223,0
DA:265,0
DA:285,0
DA:317,0
LF:79
LH:0
BRDA:55,0,0,0
BRDA:55,0,1,0
BRDA:56,1,0,0
BRDA:56,1,1,0
BRDA:63,2,0,0
BRDA:63,2,1,0
BRDA:63,3,0,0
BRDA:63,3,1,0
BRDA:74,4,0,0
BRDA:74,4,1,0
BRDA:75,5,0,0
BRDA:75,5,1,0
BRDA:77,6,0,0
BRDA:77,6,1,0
BRDA:79,7,0,0
BRDA:79,7,1,0
BRDA:89,8,0,0
BRDA:89,8,1,0
BRDA:102,9,0,0
BRDA:102,9,1,0
BRDA:102,10,0,0
BRDA:102,10,1,0
BRDA:114,11,0,0
BRDA:114,11,1,0
BRDA:120,12,0,0
BRDA:120,12,1,0
BRDA:204,13,0,0
BRDA:204,13,1,0
BRDA:205,14,0,0
BRDA:205,14,1,0
BRDA:279,15,0,0
BRDA:279,15,1,0
BRDA:280,16,0,0
BRDA:280,16,1,0
BRDA:284,17,0,0
BRDA:284,17,1,0
BRDA:289,18,0,0
BRDA:289,18,1,0
BRDA:291,19,0,0
BRDA:291,19,1,0
BRDA:291,20,0,0
BRDA:291,20,1,0
BRF:42
BRH:0
end_of_record
TN:
SF:src\screens\SendTransactionScreen.tsx
FN:44,(anonymous_0)
FN:56,(anonymous_1)
FN:57,(anonymous_2)
FN:72,(anonymous_3)
FN:73,(anonymous_4)
FN:74,(anonymous_5)
FN:75,(anonymous_6)
FN:76,(anonymous_7)
FN:82,(anonymous_8)
FN:94,(anonymous_9)
FN:128,(anonymous_10)
FN:180,(anonymous_11)
FN:198,(anonymous_12)
FN:201,(anonymous_13)
FN:231,(anonymous_14)
FN:246,(anonymous_15)
FN:247,(anonymous_16)
FN:249,(anonymous_17)
FN:250,(anonymous_18)
FN:256,(anonymous_19)
FN:277,(anonymous_20)
FN:292,(anonymous_21)
FN:315,(anonymous_22)
FN:341,(anonymous_23)
FN:443,(anonymous_24)
FN:444,(anonymous_25)
FN:461,(anonymous_26)
FN:464,(anonymous_27)
FN:466,(anonymous_28)
FN:467,(anonymous_29)
FN:470,(anonymous_30)
FN:509,(anonymous_31)
FN:512,(anonymous_32)
FN:516,(anonymous_33)
FN:522,(anonymous_34)
FN:541,(anonymous_35)
FNF:36
FNH:0
FNDA:0,(anonymous_0)
FNDA:0,(anonymous_1)
FNDA:0,(anonymous_2)
FNDA:0,(anonymous_3)
FNDA:0,(anonymous_4)
FNDA:0,(anonymous_5)
FNDA:0,(anonymous_6)
FNDA:0,(anonymous_7)
FNDA:0,(anonymous_8)
FNDA:0,(anonymous_9)
FNDA:0,(anonymous_10)
FNDA:0,(anonymous_11)
FNDA:0,(anonymous_12)
FNDA:0,(anonymous_13)
FNDA:0,(anonymous_14)
FNDA:0,(anonymous_15)
FNDA:0,(anonymous_16)
FNDA:0,(anonymous_17)
FNDA:0,(anonymous_18)
FNDA:0,(anonymous_19)
FNDA:0,(anonymous_20)
FNDA:0,(anonymous_21)
FNDA:0,(anonymous_22)
FNDA:0,(anonymous_23)
FNDA:0,(anonymous_24)
FNDA:0,(anonymous_25)
FNDA:0,(anonymous_26)
FNDA:0,(anonymous_27)
FNDA:0,(anonymous_28)
FNDA:0,(anonymous_29)
FNDA:0,(anonymous_30)
FNDA:0,(anonymous_31)
FNDA:0,(anonymous_32)
FNDA:0,(anonymous_33)
FNDA:0,(anonymous_34)
FNDA:0,(anonymous_35)
DA:44,0
DA:45,0
DA:46,0
DA:47,0
DA:48,0
DA:49,0
DA:50,0
DA:51,0
DA:52,0
DA:53,0
DA:54,0
DA:56,0
DA:57,0
DA:58,0
DA:59,0
DA:60,0
DA:61,0
DA:62,0
DA:65,0
DA:66,0
DA:67,0
DA:68,0
DA:69,0
DA:70,0
DA:72,0
DA:73,0
DA:74,0
DA:75,0
DA:82,0
DA:83,0
DA:84,0
DA:87,0
DA:88,0
DA:89,0
DA:90,0
DA:91,0
DA:92,0
DA:94,0
DA:95,0
DA:96,0
DA:97,0
DA:98,0
DA:99,0
DA:100,0
DA:102,0
DA:103,0
DA:104,0
DA:105,0
DA:107,0
DA:108,0
DA:109,0
DA:110,0
DA:113,0
DA:114,0
DA:115,0
DA:116,0
DA:118,0
DA:119,0
DA:120,0
DA:121,0
DA:123,0
DA:128,0
DA:129,0
DA:131,0
DA:132,0
DA:136,0
DA:137,0
DA:138,0
DA:139,0
DA:140,0
DA:141,0
DA:143,0
DA:146,0
DA:147,0
DA:148,0
DA:152,0
DA:153,0
DA:154,0
DA:155,0
DA:156,0
DA:162,0
DA:163,0
DA:164,0
DA:165,0
DA:166,0
DA:167,0
DA:169,0
DA:170,0
DA:171,0
DA:174,0
DA:175,0
DA:180,0
DA:182,0
DA:183,0
DA:184,0
DA:185,0
DA:186,0
DA:189,0
DA:190,0
DA:191,0
DA:194,0
DA:198,0
DA:201,0
DA:202,0
DA:204,0
DA:205,0
DA:206,0
DA:210,0
DA:211,0
DA:218,0
DA:223,0
DA:224,0
DA:226,0
DA:227,0
DA:231,0
DA:232,0
DA:233,0
DA:234,0
DA:235,0
DA:236,0
DA:237,0
DA:238,0
DA:240,0
DA:242,0
DA:246,0
DA:247,0
DA:248,0
DA:249,0
DA:250,0
DA:251,0
DA:256,0
DA:257,0
DA:259,0
DA:263,0
DA:266,0
DA:267,0
DA:268,0
DA:269,0
DA:270,0
DA:272,0
DA:277,0
DA:278,0
DA:280,0
DA:284,0
DA:287,0
DA:292,0
DA:293,0
DA:294,0
DA:298,0
DA:299,0
DA:300,0
DA:302,0
DA:305,0
DA:307,0
DA:309,0
DA:310,0
DA:315,0
DA:316,0
DA:317,0
DA:318,0
DA:319,0
DA:321,0
DA:333,0
DA:334,0
DA:335,0
DA:337,0
DA:341,0
DA:342,0
DA:343,0
DA:344,0
DA:347,0
DA:348,0
DA:349,0
DA:352,0
DA:353,0
DA:355,0
DA:356,0
DA:357,0
DA:358,0
DA:359,0
DA:360,0
DA:362,0
DA:367,0
DA:369,0
DA:373,0
DA:374,0
DA:375,0
DA:381,0
DA:382,0
DA:383,0
DA:384,0
DA:385,0
DA:386,0
DA:388,0
DA:391,0
DA:394,0
DA:395,0
DA:398,0
DA:399,0
DA:400,0
DA:402,0
DA:406,0
DA:407,0
DA:408,0
DA:410,0
DA:414,0
DA:444,0
DA:461,0
DA:465,0
DA:466,0
DA:467,0
DA:468,0
DA:469,0
DA:470,0
DA:510,0
DA:511,0
DA:512,0
DA:513,0
DA:514,0
DA:516,0
DA:517,0
DA:518,0
DA:519,0
DA:523,0
DA:524,0
DA:525,0
DA:541,0
DA:547,0
LF:228
LH:0
BRDA:45,0,0,0
BRDA:45,0,1,0
BRDA:46,1,0,0
BRDA:46,1,1,0
BRDA:61,2,0,0
BRDA:61,2,1,0
BRDA:62,3,0,0
BRDA:62,3,1,0
BRDA:68,4,0,0
BRDA:68,4,1,0
BRDA:70,5,0,0
BRDA:70,5,1,0
BRDA:73,6,0,0
BRDA:73,6,1,0
BRDA:73,7,0,0
BRDA:73,7,1,0
BRDA:74,8,0,0
BRDA:74,8,1,0
BRDA:74,9,0,0
BRDA:74,9,1,0
BRDA:75,10,0,0
BRDA:75,10,1,0
BRDA:75,11,0,0
BRDA:75,11,1,0
BRDA:83,12,0,0
BRDA:83,12,1,0
BRDA:84,13,0,0
BRDA:84,13,1,0
BRDA:98,14,0,0
BRDA:98,14,1,0
BRDA:103,15,0,0
BRDA:103,15,1,0
BRDA:108,16,0,0
BRDA:108,16,1,0
BRDA:114,17,0,0
BRDA:114,17,1,0
BRDA:118,18,0,0
BRDA:118,18,1,0
BRDA:119,19,0,0
BRDA:119,19,1,0
BRDA:120,20,0,0
BRDA:120,20,1,0
BRDA:131,21,0,0
BRDA:131,21,1,0
BRDA:131,22,0,0
BRDA:131,22,1,0
BRDA:139,23,0,0
BRDA:139,23,1,0
BRDA:140,24,0,0
BRDA:140,24,1,0
BRDA:147,25,0,0
BRDA:147,25,1,0
BRDA:147,26,0,0
BRDA:147,26,1,0
BRDA:160,27,0,0
BRDA:160,27,1,0
BRDA:170,28,0,0
BRDA:170,28,1,0
BRDA:184,29,0,0
BRDA:184,29,1,0
BRDA:186,30,0,0
BRDA:186,30,1,0
BRDA:191,31,0,0
BRDA:191,31,1,0
BRDA:205,32,0,0
BRDA:205,32,1,0
BRDA:250,33,0,0
BRDA:250,33,1,0
BRDA:319,34,0,0
BRDA:319,34,1,0
BRDA:342,35,0,0
BRDA:342,35,1,0
BRDA:342,36,0,0
BRDA:342,36,1,0
BRDA:360,37,0,0
BRDA:360,37,1,0
BRDA:367,38,0,0
BRDA:367,38,1,0
BRDA:367,39,0,0
BRDA:367,39,1,0
BRDA:373,40,0,0
BRDA:373,40,1,0
BRDA:385,41,0,0
BRDA:385,41,1,0
BRDA:385,42,0,0
BRDA:385,42,1,0
BRDA:385,42,2,0
BRDA:394,43,0,0
BRDA:394,43,1,0
BRDA:395,44,0,0
BRDA:395,44,1,0
BRDA:399,45,0,0
BRDA:399,45,1,0
BRDA:435,46,0,0
BRDA:435,46,1,0
BRDA:444,47,0,0
BRDA:444,47,1,0
BRDA:445,48,0,0
BRDA:445,48,1,0
BRDA:455,49,0,0
BRDA:455,49,1,0
BRDA:458,50,0,0
BRDA:458,50,1,0
BRDA:468,51,0,0
BRDA:468,51,1,0
BRDA:470,52,0,0
BRDA:470,52,1,0
BRDA:477,53,0,0
BRDA:477,53,1,0
BRDA:506,54,0,0
BRDA:506,54,1,0
BRDA:506,55,0,0
BRDA:506,55,1,0
BRDA:507,56,0,0
BRDA:507,56,1,0
BRDA:509,57,0,0
BRDA:509,57,1,0
BRDA:522,58,0,0
BRDA:522,58,1,0
BRDA:523,59,0,0
BRDA:523,59,1,0
BRDA:524,60,0,0
BRDA:524,60,1,0
BRF:123
BRH:0
end_of_record
TN:
SF:src\screens\SettingsScreen.tsx
FN:35,(anonymous_0)
FN:51,(anonymous_1)
FN:55,(anonymous_2)
FN:84,(anonymous_3)
FN:107,(anonymous_4)
FN:125,(anonymous_5)
FN:130,(anonymous_6)
FN:135,(anonymous_7)
FN:146,(anonymous_8)
FN:152,(anonymous_9)
FN:168,(anonymous_10)
FN:170,(anonymous_11)
FN:171,(anonymous_12)
FN:171,(anonymous_13)
FN:173,(anonymous_14)
FN:181,(anonymous_15)
FN:188,(anonymous_16)
FN:198,(anonymous_17)
FN:259,(anonymous_18)
FN:273,(anonymous_19)
FN:275,(anonymous_20)
FN:325,(anonymous_21)
FN:328,(anonymous_22)
FN:328,(anonymous_23)
FN:342,(anonymous_24)
FN:345,(anonymous_25)
FN:345,(anonymous_26)
FN:359,(anonymous_27)
FN:371,(anonymous_28)
FN:380,(anonymous_29)
FN:394,(anonymous_30)
FN:407,(anonymous_31)
FN:420,(anonymous_32)
FN:438,(anonymous_33)
FN:441,(anonymous_34)
FN:455,(anonymous_35)
FN:458,(anonymous_36)
FN:458,(anonymous_37)
FN:496,(anonymous_38)
FN:504,(anonymous_39)
FN:512,(anonymous_40)
FN:523,(anonymous_41)
FN:529,(anonymous_42)
FN:570,(anonymous_43)
FN:599,(anonymous_44)
FNF:45
FNH:0
FNDA:0,(anonymous_0)
FNDA:0,(anonymous_1)
FNDA:0,(anonymous_2)
FNDA:0,(anonymous_3)
FNDA:0,(anonymous_4)
FNDA:0,(anonymous_5)
FNDA:0,(anonymous_6)
FNDA:0,(anonymous_7)
FNDA:0,(anonymous_8)
FNDA:0,(anonymous_9)
FNDA:0,(anonymous_10)
FNDA:0,(anonymous_11)
FNDA:0,(anonymous_12)
FNDA:0,(anonymous_13)
FNDA:0,(anonymous_14)
FNDA:0,(anonymous_15)
FNDA:0,(anonymous_16)
FNDA:0,(anonymous_17)
FNDA:0,(anonymous_18)
FNDA:0,(anonymous_19)
FNDA:0,(anonymous_20)
FNDA:0,(anonymous_21)
FNDA:0,(anonymous_22)
FNDA:0,(anonymous_23)
FNDA:0,(anonymous_24)
FNDA:0,(anonymous_25)
FNDA:0,(anonymous_26)
FNDA:0,(anonymous_27)
FNDA:0,(anonymous_28)
FNDA:0,(anonymous_29)
FNDA:0,(anonymous_30)
FNDA:0,(anonymous_31)
FNDA:0,(anonymous_32)
FNDA:0,(anonymous_33)
FNDA:0,(anonymous_34)
FNDA:0,(anonymous_35)
FNDA:0,(anonymous_36)
FNDA:0,(anonymous_37)
FNDA:0,(anonymous_38)
FNDA:0,(anonymous_39)
FNDA:0,(anonymous_40)
FNDA:0,(anonymous_41)
FNDA:0,(anonymous_42)
FNDA:0,(anonymous_43)
FNDA:0,(anonymous_44)
DA:35,0
DA:36,0
DA:37,0
DA:38,0
DA:39,0
DA:40,0
DA:41,0
DA:42,0
DA:43,0
DA:44,0
DA:45,0
DA:46,0
DA:47,0
DA:48,0
DA:49,0
DA:51,0
DA:52,0
DA:55,0
DA:56,0
DA:57,0
DA:58,0
DA:59,0
DA:60,0
DA:61,0
DA:62,0
DA:63,0
DA:64,0
DA:66,0
DA:67,0
DA:72,0
DA:73,0
DA:74,0
DA:75,0
DA:77,0
DA:78,0
DA:80,0
DA:84,0
DA:85,0
DA:86,0
DA:88,0
DA:90,0
DA:91,0
DA:92,0
DA:95,0
DA:96,0
DA:97,0
DA:98,0
DA:99,0
DA:103,0
DA:107,0
DA:108,0
DA:109,0
DA:111,0
DA:112,0
DA:113,0
DA:114,0
DA:118,0
DA:121,0
DA:125,0
DA:126,0
DA:127,0
DA:130,0
DA:131,0
DA:132,0
DA:135,0
DA:136,0
DA:138,0
DA:147,0
DA:154,0
DA:155,0
DA:168,0
DA:169,0
DA:170,0
DA:171,0
DA:172,0
DA:173,0
DA:174,0
DA:178,0
DA:181,0
DA:183,0
DA:198,0
DA:199,0
DA:200,0
DA:201,0
DA:204,0
DA:211,0
DA:220,0
DA:221,0
DA:226,0
DA:228,0
DA:229,0
DA:231,0
DA:233,0
DA:237,0
DA:238,0
DA:240,0
DA:242,0
DA:246,0
DA:248,0
DA:251,0
DA:253,0
DA:254,0
DA:259,0
DA:260,0
DA:269,0
DA:273,0
DA:275,0
DA:282,0
DA:326,0
DA:327,0
DA:328,0
DA:329,0
DA:330,0
DA:331,0
DA:343,0
DA:344,0
DA:345,0
DA:346,0
DA:347,0
DA:348,0
DA:360,0
DA:361,0
DA:362,0
DA:363,0
DA:371,0
DA:382,0
DA:395,0
DA:396,0
DA:397,0
DA:398,0
DA:399,0
DA:400,0
DA:408,0
DA:409,0
DA:410,0
DA:411,0
DA:412,0
DA:413,0
DA:421,0
DA:422,0
DA:423,0
DA:425,0
DA:426,0
DA:427,0
DA:428,0
DA:429,0
DA:430,0
DA:431,0
DA:439,0
DA:444,0
DA:445,0
DA:446,0
DA:456,0
DA:457,0
DA:458,0
DA:459,0
DA:460,0
DA:461,0
DA:462,0
DA:497,0
DA:498,0
DA:499,0
DA:500,0
DA:504,0
DA:505,0
DA:512,0
DA:523,0
DA:530,0
DA:531,0
DA:532,0
DA:570,0
DA:599,0
DA:600,0
DA:631,0
LF:174
LH:0
BRDA:61,0,0,0
BRDA:61,0,1,0
BRDA:62,1,0,0
BRDA:62,1,1,0
BRDA:63,2,0,0
BRDA:63,2,1,0
BRDA:64,3,0,0
BRDA:64,3,1,0
BRDA:68,4,0,0
BRDA:68,4,1,0
BRDA:70,5,0,0
BRDA:70,5,1,0
BRDA:74,6,0,0
BRDA:74,6,1,0
BRDA:75,7,0,0
BRDA:75,7,1,0
BRDA:88,8,0,0
BRDA:88,8,1,0
BRDA:96,9,0,0
BRDA:96,9,1,0
BRDA:113,10,0,0
BRDA:113,10,1,0
BRDA:116,11,0,0
BRDA:116,11,1,0
BRDA:178,12,0,0
BRDA:178,12,1,0
BRDA:319,13,0,0
BRDA:319,13,1,0
BRDA:356,14,0,0
BRDA:356,14,1,0
BRDA:357,15,0,0
BRDA:357,15,1,0
BRDA:370,16,0,0
BRDA:370,16,1,0
BRDA:392,17,0,0
BRDA:392,17,1,0
BRDA:400,18,0,0
BRDA:400,18,1,0
BRDA:405,19,0,0
BRDA:405,19,1,0
BRDA:413,20,0,0
BRDA:413,20,1,0
BRDA:419,21,0,0
BRDA:419,21,1,0
BRDA:419,22,0,0
BRDA:419,22,1,0
BRDA:423,23,0,0
BRDA:423,23,1,0
BRDA:427,24,0,0
BRDA:427,24,1,0
BRDA:428,25,0,0
BRDA:428,25,1,0
BRDA:429,26,0,0
BRDA:429,26,1,0
BRDA:431,27,0,0
BRDA:431,27,1,0
BRDA:437,28,0,0
BRDA:437,28,1,0
BRDA:453,29,0,0
BRDA:453,29,1,0
BRDA:458,30,0,0
BRDA:458,30,1,0
BRDA:494,31,0,0
BRDA:494,31,1,0
BRDA:495,32,0,0
BRDA:495,32,1,0
BRDA:502,33,0,0
BRDA:502,33,1,0
BRDA:505,34,0,0
BRDA:505,34,1,0
BRDA:511,35,0,0
BRDA:511,35,1,0
BRDA:521,36,0,0
BRDA:521,36,1,0
BRDA:522,37,0,0
BRDA:522,37,1,0
BRDA:599,38,0,0
BRDA:601,39,0,0
BRDA:601,39,1,0
BRDA:604,40,0,0
BRDA:604,40,1,0
BRDA:611,41,0,0
BRDA:611,41,1,0
BRDA:619,42,0,0
BRDA:619,42,1,0
BRDA:623,43,0,0
BRDA:623,43,1,0
BRF:87
BRH:0
end_of_record
TN:
SF:src\screens\SetupWalletScreen.tsx
FN:39,(anonymous_0)
FN:49,(anonymous_1)
FN:57,(anonymous_2)
FN:59,(anonymous_3)
FN:76,(anonymous_4)
FN:84,(anonymous_5)
FN:92,(anonymous_6)
FN:113,(anonymous_7)
FN:150,(anonymous_8)
FN:212,(anonymous_9)
FN:220,(anonymous_10)
FN:265,(anonymous_11)
FN:280,(anonymous_12)
FN:332,(anonymous_13)
FN:345,(anonymous_14)
FN:364,(anonymous_15)
FN:422,(anonymous_16)
FNF:17
FNH:0
FNDA:0,(anonymous_0)
FNDA:0,(anonymous_1)
FNDA:0,(anonymous_2)
FNDA:0,(anonymous_3)
FNDA:0,(anonymous_4)
FNDA:0,(anonymous_5)
FNDA:0,(anonymous_6)
FNDA:0,(anonymous_7)
FNDA:0,(anonymous_8)
FNDA:0,(anonymous_9)
FNDA:0,(anonymous_10)
FNDA:0,(anonymous_11)
FNDA:0,(anonymous_12)
FNDA:0,(anonymous_13)
FNDA:0,(anonymous_14)
FNDA:0,(anonymous_15)
FNDA:0,(anonymous_16)
DA:37,0
DA:39,0
DA:40,0
DA:41,0
DA:42,0
DA:43,0
DA:44,0
DA:45,0
DA:46,0
DA:47,0
DA:49,0
DA:50,0
DA:51,0
DA:52,0
DA:57,0
DA:58,0
DA:59,0
DA:60,0
DA:61,0
DA:62,0
DA:63,0
DA:65,0
DA:71,0
DA:76,0
DA:77,0
DA:79,0
DA:80,0
DA:81,0
DA:84,0
DA:85,0
DA:87,0
DA:88,0
[...]
FN:75,(anonymous_1)
FN:100,(anonymous_2)
FN:117,(anonymous_3)
FN:133,(anonymous_4)
FN:144,(anonymous_5)
FN:153,(anonymous_6)
FN:162,(anonymous_7)
FN:193,(anonymous_8)
FN:208,(anonymous_9)
FN:214,(anonymous_10)
FN:215,(anonymous_11)
FN:222,(anonymous_12)
FN:228,(anonymous_13)
FN:231,(anonymous_14)
FN:232,(anonymous_15)
FN:241,(anonymous_16)
FN:274,(anonymous_17)
FN:285,(anonymous_18)
FN:295,(anonymous_19)
FN:302,(anonymous_20)
FN:309,(anonymous_21)
FN:314,(anonymous_22)
FN:320,(anonymous_23)
FN:323,(anonymous_24)
FN:324,(anonymous_25)
FN:325,(anonymous_26)
FN:326,(anonymous_27)
FN:329,(anonymous_28)
FN:330,(anonymous_29)
FNF:30
FNH:0
FNDA:0,(anonymous_0)
FNDA:0,(anonymous_1)
FNDA:0,(anonymous_2)
FNDA:0,(anonymous_3)
FNDA:0,(anonymous_4)
FNDA:0,(anonymous_5)
FNDA:0,(anonymous_6)
FNDA:0,(anonymous_7)
FNDA:0,(anonymous_8)
FNDA:0,(anonymous_9)
FNDA:0,(anonymous_10)
FNDA:0,(anonymous_11)
FNDA:0,(anonymous_12)
FNDA:0,(anonymous_13)
FNDA:0,(anonymous_14)
FNDA:0,(anonymous_15)
FNDA:0,(anonymous_16)
FNDA:0,(anonymous_17)
FNDA:0,(anonymous_18)
FNDA:0,(anonymous_19)
FNDA:0,(anonymous_20)
FNDA:0,(anonymous_21)
FNDA:0,(anonymous_22)
FNDA:0,(anonymous_23)
FNDA:0,(anonymous_24)
FNDA:0,(anonymous_25)
FNDA:0,(anonymous_26)
FNDA:0,(anonymous_27)
FNDA:0,(anonymous_28)
FNDA:0,(anonymous_29)
DA:51,0
DA:52,0
DA:70,0
DA:73,0
DA:75,0
DA:77,0
DA:78,0
DA:82,0
DA:90,0
DA:93,0
DA:95,0
DA:99,0
DA:100,0
DA:101,0
DA:106,0
DA:122,0
DA:124,0
DA:126,0
DA:128,0
DA:134,0
DA:145,0
DA:146,0
DA:147,0
DA:154,0
DA:168,0
DA:170,0
DA:171,0
DA:172,0
DA:174,0
DA:175,0
DA:181,0
DA:183,0
DA:185,0
DA:191,0
DA:193,0
DA:199,0
DA:201,0
DA:202,0
DA:205,0
DA:212,0
DA:215,0
DA:216,0
DA:228,0
DA:229,0
DA:231,0
DA:232,0
DA:233,0
DA:234,0
DA:235,0
DA:236,0
DA:240,0
DA:241,0
DA:244,0
DA:245,0
DA:246,0
DA:249,0
DA:254,0
DA:274,0
DA:279,0
DA:281,0
DA:286,0
DA:287,0
DA:295,0
DA:299,0
DA:301,0
DA:302,0
DA:305,0
DA:309,0
DA:312,0
DA:314,0
DA:320,0
DA:322,0
DA:323,0
DA:324,0
DA:325,0
DA:326,0
DA:329,0
DA:330,0
DA:331,0
DA:339,0
LF:80
LH:0
BRDA:59,0,0,0
BRDA:62,1,0,0
BRDA:63,2,0,0
BRDA:64,3,0,0
BRDA:65,4,0,0
BRDA:69,5,0,0
BRDA:77,6,0,0
BRDA:77,6,1,0
BRDA:99,7,0,0
BRDA:99,7,1,0
BRDA:120,8,0,0
BRDA:122,9,0,0
BRDA:122,9,1,0
BRDA:130,10,0,0
BRDA:130,10,1,0
BRDA:131,11,0,0
BRDA:131,11,1,0
BRDA:174,12,0,0
BRDA:174,12,1,0
BRDA:191,13,0,0
BRDA:191,13,1,0
BRDA:201,14,0,0
BRDA:201,14,1,0
BRDA:233,15,0,0
BRDA:233,15,1,0
BRDA:234,16,0,0
BRDA:234,16,1,0
BRDA:234,17,0,0
BRDA:234,17,1,0
BRDA:236,18,0,0
BRDA:236,18,1,0
BRDA:244,19,0,0
BRDA:244,19,1,0
BRDA:245,20,0,0
BRDA:245,20,1,0
BRDA:257,21,0,0
BRDA:257,21,1,0
BRDA:277,22,0,0
BRDA:279,23,0,0
BRDA:279,24,0,0
BRDA:301,25,0,0
BRDA:301,25,1,0
BRF:42
BRH:0
end_of_record
TN:
SF:src\utils\IntelligentCache.ts
FN:117,(anonymous_0)
FN:121,(anonymous_1)
FN:132,(anonymous_2)
FN:154,(anonymous_3)
FN:178,(anonymous_4)
FN:184,(anonymous_5)
FN:189,(anonymous_6)
FN:191,(anonymous_7)
FN:203,(anonymous_8)
FN:261,(anonymous_9)
FN:321,(anonymous_10)
FN:345,(anonymous_11)
FN:350,(anonymous_12)
FN:381,(anonymous_13)
FN:422,(anonymous_14)
FN:435,(anonymous_15)
FN:440,(anonymous_16)
FN:452,(anonymous_17)
FN:488,(anonymous_18)
FN:511,(anonymous_19)
FN:515,(anonymous_20)
FN:526,(anonymous_21)
FN:534,(anonymous_22)
FN:549,(anonymous_23)
FN:577,(anonymous_24)
FN:579,(anonymous_25)
FN:591,(anonymous_26)
FN:603,(anonymous_27)
FN:608,(anonymous_28)
FN:651,(anonymous_29)
FN:652,(anonymous_30)
FN:655,(anonymous_31)
FN:660,(anonymous_32)
FN:665,(anonymous_33)
FN:670,(anonymous_34)
FN:681,(anonymous_35)
FN:704,(anonymous_36)
FN:711,(anonymous_37)
FN:717,(anonymous_38)
FN:728,(anonymous_39)
FN:733,(anonymous_40)
FN:752,(anonymous_41)
FNF:42
FNH:0
FNDA:0,(anonymous_0)
FNDA:0,(anonymous_1)
FNDA:0,(anonymous_2)
FNDA:0,(anonymous_3)
FNDA:0,(anonymous_4)
FNDA:0,(anonymous_5)
FNDA:0,(anonymous_6)
FNDA:0,(anonymous_7)
FNDA:0,(anonymous_8)
FNDA:0,(anonymous_9)
FNDA:0,(anonymous_10)
FNDA:0,(anonymous_11)
FNDA:0,(anonymous_12)
FNDA:0,(anonymous_13)
FNDA:0,(anonymous_14)
FNDA:0,(anonymous_15)
FNDA:0,(anonymous_16)
FNDA:0,(anonymous_17)
FNDA:0,(anonymous_18)
FNDA:0,(anonymous_19)
FNDA:0,(anonymous_20)
FNDA:0,(anonymous_21)
FNDA:0,(anonymous_22)
FNDA:0,(anonymous_23)
FNDA:0,(anonymous_24)
FNDA:0,(anonymous_25)
FNDA:0,(anonymous_26)
FNDA:0,(anonymous_27)
FNDA:0,(anonymous_28)
FNDA:0,(anonymous_29)
FNDA:0,(anonymous_30)
FNDA:0,(anonymous_31)
FNDA:0,(anonymous_32)
FNDA:0,(anonymous_33)
FNDA:0,(anonymous_34)
FNDA:0,(anonymous_35)
FNDA:0,(anonymous_36)
FNDA:0,(anonymous_37)
FNDA:0,(anonymous_38)
FNDA:0,(anonymous_39)
FNDA:0,(anonymous_40)
FNDA:0,(anonymous_41)
DA:95,0
DA:96,0
DA:99,0
DA:100,0
DA:101,0
DA:102,0
DA:105,0
DA:113,0
DA:114,0
DA:115,0
DA:118,0
DA:122,0
DA:123,0
DA:125,0
DA:133,0
DA:135,0
DA:138,0
DA:141,0
DA:143,0
DA:144,0
DA:150,0
DA:155,0
DA:156,0
DA:157,0
DA:159,0
DA:161,0
DA:163,0
DA:164,0
DA:167,0
DA:171,0
DA:174,0
DA:179,0
DA:180,0
DA:184,0
DA:185,0
DA:191,0
DA:192,0
DA:214,0
DA:216,0
DA:217,0
DA:219,0
DA:222,0
DA:225,0
DA:228,0
DA:231,0
DA:234,0
DA:238,0
DA:245,0
DA:246,0
DA:247,0
DA:249,0
DA:250,0
DA:254,0
DA:273,0
DA:275,0
DA:276,0
DA:277,0
DA:278,0
DA:280,0
DA:298,0
DA:301,0
DA:303,0
DA:311,0
DA:322,0
DA:323,0
DA:326,0
DA:327,0
DA:330,0
DA:331,0
DA:332,0
DA:335,0
DA:336,0
DA:337,0
DA:343,0
DA:344,0
DA:345,0
DA:346,0
DA:349,0
DA:350,0
DA:351,0
DA:357,0
DA:358,0
DA:359,0
DA:360,0
DA:363,0
DA:364,0
DA:366,0
DA:373,0
DA:387,0
DA:388,0
DA:389,0
DA:390,0
DA:394,0
DA:395,0
DA:397,0
DA:398,0
DA:399,0
DA:403,0
DA:404,0
DA:405,0
DA:409,0
DA:410,0
DA:411,0
DA:412,0
DA:414,0
DA:417,0
DA:418,0
DA:419,0
DA:428,0
DA:431,0
DA:432,0
DA:435,0
DA:436,0
DA:437,0
DA:439,0
DA:441,0
DA:445,0
DA:449,0
DA:457,0
DA:458,0
DA:459,0
DA:460,0
DA:463,0
DA:464,0
DA:466,0
DA:469,0
DA:470,0
DA:472,0
DA:476,0
DA:481,0
DA:485,0
DA:490,0
DA:491,0
DA:492,0
DA:493,0
DA:497,0
DA:498,0
DA:499,0
DA:500,0
DA:504,0
DA:512,0
DA:516,0
DA:517,0
DA:519,0
DA:520,0
DA:522,0
DA:528,0
DA:530,0
DA:531,0
DA:536,0
DA:539,0
DA:542,0
DA:543,0
DA:545,0
DA:546,0
DA:550,0
DA:551,0
DA:552,0
DA:553,0
DA:556,0
DA:557,0
DA:559,0
DA:560,0
DA:561,0
DA:562,0
DA:566,0
DA:569,0
DA:573,0
DA:578,0
DA:579,0
DA:584,0
DA:587,0
DA:592,0
DA:593,0
DA:594,0
DA:596,0
DA:598,0
DA:599,0
DA:604,0
DA:605,0
DA:608,0
DA:610,0
DA:611,0
DA:614,0
DA:615,0
DA:616,0
DA:617,0
DA:620,0
DA:621,0
DA:622,0
DA:625,0
DA:629,0
DA:630,0
DA:632,0
DA:633,0
DA:635,0
DA:636,0
DA:641,0
DA:642,0
DA:644,0
DA:645,0
DA:648,0
DA:652,0
DA:656,0
DA:657,0
DA:661,0
DA:662,0
DA:666,0
DA:667,0
DA:671,0
DA:673,0
DA:682,0
DA:683,0
DA:685,0
DA:686,0
DA:693,0
DA:705,0
DA:712,0
DA:713,0
DA:716,0
DA:717,0
DA:718,0
DA:720,0
DA:722,0
DA:729,0
DA:733,0
DA:734,0
DA:735,0
DA:737,0
DA:744,0
DA:746,0
DA:753,0
DA:754,0
DA:755,0
DA:758,0
DA:761,0
DA:763,0
DA:771,0
LF:238
LH:0
BRDA:122,0,0,0
BRDA:122,0,1,0
BRDA:157,1,0,0
BRDA:157,1,1,0
BRDA:163,2,0,0
BRDA:163,2,1,0
BRDA:179,3,0,0
BRDA:179,3,1,0
BRDA:206,4,0,0
BRDA:209,5,0,0
BRDA:210,6,0,0
BRDA:211,7,0,0
BRDA:212,8,0,0
BRDA:213,9,0,0
BRDA:217,10,0,0
BRDA:217,10,1,0
BRDA:217,10,2,0
BRDA:217,10,3,0
BRDA:217,10,4,0
BRDA:217,10,5,0
BRDA:228,11,0,0
BRDA:228,11,1,0
BRDA:245,12,0,0
BRDA:245,12,1,0
BRDA:264,13,0,0
BRDA:267,14,0,0
BRDA:268,15,0,0
BRDA:269,16,0,0
BRDA:270,17,0,0
BRDA:271,18,0,0
BRDA:272,19,0,0
BRDA:326,20,0,0
BRDA:326,20,1,0
BRDA:331,21,0,0
BRDA:331,21,1,0
BRDA:336,22,0,0
BRDA:336,22,1,0
BRDA:343,23,0,0
BRDA:343,23,1,0
BRDA:343,24,0,0
BRDA:343,24,1,0
BRDA:345,25,0,0
BRDA:345,25,1,0
BRDA:350,26,0,0
BRDA:350,26,1,0
BRDA:384,27,0,0
BRDA:388,28,0,0
BRDA:388,28,1,0
BRDA:388,29,0,0
BRDA:388,29,1,0
BRDA:395,30,0,0
BRDA:395,30,1,0
BRDA:395,31,0,0
BRDA:395,31,1,0
BRDA:404,32,0,0
BRDA:404,32,1,0
BRDA:409,33,0,0
BRDA:409,33,1,0
BRDA:411,34,0,0
BRDA:411,34,1,0
BRDA:425,35,0,0
BRDA:431,36,0,0
BRDA:431,36,1,0
BRDA:431,37,0,0
BRDA:431,37,1,0
BRDA:436,38,0,0
BRDA:436,38,1,0
BRDA:455,39,0,0
BRDA:457,40,0,0
BRDA:457,40,1,0
BRDA:469,41,0,0
BRDA:469,41,1,0
BRDA:491,42,0,0
BRDA:491,42,1,0
BRDA:491,43,0,0
BRDA:491,43,1,0
BRDA:498,44,0,0
BRDA:498,44,1,0
BRDA:498,45,0,0
BRDA:498,45,1,0
BRDA:519,46,0,0
BRDA:519,46,1,0
BRDA:552,47,0,0
BRDA:552,47,1,0
BRDA:557,48,0,0
BRDA:557,48,1,0
BRDA:557,49,0,0
BRDA:557,49,1,0
BRDA:592,50,0,0
BRDA:592,50,1,0
BRDA:593,51,0,0
BRDA:593,51,1,0
BRDA:594,52,0,0
BRDA:594,52,1,0
BRDA:598,53,0,0
BRDA:598,53,1,0
BRDA:598,54,0,0
BRDA:598,54,1,0
BRDA:604,55,0,0
BRDA:604,55,1,0
BRDA:610,56,0,0
BRDA:610,56,1,0
BRDA:610,57,0,0
BRDA:610,57,1,0
BRDA:611,58,0,0
BRDA:611,58,1,0
BRDA:611,59,0,0
BRDA:611,59,1,0
BRDA:616,60,0,0
BRDA:616,60,1,0
BRDA:616,61,0,0
BRDA:616,61,1,0
BRDA:617,62,0,0
BRDA:617,62,1,0
BRDA:617,63,0,0
BRDA:617,63,1,0
BRDA:622,64,0,0
BRDA:622,64,1,0
BRDA:635,65,0,0
BRDA:635,65,1,0
BRDA:641,66,0,0
BRDA:641,66,1,0
BRDA:671,67,0,0
BRDA:671,67,1,0
BRDA:685,68,0,0
BRDA:685,68,1,0
BRDA:753,69,0,0
BRDA:753,69,1,0
BRF:128
BRH:0
end_of_record
TN:
SF:src\utils\LazyLoader.ts
FN:34,(anonymous_0)
FN:53,(anonymous_1)
FN:83,(anonymous_2)
FN:90,(anonymous_3)
FN:104,(anonymous_4)
FN:168,(anonymous_5)
FN:169,(anonymous_6)
FN:178,(anonymous_7)
FN:179,(anonymous_8)
FN:188,(anonymous_9)
FN:189,(anonymous_10)
FN:198,(anonymous_11)
FN:199,(anonymous_12)
FN:208,(anonymous_13)
FN:209,(anonymous_14)
FN:218,(anonymous_15)
FN:219,(anonymous_16)
FN:233,(anonymous_17)
FN:256,(anonymous_18)
FN:270,(anonymous_19)
FN:289,(anonymous_20)
FN:289,(anonymous_21)
FN:302,(anonymous_22)
FN:313,(anonymous_23)
FN:315,(anonymous_24)
FN:316,(anonymous_25)
FN:335,(anonymous_26)
FN:353,(anonymous_27)
FNF:28
FNH:0
FNDA:0,(anonymous_0)
FNDA:0,(anonymous_1)
FNDA:0,(anonymous_2)
FNDA:0,(anonymous_3)
FNDA:0,(anonymous_4)
FNDA:0,(anonymous_5)
FNDA:0,(anonymous_6)
FNDA:0,(anonymous_7)
FNDA:0,(anonymous_8)
FNDA:0,(anonymous_9)
FNDA:0,(anonymous_10)
FNDA:0,(anonymous_11)
FNDA:0,(anonymous_12)
FNDA:0,(anonymous_13)
FNDA:0,(anonymous_14)
FNDA:0,(anonymous_15)
FNDA:0,(anonymous_16)
FNDA:0,(anonymous_17)
FNDA:0,(anonymous_18)
FNDA:0,(anonymous_19)
FNDA:0,(anonymous_20)
FNDA:0,(anonymous_21)
FNDA:0,(anonymous_22)
FNDA:0,(anonymous_23)
FNDA:0,(anonymous_24)
FNDA:0,(anonymous_25)
FNDA:0,(anonymous_26)
FNDA:0,(anonymous_27)
DA:21,0
DA:27,0
DA:28,0
DA:34,0
DA:35,0
DA:36,0
DA:39,0
DA:40,0
DA:43,0
DA:44,0
DA:45,0
DA:47,0
DA:53,0
DA:54,0
DA:56,0
DA:57,0
DA:60,0
DA:62,0
DA:63,0
DA:68,0
DA:71,0
DA:72,0
DA:76,0
DA:83,0
DA:84,0
DA:90,0
DA:91,0
DA:104,0
DA:108,0
DA:110,0
DA:111,0
DA:112,0
DA:116,0
DA:117,0
DA:121,0
DA:122,0
DA:126,0
DA:128,0
DA:129,0
DA:131,0
DA:132,0
DA:134,0
DA:135,0
DA:140,0
DA:141,0
DA:142,0
DA:144,0
DA:147,0
DA:148,0
DA:154,0
DA:155,0
DA:157,0
DA:168,0
DA:169,0
DA:170,0
DA:171,0
DA:178,0
DA:179,0
DA:180,0
DA:181,0
DA:188,0
DA:189,0
DA:190,0
DA:191,0
DA:198,0
DA:199,0
DA:200,0
DA:201,0
DA:208,0
DA:209,0
DA:210,0
DA:211,0
DA:218,0
DA:219,0
DA:220,0
DA:221,0
DA:233,0
DA:234,0
DA:235,0
DA:238,0
DA:253,0
DA:256,0
DA:260,0
DA:263,0
DA:270,0
DA:271,0
DA:284,0
DA:285,0
DA:286,0
DA:289,0
DA:302,0
DA:303,0
DA:304,0
DA:305,0
DA:307,0
DA:313,0
DA:314,0
DA:315,0
DA:316,0
DA:318,0
DA:335,0
DA:336,0
DA:337,0
DA:338,0
DA:339,0
DA:344,0
DA:346,0
DA:353,0
DA:357,0
DA:358,0
DA:360,0
DA:361,0
DA:363,0
DA:364,0
DA:366,0
DA:372,0
DA:375,0
DA:377,0
DA:382,0
LF:119
LH:0
BRDA:35,0,0,0
BRDA:35,0,1,0
BRDA:39,1,0,0
BRDA:39,1,1,0
BRDA:110,2,0,0
BRDA:110,2,1,0
BRDA:116,3,0,0
BRDA:116,3,1,0
BRDA:121,4,0,0
BRDA:121,4,1,0
BRDA:285,5,0,0
BRDA:285,5,1,0
BRDA:337,6,0,0
BRDA:337,6,1,0
BRF:14
BRH:0
end_of_record
TN:
SF:src\utils\Logger.ts
FN:23,(anonymous_0)
FN:30,(anonymous_1)
FN:34,(anonymous_2)
FN:69,(anonymous_3)
FN:73,(anonymous_4)
FN:77,(anonymous_5)
FN:81,(anonymous_6)
FN:85,(anonymous_7)
FN:89,(anonymous_8)
FNF:9
FNH:0
FNDA:0,(anonymous_0)
FNDA:0,(anonymous_1)
FNDA:0,(anonymous_2)
FNDA:0,(anonymous_3)
FNDA:0,(anonymous_4)
FNDA:0,(anonymous_5)
FNDA:0,(anonymous_6)
FNDA:0,(anonymous_7)
FNDA:0,(anonymous_8)
DA:19,0
DA:20,0
DA:21,0
DA:24,0
DA:25,0
DA:27,0
DA:31,0
DA:35,0
DA:37,0
DA:45,0
DA:46,0
DA:47,0
DA:50,0
DA:51,0
DA:52,0
DA:54,0
DA:55,0
DA:57,0
DA:58,0
DA:60,0
DA:61,0
DA:63,0
DA:64,0
DA:70,0
DA:74,0
DA:78,0
DA:82,0
DA:86,0
DA:90,0
DA:94,0
LF:30
LH:0
BRDA:19,0,0,0
BRDA:19,0,1,0
BRDA:24,1,0,0
BRDA:24,1,1,0
BRDA:35,2,0,0
BRDA:35,2,1,0
BRDA:46,3,0,0
BRDA:46,3,1,0
BRDA:50,4,0,0
BRDA:50,4,1,0
BRDA:51,5,0,0
BRDA:51,5,1,0
BRDA:52,6,0,0
BRDA:52,6,1,0
BRDA:52,6,2,0
BRDA:52,6,3,0
BRF:16
BRH:0
end_of_record
TN:
SF:src\utils\MemoryOptimizer.ts
FN:35,(anonymous_0)
FN:42,(anonymous_1)
FN:44,(anonymous_2)
FN:54,(anonymous_3)
FN:67,(anonymous_4)
FN:81,(anonymous_5)
FN:89,(anonymous_6)
FN:92,(anonymous_7)
FN:112,(anonymous_8)
FN:125,(anonymous_9)
FN:126,(anonymous_10)
FN:142,(anonymous_11)
FN:151,(anonymous_12)
FN:156,(anonymous_13)
FN:157,(anonymous_14)
FN:175,(anonymous_15)
FN:194,(anonymous_16)
FN:203,(anonymous_17)
FN:208,(anonymous_18)
FN:209,(anonymous_19)
FN:227,(anonymous_20)
FN:249,(anonymous_21)
FN:256,(anonymous_22)
FN:274,(anonymous_23)
FN:278,(anonymous_24)
FN:288,(anonymous_25)
FN:320,(anonymous_26)
FN:326,(anonymous_27)
FN:330,(anonymous_28)
FN:336,(anonymous_29)
FN:340,(anonymous_30)
FN:362,(anonymous_31)
FN:369,(anonymous_32)
FN:370,(anonymous_33)
FN:375,(anonymous_34)
FN:383,(anonymous_35)
FN:394,(anonymous_36)
FN:408,(anonymous_37)
FN:413,(anonymous_38)
FN:435,(anonymous_39)
FN:437,(anonymous_40)
FN:440,(anonymous_41)
FN:461,(anonymous_42)
FN:467,(anonymous_43)
FNF:44
FNH:0
FNDA:0,(anonymous_0)
FNDA:0,(anonymous_1)
FNDA:0,(anonymous_2)
FNDA:0,(anonymous_3)
FNDA:0,(anonymous_4)
FNDA:0,(anonymous_5)
FNDA:0,(anonymous_6)
FNDA:0,(anonymous_7)
FNDA:0,(anonymous_8)
FNDA:0,(anonymous_9)
FNDA:0,(anonymous_10)
FNDA:0,(anonymous_11)
FNDA:0,(anonymous_12)
FNDA:0,(anonymous_13)
FNDA:0,(anonymous_14)
FNDA:0,(anonymous_15)
FNDA:0,(anonymous_16)
FNDA:0,(anonymous_17)
FNDA:0,(anonymous_18)
FNDA:0,(anonymous_19)
FNDA:0,(anonymous_20)
FNDA:0,(anonymous_21)
FNDA:0,(anonymous_22)
FNDA:0,(anonymous_23)
FNDA:0,(anonymous_24)
FNDA:0,(anonymous_25)
FNDA:0,(anonymous_26)
FNDA:0,(anonymous_27)
FNDA:0,(anonymous_28)
FNDA:0,(anonymous_29)
FNDA:0,(anonymous_30)
FNDA:0,(anonymous_31)
FNDA:0,(anonymous_32)
FNDA:0,(anonymous_33)
FNDA:0,(anonymous_34)
FNDA:0,(anonymous_35)
FNDA:0,(anonymous_36)
FNDA:0,(anonymous_37)
FNDA:0,(anonymous_38)
FNDA:0,(anonymous_39)
FNDA:0,(anonymous_40)
FNDA:0,(anonymous_41)
FNDA:0,(anonymous_42)
FNDA:0,(anonymous_43)
DA:29,0
DA:30,0
DA:35,0
DA:36,0
DA:42,0
DA:43,0
DA:44,0
DA:46,0
DA:47,0
DA:48,0
DA:50,0
DA:51,0
DA:52,0
DA:54,0
DA:55,0
DA:56,0
DA:57,0
DA:60,0
DA:67,0
DA:81,0
DA:86,0
DA:87,0
DA:89,0
DA:92,0
DA:93,0
DA:94,0
DA:96,0
DA:98,0
DA:99,0
DA:100,0
DA:104,0
DA:105,0
DA:110,0
DA:112,0
DA:113,0
DA:114,0
DA:115,0
DA:117,0
DA:118,0
DA:119,0
DA:125,0
DA:126,0
DA:127,0
DA:142,0
DA:147,0
DA:148,0
DA:151,0
DA:152,0
DA:156,0
DA:157,0
DA:158,0
DA:159,0
DA:160,0
DA:162,0
DA:167,0
DA:168,0
DA:170,0
DA:171,0
DA:175,0
DA:176,0
DA:177,0
DA:178,0
DA:180,0
DA:181,0
DA:194,0
DA:199,0
DA:200,0
DA:203,0
DA:204,0
DA:208,0
DA:209,0
DA:210,0
DA:211,0
DA:212,0
DA:214,0
DA:219,0
DA:220,0
DA:222,0
DA:223,0
DA:227,0
DA:228,0
DA:229,0
DA:230,0
DA:232,0
DA:233,0
DA:249,0
DA:250,0
DA:251,0
DA:252,0
DA:253,0
DA:256,0
DA:257,0
DA:258,0
DA:266,0
DA:268,0
DA:274,0
DA:275,0
DA:278,0
DA:279,0
DA:280,0
DA:282,0
DA:285,0
DA:288,0
DA:289,0
DA:290,0
DA:291,0
DA:292,0
DA:295,0
DA:298,0
DA:301,0
DA:302,0
DA:303,0
DA:304,0
DA:305,0
DA:307,0
DA:320,0
DA:321,0
DA:322,0
DA:326,0
DA:327,0
DA:330,0
DA:331,0
DA:332,0
DA:336,0
DA:337,0
DA:340,0
DA:342,0
DA:362,0
DA:366,0
DA:367,0
DA:369,0
DA:370,0
DA:371,0
DA:375,0
DA:376,0
DA:377,0
DA:378,0
DA:379,0
DA:383,0
DA:385,0
DA:394,0
DA:399,0
DA:408,0
DA:413,0
DA:414,0
DA:415,0
DA:416,0
DA:418,0
DA:419,0
DA:424,0
DA:435,0
DA:436,0
DA:437,0
DA:440,0
DA:441,0
DA:443,0
DA:444,0
DA:447,0
DA:448,0
DA:453,0
DA:454,0
DA:461,0
DA:467,0
DA:468,0
DA:469,0
LF:165
LH:0
BRDA:84,0,0,0
BRDA:94,1,0,0
BRDA:94,1,1,0
BRDA:98,2,0,0
BRDA:98,2,1,0
BRDA:104,3,0,0
BRDA:104,3,1,0
BRDA:114,4,0,0
BRDA:114,4,1,0
BRDA:117,5,0,0
BRDA:117,5,1,0
BRDA:145,6,0,0
BRDA:158,7,0,0
BRDA:158,7,1,0
BRDA:167,8,0,0
BRDA:167,8,1,0
BRDA:170,9,0,0
BRDA:170,9,1,0
BRDA:176,10,0,0
BRDA:176,10,1,0
BRDA:180,11,0,0
BRDA:180,11,1,0
BRDA:197,12,0,0
BRDA:210,13,0,0
BRDA:210,13,1,0
BRDA:219,14,0,0
BRDA:219,14,1,0
BRDA:222,15,0,0
BRDA:222,15,1,0
BRDA:228,16,0,0
BRDA:228,16,1,0
BRDA:232,17,0,0
BRDA:232,17,1,0
BRDA:257,18,0,0
BRDA:257,18,1,0
BRDA:290,19,0,0
BRDA:290,19,1,0
BRDA:301,20,0,0
BRDA:301,20,1,0
BRDA:303,21,0,0
BRDA:303,21,1,0
BRDA:321,22,0,0
BRDA:321,22,1,0
BRDA:331,23,0,0
BRDA:331,23,1,0
BRDA:364,24,0,0
BRDA:376,25,0,0
BRDA:376,25,1,0
BRDA:378,26,0,0
BRDA:378,26,1,0
BRDA:397,27,0,0
BRDA:411,28,0,0
BRDA:418,29,0,0
BRDA:418,29,1,0
BRDA:418,30,0,0
BRDA:418,30,1,0
BRDA:435,31,0,0
BRDA:436,32,0,0
BRDA:436,32,1,0
BRDA:443,33,0,0
BRDA:443,33,1,0
BRDA:447,34,0,0
BRDA:447,34,1,0
BRDA:453,35,0,0
BRDA:453,35,1,0
BRF:65
BRH:0
end_of_record
TN:
SF:src\utils\MemoryUtils.ts
FN:9,(anonymous_0)
FN:22,(anonymous_1)
FN:33,(anonymous_2)
FN:43,(anonymous_3)
FN:59,(anonymous_4)
FN:75,(anonymous_5)
FN:84,(anonymous_6)
FN:108,secureMethod
FN:111,(anonymous_8)
FN:117,(anonymous_9)
FN:119,(anonymous_10)
FN:128,(anonymous_11)
FN:137,(anonymous_12)
FNF:13
FNH:0
FNDA:0,(anonymous_0)
FNDA:0,(anonymous_1)
FNDA:0,(anonymous_2)
FNDA:0,(anonymous_3)
FNDA:0,(anonymous_4)
FNDA:0,(anonymous_5)
FNDA:0,(anonymous_6)
FNDA:0,secureMethod
FNDA:0,(anonymous_8)
FNDA:0,(anonymous_9)
FNDA:0,(anonymous_10)
FNDA:0,(anonymous_11)
FNDA:0,(anonymous_12)
DA:10,0
DA:12,0
DA:13,0
DA:23,0
DA:26,0
DA:27,0
DA:34,0
DA:35,0
DA:37,0
DA:44,0
DA:45,0
DA:48,0
DA:49,0
DA:50,0
DA:53,0
DA:60,0
DA:61,0
DA:65,0
DA:66,0
DA:67,0
DA:69,0
DA:76,0
DA:77,0
DA:85,0
DA:88,0
DA:89,0
DA:90,0
DA:91,0
DA:92,0
DA:93,0
DA:94,0
DA:99,0
DA:100,0
DA:109,0
DA:111,0
DA:112,0
DA:113,0
DA:116,0
DA:117,0
DA:119,0
DA:120,0
DA:121,0
DA:128,0
DA:129,0
DA:130,0
DA:134,0
DA:137,0
DA:138,0
DA:139,0
DA:142,0
DA:146,0
LF:51
LH:0
BRDA:10,0,0,0
BRDA:10,0,1,0
BRDA:23,1,0,0
BRDA:23,1,1,0
BRDA:34,2,0,0
BRDA:34,2,1,0
BRDA:44,3,0,0
BRDA:44,3,1,0
BRDA:60,4,0,0
BRDA:60,4,1,0
BRDA:60,5,0,0
BRDA:60,5,1,0
BRDA:76,6,0,0
BRDA:76,6,1,0
BRDA:76,7,0,0
BRDA:76,7,1,0
BRDA:85,8,0,0
BRDA:85,8,1,0
BRDA:89,9,0,0
BRDA:89,9,1,0
BRDA:91,10,0,0
BRDA:91,10,1,0
BRDA:91,11,0,0
BRDA:91,11,1,0
BRDA:93,12,0,0
BRDA:93,12,1,0
BRDA:93,13,0,0
BRDA:93,13,1,0
BRDA:116,14,0,0
BRDA:116,14,1,0
BRDA:116,15,0,0
BRDA:116,15,1,0
BRDA:120,16,0,0
BRDA:120,16,1,0
BRDA:120,17,0,0
BRDA:120,17,1,0
BRDA:129,18,0,0
BRDA:129,18,1,0
BRDA:129,19,0,0
BRDA:129,19,1,0
BRDA:138,20,0,0
BRDA:138,20,1,0
BRDA:138,21,0,0
BRDA:138,21,1,0
BRF:44
BRH:0
end_of_record
TN:
SF:src\utils\withMemoryOptimization.tsx
FN:52,withMemoryOptimization
FN:64,(anonymous_1)
FN:74,(anonymous_2)
FN:93,(anonymous_3)
FN:100,(anonymous_4)
FN:126,(anonymous_5)
FN:153,withScreenMemoryOptimization
FN:170,withHeavyComputationOptimization
FN:187,withRealtimeOptimization
FN:195,(anonymous_9)
FN:212,(anonymous_10)
FN:227,createOptimizedMemoComponent
FN:240,MemoryOptimized
FN:241,(anonymous_13)
FNF:14
FNH:0
FNDA:0,withMemoryOptimization
FNDA:0,(anonymous_1)
FNDA:0,(anonymous_2)
FNDA:0,(anonymous_3)
FNDA:0,(anonymous_4)
FNDA:0,(anonymous_5)
FNDA:0,withScreenMemoryOptimization
FNDA:0,withHeavyComputationOptimization
FNDA:0,withRealtimeOptimization
FNDA:0,(anonymous_9)
FNDA:0,(anonymous_10)
FNDA:0,createOptimizedMemoComponent
FNDA:0,MemoryOptimized
FNDA:0,(anonymous_13)
DA:62,0
DA:64,0
DA:65,0
DA:66,0
DA:69,0
DA:74,0
DA:75,0
DA:76,0
DA:78,0
DA:79,0
DA:85,0
DA:93,0
DA:94,0
DA:100,0
DA:101,0
DA:103,0
DA:104,0
DA:105,0
DA:112,0
DA:113,0
DA:114,0
DA:116,0
DA:123,0
DA:126,0
DA:127,0
DA:128,0
DA:135,0
DA:139,0
DA:141,0
DA:157,0
DA:174,0
DA:191,0
DA:197,0
DA:212,0
DA:213,0
DA:218,0
DA:232,0
DA:233,0
DA:241,0
DA:242,0
LF:40
LH:0
BRDA:54,0,0,0
BRDA:57,1,0,0
BRDA:57,2,0,0
BRDA:57,2,1,0
BRDA:57,2,2,0
BRDA:58,3,0,0
BRDA:59,4,0,0
BRDA:60,5,0,0
BRDA:69,6,0,0
BRDA:69,6,1,0
BRDA:75,7,0,0
BRDA:75,7,1,0
BRDA:78,8,0,0
BRDA:78,8,1,0
BRDA:103,9,0,0
BRDA:103,9,1,0
BRDA:112,10,0,0
BRDA:112,10,1,0
BRDA:127,11,0,0
BRDA:127,11,1,0
BRDA:127,12,0,0
BRDA:127,12,1,0
BRDA:155,13,0,0
BRDA:172,14,0,0
BRDA:189,15,0,0
BRDA:212,16,0,0
BRDA:229,17,0,0
BRDA:240,18,0,0
BRF:28
BRH:0
end_of_record
